Requirement already satisfied: pandas in /opt/apps/software/MPI/GCC/7.3.0/OpenMPI/3.1.2/Python/3.6.6/lib/python3.6/site-packages/pandas-0.23.4-py3.6-linux-x86_64.egg (0.23.4)
Requirement already satisfied: python-dateutil>=2.5.0 in /opt/apps/software/MPI/GCC/7.3.0/OpenMPI/3.1.2/Python/3.6.6/lib/python3.6/site-packages/python_dateutil-2.7.3-py3.6.egg (from pandas) (2.7.3)
Requirement already satisfied: pytz>=2011k in /opt/apps/software/MPI/GCC/7.3.0/OpenMPI/3.1.2/Python/3.6.6/lib/python3.6/site-packages/pytz-2018.5-py3.6.egg (from pandas) (2018.5)
Requirement already satisfied: numpy>=1.9.0 in /opt/apps/software/MPI/GCC/7.3.0/OpenMPI/3.1.2/Python/3.6.6/lib/python3.6/site-packages/numpy-1.15.0-py3.6-linux-x86_64.egg (from pandas) (1.15.0)
Requirement already satisfied: six>=1.5 in /opt/apps/software/MPI/GCC/7.3.0/OpenMPI/3.1.2/Python/3.6.6/lib/python3.6/site-packages/six-1.11.0-py3.6.egg (from python-dateutil>=2.5.0->pandas) (1.11.0)
Requirement already satisfied: pytesseract in /home/jcm10/.local/lib/python3.6/site-packages (0.2.9)
Requirement already satisfied: Pillow in /home/jcm10/.local/lib/python3.6/site-packages (from pytesseract) (6.1.0)
Requirement already satisfied: PyPDF2 in /home/jcm10/.local/lib/python3.6/site-packages (1.26.0)
21
inputs
Time for OCR: 67.63525605201721 , 1565975160.693541
Time for OCR: 111.50569438934326 , 1565975272.199292
Time for OCR: 78.8339593410492 , 1565975351.0332935
Time for OCR: 98.34460258483887 , 1565975449.377943
Time for OCR: 101.2111074924469 , 1565975550.5890932
Time for OCR: 59.1583776473999 , 1565975609.747513
Time for OCR: 94.40761351585388 , 1565975704.1551743
Time for OCR: 112.76943826675415 , 1565975816.924659
Time for OCR: 71.72765040397644 , 1565975888.6523519
Time for OCR: 78.00522875785828 , 1565975966.657624
Time for OCR: 100.32160019874573 , 1565976066.9792678
Time for OCR: 79.23376154899597 , 1565976146.213077
Time for OCR: 75.1578278541565 , 1565976221.370948
Time for OCR: 80.2622332572937 , 1565976301.6332312
Time for OCR: 103.15347814559937 , 1565976404.786756
Time for OCR: 73.8474977016449 , 1565976478.6342986
Time for OCR: 95.97555613517761 , 1565976574.6099026
Time for OCR: 85.61644744873047 , 1565976660.2263935
Time for OCR: 76.38426685333252 , 1565976736.6107023
Time for OCR: 91.89054083824158 , 1565976828.5012884
Time for OCR: 70.91241717338562 , 1565976899.413751
Time for OCR: 93.83251285552979 , 1565976993.2463064
Time for OCR: 74.81328439712524 , 1565977068.0596383
Time for OCR: 90.97673010826111 , 1565977159.0364163
Time for OCR: 64.60269689559937 , 1565977223.6391573
Time for OCR: 80.24639010429382 , 1565977303.8855991
Time for OCR: 84.0094141960144 , 1565977387.8950582
Time for OCR: 94.64212775230408 , 1565977482.5372455
Time for OCR: 76.40009260177612 , 1565977558.9373798
Time for OCR: 87.05134892463684 , 1565977645.9887784
Time for OCR: 97.55957055091858 , 1565977743.5483923
Time for OCR: 125.59265732765198 , 1565977869.1410918
Time for OCR: 118.02200198173523 , 1565977987.1631362
Time for OCR: 83.24523591995239 , 1565978070.4084225
Time for OCR: 79.28327679634094 , 1565978149.691745
Time for OCR: 66.21278405189514 , 1565978215.904574
Time for OCR: 100.64703869819641 , 1565978316.5516558
Time for OCR: 76.85165214538574 , 1565978393.4033577
Time for OCR: 83.27265620231628 , 1565978476.6760662
Time for OCR: 86.9684042930603 , 1565978563.644517
Time for OCR: 55.70544147491455 , 1565978619.3500087
Time for OCR: 63.33748912811279 , 1565978682.6875415
Time for OCR: 45.032384157180786 , 1565978727.7199762
Time for OCR: 56.71199822425842 , 1565978784.4320207
Time for OCR: 56.95200181007385 , 1565978841.3840702
Time for OCR: 61.65478038787842 , 1565978903.0388932
Time for OCR: 78.06064176559448 , 1565978981.099582
Time for OCR: 53.196476459503174 , 1565979034.296106
Time for OCR: 78.26705479621887 , 1565979112.5632057
Time for OCR: 90.31721758842468 , 1565979202.880474
Time for OCR: 49.83887815475464 , 1565979252.719406
Time for OCR: 56.96950721740723 , 1565979309.6889555
Time for OCR: 72.72957587242126 , 1565979382.4185755
Time for OCR: 35.37831425666809 , 1565979417.7969334
Time for OCR: 57.42580032348633 , 1565979475.2227778
Time for OCR: 79.3164472579956 , 1565979554.539271
Time for OCR: 59.606403827667236 , 1565979614.1457222
Time for OCR: 93.35941982269287 , 1565979707.505189
Time for OCR: 63.04297757148743 , 1565979770.5482104
Time for OCR: 52.144776344299316 , 1565979822.693029
Time for OCR: 26.024884939193726 , 1565979848.7179596
Time for OCR: 71.21957540512085 , 1565979919.9375792
Time for OCR: 57.48672437667847 , 1565979977.4243464
Time for OCR: 32.18581700325012 , 1565980009.6102061
Time for OCR: 51.608094453811646 , 1565980061.218348
Time for OCR: 72.27841544151306 , 1565980133.4968112
Time for OCR: 53.83072876930237 , 1565980187.3275814
Time for OCR: 104.3385169506073 , 1565980291.6661417
Time for OCR: 68.53580331802368 , 1565980360.2019894
Time for OCR: 63.50894904136658 , 1565980423.710981
Time for OCR: 33.89851927757263 , 1565980457.609545
Time for OCR: 43.73841190338135 , 1565980501.3479996
Time for OCR: 63.4880735874176 , 1565980564.8361168
Time for OCR: 60.5805549621582 , 1565980625.416718
Time for OCR: 46.44067716598511 , 1565980671.857437
Time for OCR: 62.16350317001343 , 1565980734.0209846
Time for OCR: 50.22873330116272 , 1565980784.2497609
Time for OCR: 66.42688965797424 , 1565980850.676694
Time for OCR: 51.69724464416504 , 1565980902.3739815
Time for OCR: 59.01038694381714 , 1565980961.3844113
Time for OCR: 69.33675146102905 , 1565981030.721206
Time for OCR: 50.0354380607605 , 1565981080.7566981
Time for OCR: 85.04068875312805 , 1565981165.7974465
Time for OCR: 86.94100832939148 , 1565981252.7385066
