Requirement already satisfied: pandas in /opt/apps/software/MPI/GCC/7.3.0/OpenMPI/3.1.2/Python/3.6.6/lib/python3.6/site-packages/pandas-0.23.4-py3.6-linux-x86_64.egg (0.23.4)
Requirement already satisfied: python-dateutil>=2.5.0 in /opt/apps/software/MPI/GCC/7.3.0/OpenMPI/3.1.2/Python/3.6.6/lib/python3.6/site-packages/python_dateutil-2.7.3-py3.6.egg (from pandas) (2.7.3)
Requirement already satisfied: pytz>=2011k in /opt/apps/software/MPI/GCC/7.3.0/OpenMPI/3.1.2/Python/3.6.6/lib/python3.6/site-packages/pytz-2018.5-py3.6.egg (from pandas) (2018.5)
Requirement already satisfied: numpy>=1.9.0 in /opt/apps/software/MPI/GCC/7.3.0/OpenMPI/3.1.2/Python/3.6.6/lib/python3.6/site-packages/numpy-1.15.0-py3.6-linux-x86_64.egg (from pandas) (1.15.0)
Requirement already satisfied: six>=1.5 in /opt/apps/software/MPI/GCC/7.3.0/OpenMPI/3.1.2/Python/3.6.6/lib/python3.6/site-packages/six-1.11.0-py3.6.egg (from python-dateutil>=2.5.0->pandas) (1.11.0)
Requirement already satisfied: pytesseract in /home/jcm10/.local/lib/python3.6/site-packages (0.2.9)
Requirement already satisfied: Pillow in /home/jcm10/.local/lib/python3.6/site-packages (from pytesseract) (6.1.0)
Requirement already satisfied: PyPDF2 in /home/jcm10/.local/lib/python3.6/site-packages (1.26.0)
43
inputs
Time for OCR: 86.84900307655334 , 1565975179.7864153
Time for OCR: 74.73365998268127 , 1565975254.5201366
Time for OCR: 76.71356177330017 , 1565975331.2337432
Time for OCR: 100.2934296131134 , 1565975431.5272179
Time for OCR: 100.93899440765381 , 1565975532.4662626
Time for OCR: 80.43680500984192 , 1565975612.903118
Time for OCR: 107.59791421890259 , 1565975720.5010784
Time for OCR: 128.71560978889465 , 1565975849.2167351
Time for OCR: 62.759690046310425 , 1565975911.97647
Time for OCR: 96.64372968673706 , 1565976008.6202474
Time for OCR: 87.55210423469543 , 1565976096.1723967
Time for OCR: 88.68417406082153 , 1565976184.856621
Time for OCR: 65.94657230377197 , 1565976250.8032415
Time for OCR: 101.88445949554443 , 1565976352.687746
Time for OCR: 117.27197647094727 , 1565976469.9597704
Time for OCR: 89.07338690757751 , 1565976559.0332077
Time for OCR: 129.50199627876282 , 1565976688.5352502
Time for OCR: 112.09765577316284 , 1565976800.632954
Time for OCR: 103.52259802818298 , 1565976904.1555972
Time for OCR: 85.24165105819702 , 1565976989.397298
Time for OCR: 73.23026466369629 , 1565977062.6276116
Time for OCR: 111.77154970169067 , 1565977174.3992074
Time for OCR: 105.41457462310791 , 1565977279.8138316
Time for OCR: 114.80770230293274 , 1565977394.621578
Time for OCR: 70.40202784538269 , 1565977465.0236676
Time for OCR: 81.15491533279419 , 1565977546.1786299
Time for OCR: 79.15569925308228 , 1565977625.3343883
Time for OCR: 72.83741497993469 , 1565977698.1718488
Time for OCR: 111.91208457946777 , 1565977810.0839818
Time for OCR: 96.01584768295288 , 1565977906.0998769
Time for OCR: 73.34377217292786 , 1565977979.4436953
Time for OCR: 100.72301316261292 , 1565978080.1667542
Time for OCR: 115.04639291763306 , 1565978195.213195
Time for OCR: 59.963051319122314 , 1565978255.176293
Time for OCR: 90.06375169754028 , 1565978345.2400892
Time for OCR: 111.98263716697693 , 1565978457.2227733
Time for OCR: 88.71033430099487 , 1565978545.933154
Time for OCR: 88.46307420730591 , 1565978634.3962734
Time for OCR: 130.56034517288208 , 1565978764.9566698
Time for OCR: 92.49332022666931 , 1565978857.450035
Time for OCR: 83.54407048225403 , 1565978940.994154
Time for OCR: 105.59232068061829 , 1565979046.5865204
Time for OCR: 65.73775696754456 , 1565979112.3243227
Time for OCR: 81.61314797401428 , 1565979193.937518
Time for OCR: 47.76395511627197 , 1565979241.701521
Time for OCR: 48.475411891937256 , 1565979290.1769753
Time for OCR: 90.66633081436157 , 1565979380.8433566
Time for OCR: 61.363892555236816 , 1565979442.2072933
Time for OCR: 69.63068437576294 , 1565979511.8380213
Time for OCR: 68.33124327659607 , 1565979580.1693094
Time for OCR: 58.586836099624634 , 1565979638.7561922
Time for OCR: 45.90276765823364 , 1565979684.6590114
Time for OCR: 58.84778380393982 , 1565979743.5068398
Time for OCR: 41.502883195877075 , 1565979785.0097694
Time for OCR: 100.81147837638855 , 1565979885.821298
Time for OCR: 54.34136509895325 , 1565979940.1627166
Time for OCR: 75.9150037765503 , 1565980016.0777655
Time for OCR: 58.2908251285553 , 1565980074.3686404
Time for OCR: 71.95570397377014 , 1565980146.324391
Time for OCR: 70.91633653640747 , 1565980217.2407763
Time for OCR: 67.60390591621399 , 1565980284.8447268
Time for OCR: 62.63217544555664 , 1565980347.476948
Time for OCR: 51.77505612373352 , 1565980399.2520564
Time for OCR: 76.76917004585266 , 1565980476.021273
Time for OCR: 45.09817457199097 , 1565980521.119493
Time for OCR: 91.09400749206543 , 1565980612.2135444
Time for OCR: 63.782381772994995 , 1565980675.9959934
Time for OCR: 80.88022828102112 , 1565980756.8762712
Time for OCR: 57.67512130737305 , 1565980814.5514352
Time for OCR: 41.663410902023315 , 1565980856.2148907
Time for OCR: 79.01069068908691 , 1565980935.2256262
Time for OCR: 60.39159035682678 , 1565980995.6172602
Time for OCR: 84.86953377723694 , 1565981080.486839
Time for OCR: 59.64640831947327 , 1565981140.1332922
Time for OCR: 36.348183393478394 , 1565981176.4815228
Time for OCR: 78.28078556060791 , 1565981254.7623565
Time for OCR: 76.77404427528381 , 1565981331.5364456
Time for OCR: 70.52481269836426 , 1565981402.0613024
Time for OCR: 36.52059316635132 , 1565981438.5819392
Time for OCR: 95.71903467178345 , 1565981534.3010166
Time for OCR: 33.532416105270386 , 1565981567.8334796
Time for OCR: 86.8759412765503 , 1565981654.7094636
Time for OCR: 93.20520305633545 , 1565981747.9147139
Time for OCR: 77.52590250968933 , 1565981825.4406629
