Requirement already satisfied: pandas in /opt/apps/software/MPI/GCC/7.3.0/OpenMPI/3.1.2/Python/3.6.6/lib/python3.6/site-packages/pandas-0.23.4-py3.6-linux-x86_64.egg (0.23.4)
Requirement already satisfied: python-dateutil>=2.5.0 in /opt/apps/software/MPI/GCC/7.3.0/OpenMPI/3.1.2/Python/3.6.6/lib/python3.6/site-packages/python_dateutil-2.7.3-py3.6.egg (from pandas) (2.7.3)
Requirement already satisfied: pytz>=2011k in /opt/apps/software/MPI/GCC/7.3.0/OpenMPI/3.1.2/Python/3.6.6/lib/python3.6/site-packages/pytz-2018.5-py3.6.egg (from pandas) (2018.5)
Requirement already satisfied: numpy>=1.9.0 in /opt/apps/software/MPI/GCC/7.3.0/OpenMPI/3.1.2/Python/3.6.6/lib/python3.6/site-packages/numpy-1.15.0-py3.6-linux-x86_64.egg (from pandas) (1.15.0)
Requirement already satisfied: six>=1.5 in /opt/apps/software/MPI/GCC/7.3.0/OpenMPI/3.1.2/Python/3.6.6/lib/python3.6/site-packages/six-1.11.0-py3.6.egg (from python-dateutil>=2.5.0->pandas) (1.11.0)
Requirement already satisfied: pytesseract in /home/jcm10/.local/lib/python3.6/site-packages (0.2.9)
Requirement already satisfied: Pillow in /home/jcm10/.local/lib/python3.6/site-packages (from pytesseract) (6.1.0)
Requirement already satisfied: PyPDF2 in /home/jcm10/.local/lib/python3.6/site-packages (1.26.0)
16
inputs
Time for OCR: 69.6092574596405 , 1565975162.8530354
Time for OCR: 73.08965587615967 , 1565975235.9427538
Time for OCR: 93.51974940299988 , 1565975329.4625552
Time for OCR: 88.38205790519714 , 1565975417.844658
Time for OCR: 70.97010731697083 , 1565975488.814809
Time for OCR: 91.17241549491882 , 1565975579.9872696
Time for OCR: 87.39827299118042 , 1565975667.3855875
Time for OCR: 140.45125770568848 , 1565975807.836889
Time for OCR: 54.076128244400024 , 1565975861.9130647
Time for OCR: 71.60134816169739 , 1565975933.5144582
Time for OCR: 84.16492581367493 , 1565976017.679448
Time for OCR: 44.97049403190613 , 1565976062.649985
Time for OCR: 88.41597056388855 , 1565976151.065998
Time for OCR: 126.59469652175903 , 1565976277.660741
Time for OCR: 134.4312400817871 , 1565976412.0920253
Time for OCR: 117.40331816673279 , 1565976529.4953902
Time for OCR: 73.0560998916626 , 1565976602.551535
Time for OCR: 99.14715957641602 , 1565976701.6987402
Time for OCR: 63.14341449737549 , 1565976764.8421998
Time for OCR: 75.96915626525879 , 1565976840.8114116
Time for OCR: 74.21181869506836 , 1565976915.0232763
Time for OCR: 70.17734694480896 , 1565976985.2006705
Time for OCR: 89.0425112247467 , 1565977074.2432294
Time for OCR: 86.019522190094 , 1565977160.2627985
Time for OCR: 74.52564072608948 , 1565977234.7884881
Time for OCR: 62.84709024429321 , 1565977297.6356342
Time for OCR: 58.67664861679077 , 1565977356.3123267
Time for OCR: 96.76066613197327 , 1565977453.0730405
Time for OCR: 80.86978960037231 , 1565977533.9428854
Time for OCR: 87.6503472328186 , 1565977621.593282
Time for OCR: 79.78331279754639 , 1565977701.3766418
Time for OCR: 106.3292236328125 , 1565977807.7059088
Time for OCR: 84.52749848365784 , 1565977892.2334504
Time for OCR: 113.10760378837585 , 1565978005.3411012
Time for OCR: 106.04960298538208 , 1565978111.3907504
Time for OCR: 65.69367170333862 , 1565978177.0844705
Time for OCR: 100.16790175437927 , 1565978277.2524257
Time for OCR: 35.14488482475281 , 1565978312.3973591
Time for OCR: 69.9450306892395 , 1565978382.342434
Time for OCR: 70.32798480987549 , 1565978452.670469
Time for OCR: 65.2956531047821 , 1565978517.9661756
Time for OCR: 122.03598356246948 , 1565978640.0022016
Time for OCR: 46.26039528846741 , 1565978686.262644
Time for OCR: 50.58773422241211 , 1565978736.8504224
Time for OCR: 71.18491983413696 , 1565978808.035388
Time for OCR: 49.01254963874817 , 1565978857.047987
Time for OCR: 20.537758350372314 , 1565978877.5857885
Time for OCR: 93.6393826007843 , 1565978971.2252116
Time for OCR: 61.96444916725159 , 1565979033.1897044
Time for OCR: 39.80755090713501 , 1565979072.997297
Time for OCR: 24.580846786499023 , 1565979097.5781898
Time for OCR: 94.66395139694214 , 1565979192.242191
Time for OCR: 22.43984293937683 , 1565979214.6820765
Time for OCR: 56.050814390182495 , 1565979270.7329412
Time for OCR: 82.31510663032532 , 1565979353.0480947
Time for OCR: 77.83496308326721 , 1565979430.8831027
Time for OCR: 84.9136893749237 , 1565979515.7968361
Time for OCR: 116.81588625907898 , 1565979632.6127753
Time for OCR: 62.83162307739258 , 1565979695.4444458
Time for OCR: 68.89225435256958 , 1565979764.336746
Time for OCR: 20.33315134048462 , 1565979784.6699433
Time for OCR: 62.69165372848511 , 1565979847.3616428
Time for OCR: 19.45673632621765 , 1565979866.8184257
Time for OCR: 43.48627996444702 , 1565979910.30475
Time for OCR: 82.6190721988678 , 1565979992.9238696
Time for OCR: 80.32576704025269 , 1565980073.2496865
Time for OCR: 68.68298530578613 , 1565980141.9327278
Time for OCR: 74.42899918556213 , 1565980216.3617718
Time for OCR: 63.003986835479736 , 1565980279.365814
Time for OCR: 73.89551997184753 , 1565980353.261378
Time for OCR: 56.07329273223877 , 1565980409.3347118
Time for OCR: 59.297343492507935 , 1565980468.6321003
Time for OCR: 110.50474905967712 , 1565980579.1368964
Time for OCR: 81.10513687133789 , 1565980660.2420785
Time for OCR: 68.52544569969177 , 1565980728.7675676
Time for OCR: 87.40960812568665 , 1565980816.1772265
Time for OCR: 86.69475173950195 , 1565980902.8720245
Time for OCR: 64.17280340194702 , 1565980967.0448744
Time for OCR: 65.75234651565552 , 1565981032.7972636
Time for OCR: 90.09458494186401 , 1565981122.891903
Time for OCR: 74.26008915901184 , 1565981197.1520464
Time for OCR: 64.89934229850769 , 1565981262.0514455
Time for OCR: 76.82989835739136 , 1565981338.8814075
Time for OCR: 87.00511574745178 , 1565981425.8865795
