Requirement already satisfied: pandas in /opt/apps/software/MPI/GCC/7.3.0/OpenMPI/3.1.2/Python/3.6.6/lib/python3.6/site-packages/pandas-0.23.4-py3.6-linux-x86_64.egg (0.23.4)
Requirement already satisfied: python-dateutil>=2.5.0 in /opt/apps/software/MPI/GCC/7.3.0/OpenMPI/3.1.2/Python/3.6.6/lib/python3.6/site-packages/python_dateutil-2.7.3-py3.6.egg (from pandas) (2.7.3)
Requirement already satisfied: pytz>=2011k in /opt/apps/software/MPI/GCC/7.3.0/OpenMPI/3.1.2/Python/3.6.6/lib/python3.6/site-packages/pytz-2018.5-py3.6.egg (from pandas) (2018.5)
Requirement already satisfied: numpy>=1.9.0 in /opt/apps/software/MPI/GCC/7.3.0/OpenMPI/3.1.2/Python/3.6.6/lib/python3.6/site-packages/numpy-1.15.0-py3.6-linux-x86_64.egg (from pandas) (1.15.0)
Requirement already satisfied: six>=1.5 in /opt/apps/software/MPI/GCC/7.3.0/OpenMPI/3.1.2/Python/3.6.6/lib/python3.6/site-packages/six-1.11.0-py3.6.egg (from python-dateutil>=2.5.0->pandas) (1.11.0)
Requirement already satisfied: pytesseract in /home/jcm10/.local/lib/python3.6/site-packages (0.2.9)
Requirement already satisfied: Pillow in /home/jcm10/.local/lib/python3.6/site-packages (from pytesseract) (6.1.0)
Requirement already satisfied: PyPDF2 in /home/jcm10/.local/lib/python3.6/site-packages (1.26.0)
13
inputs
Time for OCR: 83.21522903442383 , 1565975176.1816063
Time for OCR: 75.05198240280151 , 1565975251.2336512
Time for OCR: 93.81390023231506 , 1565975345.0475981
Time for OCR: 82.71820569038391 , 1565975427.7658553
Time for OCR: 87.11566305160522 , 1565975514.8815627
Time for OCR: 67.6557548046112 , 1565975582.5373642
Time for OCR: 88.0247094631195 , 1565975670.5621245
Time for OCR: 114.70393228530884 , 1565975785.2661014
Time for OCR: 90.45023679733276 , 1565975875.7163854
Time for OCR: 81.24603843688965 , 1565975956.9624703
Time for OCR: 78.48052334785461 , 1565976035.44305
Time for OCR: 97.29142475128174 , 1565976132.7345195
Time for OCR: 99.99219036102295 , 1565976232.726758
Time for OCR: 106.04272699356079 , 1565976338.7695348
Time for OCR: 114.66345191001892 , 1565976453.4330318
Time for OCR: 70.45475935935974 , 1565976523.8878434
Time for OCR: 87.36370015144348 , 1565976611.2515895
Time for OCR: 87.66798567771912 , 1565976698.9196222
Time for OCR: 161.82652974128723 , 1565976860.7461967
Time for OCR: 97.90784764289856 , 1565976958.65409
Time for OCR: 108.2835066318512 , 1565977066.9376388
Time for OCR: 117.26943612098694 , 1565977184.20713
Time for OCR: 349.32084035873413 , 1565977533.5280166
Time for OCR: 73.80960607528687 , 1565977607.3376663
Time for OCR: 86.4313452243805 , 1565977693.7690566
Time for OCR: 100.43455028533936 , 1565977794.2036529
Time for OCR: 58.335782527923584 , 1565977852.5394864
Time for OCR: 67.56906509399414 , 1565977920.1086025
Time for OCR: 69.55276298522949 , 1565977989.661413
Time for OCR: 39.648139238357544 , 1565978029.3095977
Time for OCR: 84.52473187446594 , 1565978113.8343854
Time for OCR: 138.28395223617554 , 1565978252.1183805
Time for OCR: 115.0755398273468 , 1565978367.1939664
Time for OCR: 75.38480186462402 , 1565978442.578814
Time for OCR: 80.46236252784729 , 1565978523.0412247
Time for OCR: 92.69781017303467 , 1565978615.7390823
Time for OCR: 90.29687881469727 , 1565978706.0360067
Time for OCR: 96.07497024536133 , 1565978802.1110237
Time for OCR: 102.03857779502869 , 1565978904.149647
Time for OCR: 65.75251984596252 , 1565978969.9022174
Time for OCR: 84.16998291015625 , 1565979054.0722435
Time for OCR: 87.50522994995117 , 1565979141.577518
Time for OCR: 53.07018756866455 , 1565979194.6477551
Time for OCR: 59.39433813095093 , 1565979254.0421388
Time for OCR: 79.26830077171326 , 1565979333.3104897
Time for OCR: 55.25923299789429 , 1565979388.569781
Time for OCR: 65.316251039505 , 1565979453.8860762
Time for OCR: 81.39472270011902 , 1565979535.280846
Time for OCR: 56.213207721710205 , 1565979591.494096
Time for OCR: 53.03887891769409 , 1565979644.5330222
Time for OCR: 98.26575446128845 , 1565979742.7988226
Time for OCR: 88.7875485420227 , 1565979831.5864215
Time for OCR: 80.95423483848572 , 1565979912.540701
Time for OCR: 55.82848787307739 , 1565979968.3692417
Time for OCR: 56.41249489784241 , 1565980024.781782
Time for OCR: 74.28145265579224 , 1565980099.0632803
Time for OCR: 52.357415199279785 , 1565980151.4207408
Time for OCR: 55.372942209243774 , 1565980206.79373
Time for OCR: 95.09705948829651 , 1565980301.8908372
Time for OCR: 73.30342435836792 , 1565980375.1943066
Time for OCR: 64.5868456363678 , 1565980439.7811992
Time for OCR: 54.9554808139801 , 1565980494.736725
Time for OCR: 44.24820637702942 , 1565980538.9849842
Time for OCR: 60.90059733390808 , 1565980599.885632
Time for OCR: 54.74401259422302 , 1565980654.6296895
Time for OCR: 78.15874576568604 , 1565980732.788481
Time for OCR: 45.58289313316345 , 1565980778.3714364
Time for OCR: 71.81380987167358 , 1565980850.185292
Time for OCR: 63.06646680831909 , 1565980913.2518077
Time for OCR: 47.13296556472778 , 1565980960.3848221
Time for OCR: 66.99910497665405 , 1565981027.383973
Time for OCR: 56.19516468048096 , 1565981083.5791936
Time for OCR: 82.77160787582397 , 1565981166.3508556
Time for OCR: 22.427966833114624 , 1565981188.7788758
Time for OCR: 75.59179091453552 , 1565981264.3707244
Time for OCR: 76.94589328765869 , 1565981341.3166788
Time for OCR: 84.95555400848389 , 1565981426.2722864
Time for OCR: 47.826629638671875 , 1565981474.0989664
Time for OCR: 32.793455362319946 , 1565981506.8924806
Time for OCR: 41.50807285308838 , 1565981548.4006317
Time for OCR: 56.706671953201294 , 1565981605.1073525
Time for OCR: 56.135475397109985 , 1565981661.242879
Time for OCR: 73.68029952049255 , 1565981734.923227
Time for OCR: 58.422666788101196 , 1565981793.345945
