Requirement already satisfied: pandas in /opt/apps/software/MPI/GCC/7.3.0/OpenMPI/3.1.2/Python/3.6.6/lib/python3.6/site-packages/pandas-0.23.4-py3.6-linux-x86_64.egg (0.23.4)
Requirement already satisfied: python-dateutil>=2.5.0 in /opt/apps/software/MPI/GCC/7.3.0/OpenMPI/3.1.2/Python/3.6.6/lib/python3.6/site-packages/python_dateutil-2.7.3-py3.6.egg (from pandas) (2.7.3)
Requirement already satisfied: pytz>=2011k in /opt/apps/software/MPI/GCC/7.3.0/OpenMPI/3.1.2/Python/3.6.6/lib/python3.6/site-packages/pytz-2018.5-py3.6.egg (from pandas) (2018.5)
Requirement already satisfied: numpy>=1.9.0 in /opt/apps/software/MPI/GCC/7.3.0/OpenMPI/3.1.2/Python/3.6.6/lib/python3.6/site-packages/numpy-1.15.0-py3.6-linux-x86_64.egg (from pandas) (1.15.0)
Requirement already satisfied: six>=1.5 in /opt/apps/software/MPI/GCC/7.3.0/OpenMPI/3.1.2/Python/3.6.6/lib/python3.6/site-packages/six-1.11.0-py3.6.egg (from python-dateutil>=2.5.0->pandas) (1.11.0)
Requirement already satisfied: pytesseract in /home/jcm10/.local/lib/python3.6/site-packages (0.2.9)
Requirement already satisfied: Pillow in /home/jcm10/.local/lib/python3.6/site-packages (from pytesseract) (6.1.0)
Requirement already satisfied: PyPDF2 in /home/jcm10/.local/lib/python3.6/site-packages (1.26.0)
19
inputs
Time for OCR: 53.706897497177124 , 1565975146.6737344
Time for OCR: 83.80580711364746 , 1565975230.4796066
Time for OCR: 93.70913076400757 , 1565975324.1888037
Time for OCR: 94.47837567329407 , 1565975418.6672387
Time for OCR: 80.0807843208313 , 1565975498.748073
Time for OCR: 72.80818319320679 , 1565975571.556305
Time for OCR: 79.06240963935852 , 1565975650.6187596
Time for OCR: 76.88108706474304 , 1565975727.4998984
Time for OCR: 64.14549589157104 , 1565975791.6454403
Time for OCR: 91.51247048377991 , 1565975883.1579576
Time for OCR: 90.07747173309326 , 1565975973.2354798
Time for OCR: 80.93620944023132 , 1565976054.171758
Time for OCR: 53.659873485565186 , 1565976107.8316784
Time for OCR: 57.08462572097778 , 1565976164.916351
Time for OCR: 63.8035409450531 , 1565976228.7199378
Time for OCR: 79.6664707660675 , 1565976308.3864553
Time for OCR: 94.74838829040527 , 1565976403.1349046
Time for OCR: 75.87758469581604 , 1565976479.012536
Time for OCR: 87.5543463230133 , 1565976566.5669312
Time for OCR: 100.20719742774963 , 1565976666.7741768
Time for OCR: 73.57268619537354 , 1565976740.3469152
Time for OCR: 103.8367440700531 , 1565976844.183707
Time for OCR: 77.26573204994202 , 1565976921.4494867
Time for OCR: 64.36456775665283 , 1565976985.814112
Time for OCR: 102.9150972366333 , 1565977088.7292516
Time for OCR: 100.76985716819763 , 1565977189.4991658
Time for OCR: 67.30851984024048 , 1565977256.807727
Time for OCR: 103.39666318893433 , 1565977360.2044353
Time for OCR: 65.35230135917664 , 1565977425.5567822
Time for OCR: 78.03276753425598 , 1565977503.5896018
Time for OCR: 80.81586360931396 , 1565977584.4055128
Time for OCR: 107.33526396751404 , 1565977691.7408268
Time for OCR: 77.71470546722412 , 1565977769.4555762
Time for OCR: 103.04751634597778 , 1565977872.5031443
Time for OCR: 121.43849897384644 , 1565977993.94169
Time for OCR: 53.791473388671875 , 1565978047.7332108
Time for OCR: 66.66568398475647 , 1565978114.3989415
Time for OCR: 99.17387509346008 , 1565978213.5728657
Time for OCR: 98.12767314910889 , 1565978311.7005866
Time for OCR: 72.84035086631775 , 1565978384.540986
Time for OCR: 74.83969616889954 , 1565978459.3807302
Time for OCR: 58.4983811378479 , 1565978517.8791573
Time for OCR: 39.830326557159424 , 1565978557.709531
Time for OCR: 60.32948279380798 , 1565978618.039062
Time for OCR: 55.44931602478027 , 1565978673.4884365
Time for OCR: 74.43257117271423 , 1565978747.921054
Time for OCR: 65.29171133041382 , 1565978813.2128165
Time for OCR: 53.78776812553406 , 1565978867.0006287
Time for OCR: 38.50889539718628 , 1565978905.5095723
Time for OCR: 80.06729817390442 , 1565978985.5769148
Time for OCR: 61.29745697975159 , 1565979046.8744164
Time for OCR: 53.135470151901245 , 1565979100.0099335
Time for OCR: 73.06675481796265 , 1565979173.076737
Time for OCR: 73.14806580543518 , 1565979246.22485
Time for OCR: 58.553165674209595 , 1565979304.7780685
Time for OCR: 86.07821321487427 , 1565979390.8563306
Time for OCR: 77.32250809669495 , 1565979468.178886
Time for OCR: 60.92845964431763 , 1565979529.1073906
Time for OCR: 45.85541534423828 , 1565979574.962857
Time for OCR: 61.26491355895996 , 1565979636.2278135
Time for OCR: 71.03722643852234 , 1565979707.2650855
Time for OCR: 58.73872470855713 , 1565979766.0038543
Time for OCR: 64.45168924331665 , 1565979830.4555902
Time for OCR: 68.24804925918579 , 1565979898.7036865
Time for OCR: 44.260008573532104 , 1565979942.963742
Time for OCR: 74.60245561599731 , 1565980017.5662413
Time for OCR: 57.35499167442322 , 1565980074.9212887
Time for OCR: 65.04811525344849 , 1565980139.9694524
Time for OCR: 43.03197622299194 , 1565980183.00149
Time for OCR: 73.6373815536499 , 1565980256.638929
Time for OCR: 70.2216808795929 , 1565980326.8606582
Time for OCR: 63.57729697227478 , 1565980390.4380004
Time for OCR: 54.217586040496826 , 1565980444.6556354
Time for OCR: 74.8196849822998 , 1565980519.475366
Time for OCR: 69.60306310653687 , 1565980589.078479
Time for OCR: 99.3946430683136 , 1565980688.473183
Time for OCR: 107.32360768318176 , 1565980795.7968373
Time for OCR: 55.425726652145386 , 1565980851.2226133
Time for OCR: 85.7835762500763 , 1565980937.006238
Time for OCR: 76.41197443008423 , 1565981013.4182606
Time for OCR: 48.28666877746582 , 1565981061.7049878
Time for OCR: 67.71386885643005 , 1565981129.4189217
Time for OCR: 93.34630846977234 , 1565981222.7652798
Time for OCR: 100.3619327545166 , 1565981323.127267
