Requirement already satisfied: pandas in /opt/apps/software/MPI/GCC/7.3.0/OpenMPI/3.1.2/Python/3.6.6/lib/python3.6/site-packages/pandas-0.23.4-py3.6-linux-x86_64.egg (0.23.4)
Requirement already satisfied: python-dateutil>=2.5.0 in /opt/apps/software/MPI/GCC/7.3.0/OpenMPI/3.1.2/Python/3.6.6/lib/python3.6/site-packages/python_dateutil-2.7.3-py3.6.egg (from pandas) (2.7.3)
Requirement already satisfied: pytz>=2011k in /opt/apps/software/MPI/GCC/7.3.0/OpenMPI/3.1.2/Python/3.6.6/lib/python3.6/site-packages/pytz-2018.5-py3.6.egg (from pandas) (2018.5)
Requirement already satisfied: numpy>=1.9.0 in /opt/apps/software/MPI/GCC/7.3.0/OpenMPI/3.1.2/Python/3.6.6/lib/python3.6/site-packages/numpy-1.15.0-py3.6-linux-x86_64.egg (from pandas) (1.15.0)
Requirement already satisfied: six>=1.5 in /opt/apps/software/MPI/GCC/7.3.0/OpenMPI/3.1.2/Python/3.6.6/lib/python3.6/site-packages/six-1.11.0-py3.6.egg (from python-dateutil>=2.5.0->pandas) (1.11.0)
Requirement already satisfied: pytesseract in /home/jcm10/.local/lib/python3.6/site-packages (0.2.9)
Requirement already satisfied: Pillow in /home/jcm10/.local/lib/python3.6/site-packages (from pytesseract) (6.1.0)
Requirement already satisfied: PyPDF2 in /home/jcm10/.local/lib/python3.6/site-packages (1.26.0)
4
inputs
Time for OCR: 88.70800423622131 , 1565975181.6722705
Time for OCR: 86.50575184822083 , 1565975268.1780818
Time for OCR: 93.07050275802612 , 1565975361.248631
Time for OCR: 106.35768222808838 , 1565975467.6063604
Time for OCR: 110.12081384658813 , 1565975577.7272177
Time for OCR: 99.0869972705841 , 1565975676.8142548
Time for OCR: 93.71186685562134 , 1565975770.526163
Time for OCR: 55.71046471595764 , 1565975826.23667
Time for OCR: 86.63981080055237 , 1565975912.876526
Time for OCR: 65.32057070732117 , 1565975978.1971548
Time for OCR: 77.3987557888031 , 1565976055.5959575
Time for OCR: 69.95607566833496 , 1565976125.5520794
Time for OCR: 88.85520267486572 , 1565976214.4073296
Time for OCR: 102.00802206993103 , 1565976316.415394
Time for OCR: 106.94665288925171 , 1565976423.3620903
Time for OCR: 100.2281551361084 , 1565976523.5902905
Time for OCR: 76.82559609413147 , 1565976600.4159384
Time for OCR: 85.96937441825867 , 1565976686.385354
Time for OCR: 70.18848824501038 , 1565976756.573886
Time for OCR: 77.98203420639038 , 1565976834.555966
Time for OCR: 100.84744167327881 , 1565976935.4034498
Time for OCR: 121.35920429229736 , 1565977056.7626987
Time for OCR: 91.62307858467102 , 1565977148.385824
Time for OCR: 122.76242876052856 , 1565977271.1482918
Time for OCR: 73.73672580718994 , 1565977344.885064
Time for OCR: 89.18982911109924 , 1565977434.0749373
Time for OCR: 68.77851152420044 , 1565977502.8534985
Time for OCR: 66.60681390762329 , 1565977569.4603684
Time for OCR: 75.04973649978638 , 1565977644.5101511
Time for OCR: 104.38044381141663 , 1565977748.8906443
Time for OCR: 70.35329413414001 , 1565977819.2439902
Time for OCR: 55.305023193359375 , 1565977874.549058
Time for OCR: 83.65804529190063 , 1565977958.2071464
Time for OCR: 62.32756996154785 , 1565978020.5347607
Time for OCR: 69.9450011253357 , 1565978090.4798098
Time for OCR: 70.05751180648804 , 1565978160.537363
Time for OCR: 89.50977826118469 , 1565978250.0471852
Time for OCR: 78.51212549209595 , 1565978328.559352
Time for OCR: 73.8407289981842 , 1565978402.4001231
Time for OCR: 78.59954047203064 , 1565978480.9997106
Time for OCR: 64.77008581161499 , 1565978545.7698386
Time for OCR: 103.77048873901367 , 1565978649.5403712
Time for OCR: 53.27826452255249 , 1565978702.818677
Time for OCR: 70.36066460609436 , 1565978773.1793919
Time for OCR: 85.5443434715271 , 1565978858.72378
Time for OCR: 68.81422281265259 , 1565978927.5380454
Time for OCR: 63.07181930541992 , 1565978990.6099095
Time for OCR: 64.13240027427673 , 1565979054.7423518
Time for OCR: 92.8680899143219 , 1565979147.6104817
Time for OCR: 64.98694109916687 , 1565979212.5974815
Time for OCR: 71.87478685379028 , 1565979284.472328
Time for OCR: 54.440385818481445 , 1565979338.9127605
Time for OCR: 66.3123414516449 , 1565979405.225148
Time for OCR: 83.60571527481079 , 1565979488.8309104
Time for OCR: 61.052366971969604 , 1565979549.883322
Time for OCR: 72.87411499023438 , 1565979622.7574804
Time for OCR: 30.762907028198242 , 1565979653.5204408
Time for OCR: 72.01373410224915 , 1565979725.53422
Time for OCR: 71.61718463897705 , 1565979797.1514533
Time for OCR: 67.91019129753113 , 1565979865.0616891
Time for OCR: 78.19252419471741 , 1565979943.2542567
Time for OCR: 39.80005359649658 , 1565979983.0543537
Time for OCR: 81.50445747375488 , 1565980064.558857
Time for OCR: 82.06625604629517 , 1565980146.625155
Time for OCR: 83.50093173980713 , 1565980230.12613
Time for OCR: 75.91204738616943 , 1565980306.0382216
Time for OCR: 72.80342507362366 , 1565980378.8417017
Time for OCR: 60.55762815475464 , 1565980439.399373
Time for OCR: 61.29848384857178 , 1565980500.6978996
Time for OCR: 58.476871967315674 , 1565980559.1748176
Time for OCR: 71.68582391738892 , 1565980630.860696
Time for OCR: 53.75872325897217 , 1565980684.6194625
Time for OCR: 113.14670181274414 , 1565980797.7662187
Time for OCR: 76.79406404495239 , 1565980874.5603278
Time for OCR: 71.18734645843506 , 1565980945.747722
Time for OCR: 73.3702278137207 , 1565981019.118003
Time for OCR: 89.17882657051086 , 1565981108.2968884
Time for OCR: 59.299901723861694 , 1565981167.5968463
Time for OCR: 75.86288070678711 , 1565981243.459783
Time for OCR: 57.75205326080322 , 1565981301.2118979
Time for OCR: 70.67942476272583 , 1565981371.8913789
Time for OCR: 67.55099368095398 , 1565981439.4424264
Time for OCR: 53.01940321922302 , 1565981492.4618862
Time for OCR: 88.54587364196777 , 1565981581.0078142
Time for OCR: 94.86758041381836 , 1565981675.8754485
