Requirement already satisfied: pandas in /opt/apps/software/MPI/GCC/7.3.0/OpenMPI/3.1.2/Python/3.6.6/lib/python3.6/site-packages/pandas-0.23.4-py3.6-linux-x86_64.egg (0.23.4)
Requirement already satisfied: python-dateutil>=2.5.0 in /opt/apps/software/MPI/GCC/7.3.0/OpenMPI/3.1.2/Python/3.6.6/lib/python3.6/site-packages/python_dateutil-2.7.3-py3.6.egg (from pandas) (2.7.3)
Requirement already satisfied: pytz>=2011k in /opt/apps/software/MPI/GCC/7.3.0/OpenMPI/3.1.2/Python/3.6.6/lib/python3.6/site-packages/pytz-2018.5-py3.6.egg (from pandas) (2018.5)
Requirement already satisfied: numpy>=1.9.0 in /opt/apps/software/MPI/GCC/7.3.0/OpenMPI/3.1.2/Python/3.6.6/lib/python3.6/site-packages/numpy-1.15.0-py3.6-linux-x86_64.egg (from pandas) (1.15.0)
Requirement already satisfied: six>=1.5 in /opt/apps/software/MPI/GCC/7.3.0/OpenMPI/3.1.2/Python/3.6.6/lib/python3.6/site-packages/six-1.11.0-py3.6.egg (from python-dateutil>=2.5.0->pandas) (1.11.0)
Requirement already satisfied: pytesseract in /home/jcm10/.local/lib/python3.6/site-packages (0.2.9)
Requirement already satisfied: Pillow in /home/jcm10/.local/lib/python3.6/site-packages (from pytesseract) (6.1.0)
Requirement already satisfied: PyPDF2 in /home/jcm10/.local/lib/python3.6/site-packages (1.26.0)
11
inputs
Time for OCR: 101.63539361953735 , 1565975194.6001856
Time for OCR: 113.05936241149902 , 1565975307.659609
Time for OCR: 89.26438999176025 , 1565975396.9240475
Time for OCR: 90.34030151367188 , 1565975487.264396
Time for OCR: 104.42161440849304 , 1565975591.68606
Time for OCR: 77.26255106925964 , 1565975668.9486563
Time for OCR: 71.51033282279968 , 1565975740.4590375
Time for OCR: 67.53957033157349 , 1565975807.9986532
Time for OCR: 89.81983852386475 , 1565975897.81854
Time for OCR: 92.16175699234009 , 1565975989.9803464
Time for OCR: 69.42566800117493 , 1565976059.4060729
Time for OCR: 73.54140186309814 , 1565976132.9475207
Time for OCR: 69.03167295455933 , 1565976201.9792416
Time for OCR: 92.41943979263306 , 1565976294.3987303
Time for OCR: 61.96093702316284 , 1565976356.3597229
Time for OCR: 83.45167970657349 , 1565976439.8114452
Time for OCR: 67.40978240966797 , 1565976507.2212734
Time for OCR: 73.3800938129425 , 1565976580.6014159
Time for OCR: 80.43976068496704 , 1565976661.0412238
Time for OCR: 135.38932013511658 , 1565976796.4305933
Time for OCR: 130.849769115448 , 1565976927.2804086
Time for OCR: 90.73685193061829 , 1565977018.0173068
Time for OCR: 28.156161308288574 , 1565977046.1735132
Time for OCR: 82.84549689292908 , 1565977129.0190594
Time for OCR: 60.78091812133789 , 1565977189.8000228
Time for OCR: 98.38945007324219 , 1565977288.1895216
Time for OCR: 106.43042063713074 , 1565977394.6199934
Time for OCR: 89.16132879257202 , 1565977483.7813857
Time for OCR: 69.55916905403137 , 1565977553.3406026
Time for OCR: 80.10493612289429 , 1565977633.4455874
Time for OCR: 101.2770299911499 , 1565977734.7226644
Time for OCR: 88.58812522888184 , 1565977823.3108342
Time for OCR: 117.64796590805054 , 1565977940.9588485
Time for OCR: 98.08064413070679 , 1565978039.0395386
Time for OCR: 67.69028902053833 , 1565978106.7298775
Time for OCR: 81.49646878242493 , 1565978188.2263913
Time for OCR: 91.20255470275879 , 1565978279.4289973
Time for OCR: 87.80887389183044 , 1565978367.2379177
Time for OCR: 69.31919026374817 , 1565978436.557155
Time for OCR: 100.73767805099487 , 1565978537.294882
Time for OCR: 87.30326676368713 , 1565978624.5981982
Time for OCR: 82.17450046539307 , 1565978706.77275
Time for OCR: 26.355397701263428 , 1565978733.1281934
Time for OCR: 47.172078132629395 , 1565978780.3003216
Time for OCR: 40.184818983078 , 1565978820.4851868
Time for OCR: 76.55972170829773 , 1565978897.0449553
Time for OCR: 74.19839811325073 , 1565978971.243402
Time for OCR: 61.07685327529907 , 1565979032.3203
Time for OCR: 32.885430097579956 , 1565979065.2057767
Time for OCR: 76.70076107978821 , 1565979141.906582
Time for OCR: 97.56458735466003 , 1565979239.4712167
Time for OCR: 48.903942823410034 , 1565979288.3752038
Time for OCR: 94.27093553543091 , 1565979382.6461916
Time for OCR: 54.38788080215454 , 1565979437.0341208
Time for OCR: 60.67508888244629 , 1565979497.7092617
Time for OCR: 75.79493927955627 , 1565979573.5042448
Time for OCR: 41.103742837905884 , 1565979614.608036
Time for OCR: 44.29750347137451 , 1565979658.9055865
Time for OCR: 70.37890553474426 , 1565979729.284544
Time for OCR: 64.82481002807617 , 1565979794.1094017
Time for OCR: 62.027727365493774 , 1565979856.1371727
Time for OCR: 45.52783799171448 , 1565979901.6650596
Time for OCR: 52.44413948059082 , 1565979954.1092446
Time for OCR: 39.41843914985657 , 1565979993.527727
Time for OCR: 58.758148193359375 , 1565980052.2859192
Time for OCR: 63.28158760070801 , 1565980115.5675523
Time for OCR: 75.07979416847229 , 1565980190.647394
Time for OCR: 92.81418538093567 , 1565980283.4616241
Time for OCR: 69.7828118801117 , 1565980353.2444832
Time for OCR: 56.54173278808594 , 1565980409.7862802
Time for OCR: 53.59851050376892 , 1565980463.3848403
Time for OCR: 100.75339531898499 , 1565980564.13828
Time for OCR: 72.34863376617432 , 1565980636.48696
Time for OCR: 77.66265940666199 , 1565980714.149666
Time for OCR: 70.04293036460876 , 1565980784.1926417
Time for OCR: 63.39370679855347 , 1565980847.5864007
Time for OCR: 57.406047105789185 , 1565980904.9924932
Time for OCR: 62.243037700653076 , 1565980967.2355838
Time for OCR: 39.80081796646118 , 1565981007.036476
Time for OCR: 46.43665647506714 , 1565981053.4731991
Time for OCR: 49.73331046104431 , 1565981103.206568
Time for OCR: 67.52644658088684 , 1565981170.733067
Time for OCR: 58.530890464782715 , 1565981229.2640238
Time for OCR: 105.05565047264099 , 1565981334.3197258
Time for OCR: 14.163195133209229 , 1565981348.4829786
