Requirement already satisfied: pandas in /opt/apps/software/MPI/GCC/7.3.0/OpenMPI/3.1.2/Python/3.6.6/lib/python3.6/site-packages/pandas-0.23.4-py3.6-linux-x86_64.egg (0.23.4)
Requirement already satisfied: python-dateutil>=2.5.0 in /opt/apps/software/MPI/GCC/7.3.0/OpenMPI/3.1.2/Python/3.6.6/lib/python3.6/site-packages/python_dateutil-2.7.3-py3.6.egg (from pandas) (2.7.3)
Requirement already satisfied: pytz>=2011k in /opt/apps/software/MPI/GCC/7.3.0/OpenMPI/3.1.2/Python/3.6.6/lib/python3.6/site-packages/pytz-2018.5-py3.6.egg (from pandas) (2018.5)
Requirement already satisfied: numpy>=1.9.0 in /opt/apps/software/MPI/GCC/7.3.0/OpenMPI/3.1.2/Python/3.6.6/lib/python3.6/site-packages/numpy-1.15.0-py3.6-linux-x86_64.egg (from pandas) (1.15.0)
Requirement already satisfied: six>=1.5 in /opt/apps/software/MPI/GCC/7.3.0/OpenMPI/3.1.2/Python/3.6.6/lib/python3.6/site-packages/six-1.11.0-py3.6.egg (from python-dateutil>=2.5.0->pandas) (1.11.0)
Requirement already satisfied: pytesseract in /home/jcm10/.local/lib/python3.6/site-packages (0.2.9)
Requirement already satisfied: Pillow in /home/jcm10/.local/lib/python3.6/site-packages (from pytesseract) (6.1.0)
Requirement already satisfied: PyPDF2 in /home/jcm10/.local/lib/python3.6/site-packages (1.26.0)
23
inputs
Time for OCR: 67.70928406715393 , 1565975160.907549
Time for OCR: 104.06911563873291 , 1565975264.976725
Time for OCR: 99.49158334732056 , 1565975364.468353
Time for OCR: 73.95649671554565 , 1565975438.4248946
Time for OCR: 67.68400645256042 , 1565975506.1089478
Time for OCR: 109.85887861251831 , 1565975615.967871
Time for OCR: 81.67956066131592 , 1565975697.6474752
Time for OCR: 154.84182119369507 , 1565975852.4893582
Time for OCR: 115.5022931098938 , 1565975967.9916947
Time for OCR: 95.52894186973572 , 1565976063.5206842
Time for OCR: 99.21326208114624 , 1565976162.733991
Time for OCR: 106.12569785118103 , 1565976268.859741
Time for OCR: 69.88530731201172 , 1565976338.7450898
Time for OCR: 99.46580815315247 , 1565976438.2109442
Time for OCR: 137.39131474494934 , 1565976575.6023092
Time for OCR: 82.42206978797913 , 1565976658.0244246
Time for OCR: 83.48439121246338 , 1565976741.5088654
Time for OCR: 70.77808618545532 , 1565976812.2869978
Time for OCR: 90.65474677085876 , 1565976902.9417899
Time for OCR: 84.2350959777832 , 1565976987.1769319
Time for OCR: 84.77466297149658 , 1565977071.9516423
Time for OCR: 80.76085472106934 , 1565977152.712542
Time for OCR: 72.7677001953125 , 1565977225.4802926
Time for OCR: 88.50412726402283 , 1565977313.9844632
Time for OCR: 85.05113387107849 , 1565977399.0356572
Time for OCR: 87.5855143070221 , 1565977486.6212215
Time for OCR: 83.95310282707214 , 1565977570.5743673
Time for OCR: 30.714203357696533 , 1565977601.288615
Time for OCR: 31.080735206604004 , 1565977632.369396
Time for OCR: 65.13646388053894 , 1565977697.5059073
Time for OCR: 107.01961207389832 , 1565977804.5255692
Time for OCR: 98.79981684684753 , 1565977903.3254325
Time for OCR: 102.98194336891174 , 1565978006.3074186
Time for OCR: 89.23373103141785 , 1565978095.5412047
Time for OCR: 98.82434940338135 , 1565978194.3655984
Time for OCR: 90.51350569725037 , 1565978284.8791492
Time for OCR: 89.87355756759644 , 1565978374.7527506
Time for OCR: 83.86591720581055 , 1565978458.618712
Time for OCR: 99.90951490402222 , 1565978558.5282745
Time for OCR: 71.64485955238342 , 1565978630.1731765
Time for OCR: 85.67422294616699 , 1565978715.8474474
Time for OCR: 106.19616985321045 , 1565978822.0436666
Time for OCR: 66.32519173622131 , 1565978888.3689058
Time for OCR: 76.82674288749695 , 1565978965.1956916
Time for OCR: 61.791128396987915 , 1565979026.986865
Time for OCR: 81.9699034690857 , 1565979108.9568126
Time for OCR: 34.831361293792725 , 1565979143.7882314
Time for OCR: 66.64229965209961 , 1565979210.4305756
Time for OCR: 70.51634979248047 , 1565979280.9469793
Time for OCR: 61.40433883666992 , 1565979342.351366
Time for OCR: 44.52593731880188 , 1565979386.8773468
Time for OCR: 46.056822538375854 , 1565979432.9342198
Time for OCR: 74.93152904510498 , 1565979507.8657925
Time for OCR: 24.408496618270874 , 1565979532.2743332
Time for OCR: 62.179861545562744 , 1565979594.4542398
Time for OCR: 75.1089255809784 , 1565979669.563214
Time for OCR: 66.17125844955444 , 1565979735.7345188
Time for OCR: 80.64262962341309 , 1565979816.377196
Time for OCR: 66.33122444152832 , 1565979882.708463
Time for OCR: 56.02345538139343 , 1565979938.7319782
Time for OCR: 58.97620749473572 , 1565979997.7082293
Time for OCR: 56.94709610939026 , 1565980054.655369
Time for OCR: 68.46199250221252 , 1565980123.1174088
Time for OCR: 82.00138807296753 , 1565980205.118846
Time for OCR: 72.8578040599823 , 1565980277.9766974
Time for OCR: 65.81107115745544 , 1565980343.7878106
Time for OCR: 16.665282487869263 , 1565980360.453145
Time for OCR: 86.39323854446411 , 1565980446.8464272
Time for OCR: 105.1215615272522 , 1565980551.9680367
Time for OCR: 57.68289542198181 , 1565980609.6509762
Time for OCR: 72.58688306808472 , 1565980682.237908
Time for OCR: 119.27640461921692 , 1565980801.5143588
Time for OCR: 71.45920538902283 , 1565980872.9736075
Time for OCR: 70.36047768592834 , 1565980943.3341289
Time for OCR: 68.00493836402893 , 1565981011.3391104
Time for OCR: 61.98993420600891 , 1565981073.3291066
Time for OCR: 90.68572688102722 , 1565981164.014886
Time for OCR: 106.34849309921265 , 1565981270.363439
Time for OCR: 73.11158871650696 , 1565981343.4750822
Time for OCR: 58.541656494140625 , 1565981402.0167909
Time for OCR: 105.85167288780212 , 1565981507.8685198
Time for OCR: 52.60910153388977 , 1565981560.4776824
Time for OCR: 61.35556411743164 , 1565981621.833301
Time for OCR: 80.9422767162323 , 1565981702.775632
