Requirement already satisfied: pandas in /opt/apps/software/MPI/GCC/7.3.0/OpenMPI/3.1.2/Python/3.6.6/lib/python3.6/site-packages/pandas-0.23.4-py3.6-linux-x86_64.egg (0.23.4)
Requirement already satisfied: python-dateutil>=2.5.0 in /opt/apps/software/MPI/GCC/7.3.0/OpenMPI/3.1.2/Python/3.6.6/lib/python3.6/site-packages/python_dateutil-2.7.3-py3.6.egg (from pandas) (2.7.3)
Requirement already satisfied: pytz>=2011k in /opt/apps/software/MPI/GCC/7.3.0/OpenMPI/3.1.2/Python/3.6.6/lib/python3.6/site-packages/pytz-2018.5-py3.6.egg (from pandas) (2018.5)
Requirement already satisfied: numpy>=1.9.0 in /opt/apps/software/MPI/GCC/7.3.0/OpenMPI/3.1.2/Python/3.6.6/lib/python3.6/site-packages/numpy-1.15.0-py3.6-linux-x86_64.egg (from pandas) (1.15.0)
Requirement already satisfied: six>=1.5 in /opt/apps/software/MPI/GCC/7.3.0/OpenMPI/3.1.2/Python/3.6.6/lib/python3.6/site-packages/six-1.11.0-py3.6.egg (from python-dateutil>=2.5.0->pandas) (1.11.0)
Requirement already satisfied: pytesseract in /home/jcm10/.local/lib/python3.6/site-packages (0.2.9)
Requirement already satisfied: Pillow in /home/jcm10/.local/lib/python3.6/site-packages (from pytesseract) (6.1.0)
Requirement already satisfied: PyPDF2 in /home/jcm10/.local/lib/python3.6/site-packages (1.26.0)
18
inputs
Time for OCR: 64.2515881061554 , 1565975157.2160158
Time for OCR: 69.51639866828918 , 1565975226.732474
Time for OCR: 80.51747512817383 , 1565975307.2500033
Time for OCR: 123.83326411247253 , 1565975431.0833101
Time for OCR: 74.26099014282227 , 1565975505.344346
Time for OCR: 59.29142189025879 , 1565975564.6358109
Time for OCR: 78.65589022636414 , 1565975643.2917435
Time for OCR: 62.510852575302124 , 1565975705.802645
Time for OCR: 72.16815066337585 , 1565975777.9708364
Time for OCR: 82.84561419487 , 1565975860.8164966
Time for OCR: 93.67116260528564 , 1565975954.4877172
Time for OCR: 82.16539812088013 , 1565976036.6531656
Time for OCR: 86.48780870437622 , 1565976123.1410198
Time for OCR: 86.13248348236084 , 1565976209.273555
Time for OCR: 66.83932542800903 , 1565976276.112926
Time for OCR: 102.29707455635071 , 1565976378.410044
Time for OCR: 85.42934536933899 , 1565976463.8394363
Time for OCR: 75.9019045829773 , 1565976539.741383
Time for OCR: 75.17539262771606 , 1565976614.916822
Time for OCR: 121.80054593086243 , 1565976736.717418
Time for OCR: 75.63481116294861 , 1565976812.3522763
Time for OCR: 96.12989044189453 , 1565976908.4822118
Time for OCR: 72.78580808639526 , 1565976981.2680683
Time for OCR: 81.26294827461243 , 1565977062.5310593
Time for OCR: 66.31156611442566 , 1565977128.8426707
Time for OCR: 116.1096568107605 , 1565977244.9523795
Time for OCR: 60.41139197349548 , 1565977305.3638148
Time for OCR: 96.68840003013611 , 1565977402.05226
Time for OCR: 65.54332208633423 , 1565977467.5956318
Time for OCR: 76.19212222099304 , 1565977543.787808
Time for OCR: 99.39282035827637 , 1565977643.1806734
Time for OCR: 92.95624113082886 , 1565977736.1369584
Time for OCR: 89.78001046180725 , 1565977825.9170125
Time for OCR: 95.94693946838379 , 1565977921.8639982
Time for OCR: 63.845903158187866 , 1565977985.7099466
Time for OCR: 97.60455989837646 , 1565978083.3145497
Time for OCR: 85.0009651184082 , 1565978168.3155618
Time for OCR: 106.61442685127258 , 1565978274.9300368
Time for OCR: 92.2269389629364 , 1565978367.15702
Time for OCR: 93.77339386940002 , 1565978460.9304647
Time for OCR: 97.58270812034607 , 1565978558.5132267
Time for OCR: 70.34792423248291 , 1565978628.861197
Time for OCR: 46.905561208724976 , 1565978675.7668066
Time for OCR: 62.32951617240906 , 1565978738.0963695
Time for OCR: 62.9296452999115 , 1565978801.0260606
Time for OCR: 53.623961210250854 , 1565978854.6500669
Time for OCR: 65.88519263267517 , 1565978920.535309
Time for OCR: 65.19785904884338 , 1565978985.7332134
Time for OCR: 43.011125802993774 , 1565979028.7443843
Time for OCR: 78.32889914512634 , 1565979107.0733292
Time for OCR: 67.84876370429993 , 1565979174.9221404
Time for OCR: 66.77834391593933 , 1565979241.7005305
Time for OCR: 71.2519474029541 , 1565979312.952523
Time for OCR: 71.17542457580566 , 1565979384.1280048
Time for OCR: 69.68862175941467 , 1565979453.8166764
Time for OCR: 52.47317409515381 , 1565979506.2898955
Time for OCR: 49.965080976486206 , 1565979556.2550256
Time for OCR: 53.928462743759155 , 1565979610.1835349
Time for OCR: 63.073249101638794 , 1565979673.2568297
Time for OCR: 76.82672500610352 , 1565979750.0835998
Time for OCR: 78.38257384300232 , 1565979828.4662182
Time for OCR: 62.61350750923157 , 1565979891.0797698
Time for OCR: 69.04236936569214 , 1565979960.1221862
Time for OCR: 70.59710645675659 , 1565980030.719337
Time for OCR: 71.61837077140808 , 1565980102.3377542
Time for OCR: 88.48375248908997 , 1565980190.821553
Time for OCR: 50.397810220718384 , 1565980241.2194116
Time for OCR: 76.60071659088135 , 1565980317.8201783
Time for OCR: 80.25464391708374 , 1565980398.074865
Time for OCR: 88.20515275001526 , 1565980486.2800643
Time for OCR: 80.21473002433777 , 1565980566.49484
Time for OCR: 76.78179979324341 , 1565980643.2766843
Time for OCR: 56.57660102844238 , 1565980699.853334
Time for OCR: 65.12262749671936 , 1565980764.9760065
Time for OCR: 90.90636014938354 , 1565980855.8824103
Time for OCR: 95.76654863357544 , 1565980951.649008
Time for OCR: 55.75039339065552 , 1565981007.3994467
Time for OCR: 54.94595503807068 , 1565981062.345471
Time for OCR: 60.82398700714111 , 1565981123.1695235
Time for OCR: 73.38861846923828 , 1565981196.5581949
Time for OCR: 72.89198040962219 , 1565981269.450237
Time for OCR: 93.62502026557922 , 1565981363.0753102
Time for OCR: 92.88417768478394 , 1565981455.9595435
Time for OCR: 75.8136248588562 , 1565981531.7732275
