Requirement already satisfied: pandas in /opt/apps/software/MPI/GCC/7.3.0/OpenMPI/3.1.2/Python/3.6.6/lib/python3.6/site-packages/pandas-0.23.4-py3.6-linux-x86_64.egg (0.23.4)
Requirement already satisfied: python-dateutil>=2.5.0 in /opt/apps/software/MPI/GCC/7.3.0/OpenMPI/3.1.2/Python/3.6.6/lib/python3.6/site-packages/python_dateutil-2.7.3-py3.6.egg (from pandas) (2.7.3)
Requirement already satisfied: pytz>=2011k in /opt/apps/software/MPI/GCC/7.3.0/OpenMPI/3.1.2/Python/3.6.6/lib/python3.6/site-packages/pytz-2018.5-py3.6.egg (from pandas) (2018.5)
Requirement already satisfied: numpy>=1.9.0 in /opt/apps/software/MPI/GCC/7.3.0/OpenMPI/3.1.2/Python/3.6.6/lib/python3.6/site-packages/numpy-1.15.0-py3.6-linux-x86_64.egg (from pandas) (1.15.0)
Requirement already satisfied: six>=1.5 in /opt/apps/software/MPI/GCC/7.3.0/OpenMPI/3.1.2/Python/3.6.6/lib/python3.6/site-packages/six-1.11.0-py3.6.egg (from python-dateutil>=2.5.0->pandas) (1.11.0)
Requirement already satisfied: pytesseract in /home/jcm10/.local/lib/python3.6/site-packages (0.2.9)
Requirement already satisfied: Pillow in /home/jcm10/.local/lib/python3.6/site-packages (from pytesseract) (6.1.0)
Requirement already satisfied: PyPDF2 in /home/jcm10/.local/lib/python3.6/site-packages (1.26.0)
22
inputs
Time for OCR: 122.5059118270874 , 1565975215.703539
Time for OCR: 88.38751316070557 , 1565975304.091108
Time for OCR: 109.52331686019897 , 1565975413.6144667
Time for OCR: 107.06850075721741 , 1565975520.6830237
Time for OCR: 63.790483713150024 , 1565975584.4735568
Time for OCR: 57.071760416030884 , 1565975641.5453618
Time for OCR: 109.24003267288208 , 1565975750.7854397
Time for OCR: 88.04108715057373 , 1565975838.826573
Time for OCR: 77.55908989906311 , 1565975916.3857064
Time for OCR: 74.656329870224 , 1565975991.042081
Time for OCR: 76.01083707809448 , 1565976067.0529706
Time for OCR: 63.70445537567139 , 1565976130.7574737
Time for OCR: 71.00878357887268 , 1565976201.766309
Time for OCR: 121.54813551902771 , 1565976323.3144903
Time for OCR: 113.89851212501526 , 1565976437.2130575
Time for OCR: 93.11960029602051 , 1565976530.3327062
Time for OCR: 81.2138261795044 , 1565976611.5465827
Time for OCR: 101.8596522808075 , 1565976713.4062827
Time for OCR: 76.54425740242004 , 1565976789.9505842
Time for OCR: 94.06222081184387 , 1565976884.0128515
Time for OCR: 104.9281120300293 , 1565976988.941013
Time for OCR: 62.49198269844055 , 1565977051.4330385
Time for OCR: 97.73508977890015 , 1565977149.1681747
Time for OCR: 74.76741456985474 , 1565977223.9356356
Time for OCR: 93.11833214759827 , 1565977317.0540278
Time for OCR: 135.42972040176392 , 1565977452.483796
Time for OCR: 59.07581543922424 , 1565977511.55966
Time for OCR: 56.16131949424744 , 1565977567.7210224
Time for OCR: 74.40952515602112 , 1565977642.1305938
Time for OCR: 97.81332468986511 , 1565977739.943969
Time for OCR: 103.87792873382568 , 1565977843.8219392
Time for OCR: 120.71809267997742 , 1565977964.5400772
Time for OCR: 112.28100252151489 , 1565978076.8211248
Time for OCR: 91.2984025478363 , 1565978168.119574
Time for OCR: 68.22382640838623 , 1565978236.343444
Time for OCR: 76.23427295684814 , 1565978312.5777633
Time for OCR: 82.0758945941925 , 1565978394.6537068
Time for OCR: 103.52117919921875 , 1565978498.174934
Time for OCR: 75.57517743110657 , 1565978573.7501566
Time for OCR: 80.56866121292114 , 1565978654.3188663
Time for OCR: 91.94747877120972 , 1565978746.266389
Time for OCR: 78.66660690307617 , 1565978824.9330409
Time for OCR: 78.13279557228088 , 1565978903.0658839
Time for OCR: 70.27006554603577 , 1565978973.3359952
Time for OCR: 70.7949640750885 , 1565979044.1310072
Time for OCR: 55.48240351676941 , 1565979099.6134543
Time for OCR: 65.87574100494385 , 1565979165.4892547
Time for OCR: 77.48153948783875 , 1565979242.9708393
Time for OCR: 85.61282205581665 , 1565979328.5837057
Time for OCR: 100.81620526313782 , 1565979429.3999543
Time for OCR: 72.3176941871643 , 1565979501.7176926
Time for OCR: 65.04356050491333 , 1565979566.7612994
Time for OCR: 57.860451459884644 , 1565979624.6217933
Time for OCR: 25.886081218719482 , 1565979650.5079186
Time for OCR: 68.10666704177856 , 1565979718.61463
Time for OCR: 76.2193169593811 , 1565979794.833993
Time for OCR: 81.88743042945862 , 1565979876.7214677
Time for OCR: 64.02954125404358 , 1565979940.7510622
Time for OCR: 98.73320126533508 , 1565980039.484308
Time for OCR: 58.90038800239563 , 1565980098.3847413
Time for OCR: 59.322861194610596 , 1565980157.7076464
Time for OCR: 33.72579765319824 , 1565980191.4334886
Time for OCR: 69.64898920059204 , 1565980261.0825362
Time for OCR: 75.00496768951416 , 1565980336.087553
Time for OCR: 81.05547523498535 , 1565980417.1430745
Time for OCR: 80.71299886703491 , 1565980497.856124
Time for OCR: 84.54998111724854 , 1565980582.4061525
Time for OCR: 48.90540432929993 , 1565980631.3116012
Time for OCR: 82.81289386749268 , 1565980714.1245427
Time for OCR: 47.73956060409546 , 1565980761.8641493
Time for OCR: 76.07104134559631 , 1565980837.9352374
Time for OCR: 88.17131853103638 , 1565980926.1066005
Time for OCR: 60.21069669723511 , 1565980986.317344
Time for OCR: 72.70419597625732 , 1565981059.021583
Time for OCR: 75.09733748435974 , 1565981134.1189709
Time for OCR: 109.83179378509521 , 1565981243.950819
Time for OCR: 87.19641399383545 , 1565981331.1472957
Time for OCR: 69.9257402420044 , 1565981401.0730953
Time for OCR: 76.98536801338196 , 1565981478.0585198
Time for OCR: 54.20585513114929 , 1565981532.2644336
Time for OCR: 64.61268711090088 , 1565981596.8771765
Time for OCR: 109.50918126106262 , 1565981706.386413
Time for OCR: 68.9179835319519 , 1565981775.3044393
Time for OCR: 72.86011600494385 , 1565981848.164598
