Requirement already satisfied: pandas in /opt/apps/software/MPI/GCC/7.3.0/OpenMPI/3.1.2/Python/3.6.6/lib/python3.6/site-packages/pandas-0.23.4-py3.6-linux-x86_64.egg (0.23.4)
Requirement already satisfied: python-dateutil>=2.5.0 in /opt/apps/software/MPI/GCC/7.3.0/OpenMPI/3.1.2/Python/3.6.6/lib/python3.6/site-packages/python_dateutil-2.7.3-py3.6.egg (from pandas) (2.7.3)
Requirement already satisfied: pytz>=2011k in /opt/apps/software/MPI/GCC/7.3.0/OpenMPI/3.1.2/Python/3.6.6/lib/python3.6/site-packages/pytz-2018.5-py3.6.egg (from pandas) (2018.5)
Requirement already satisfied: numpy>=1.9.0 in /opt/apps/software/MPI/GCC/7.3.0/OpenMPI/3.1.2/Python/3.6.6/lib/python3.6/site-packages/numpy-1.15.0-py3.6-linux-x86_64.egg (from pandas) (1.15.0)
Requirement already satisfied: six>=1.5 in /opt/apps/software/MPI/GCC/7.3.0/OpenMPI/3.1.2/Python/3.6.6/lib/python3.6/site-packages/six-1.11.0-py3.6.egg (from python-dateutil>=2.5.0->pandas) (1.11.0)
Requirement already satisfied: pytesseract in /home/jcm10/.local/lib/python3.6/site-packages (0.2.9)
Requirement already satisfied: Pillow in /home/jcm10/.local/lib/python3.6/site-packages (from pytesseract) (6.1.0)
Requirement already satisfied: PyPDF2 in /home/jcm10/.local/lib/python3.6/site-packages (1.26.0)
34
inputs
Time for OCR: 131.4120774269104 , 1565975224.3380413
Time for OCR: 114.63848733901978 , 1565975338.9765956
Time for OCR: 115.05276203155518 , 1565975454.0294256
Time for OCR: 81.68741655349731 , 1565975535.7168906
Time for OCR: 83.76747632026672 , 1565975619.484415
Time for OCR: 112.21729111671448 , 1565975731.7017548
Time for OCR: 106.69198513031006 , 1565975838.3937857
Time for OCR: 107.83104467391968 , 1565975946.224886
Time for OCR: 61.987260818481445 , 1565976008.212197
Time for OCR: 97.08329033851624 , 1565976105.2955327
Time for OCR: 87.11476945877075 , 1565976192.410349
Time for OCR: 109.99572920799255 , 1565976302.4061317
Time for OCR: 99.0320885181427 , 1565976401.4382665
Time for OCR: 100.98734307289124 , 1565976502.4256566
Time for OCR: 76.55637717247009 , 1565976578.982081
Time for OCR: 80.43530678749084 , 1565976659.417436
Time for OCR: 89.85665130615234 , 1565976749.2741334
Time for OCR: 168.91770887374878 , 1565976918.1918874
Time for OCR: 78.1018557548523 , 1565976996.2937932
Time for OCR: 79.0069489479065 , 1565977075.3007917
Time for OCR: 82.81846380233765 , 1565977158.119306
Time for OCR: 81.9069755077362 , 1565977240.0263286
Time for OCR: 93.62896490097046 , 1565977333.6553414
Time for OCR: 101.05596280097961 , 1565977434.7113478
Time for OCR: 109.97745370864868 , 1565977544.6888497
Time for OCR: 97.63799619674683 , 1565977642.326894
Time for OCR: 108.38153767585754 , 1565977750.7084827
Time for OCR: 97.5876054763794 , 1565977848.2961361
Time for OCR: 72.96236491203308 , 1565977921.2585516
Time for OCR: 71.40802431106567 , 1565977992.6666324
Time for OCR: 122.17927479743958 , 1565978114.8459554
Time for OCR: 83.26625108718872 , 1565978198.1122522
Time for OCR: 233.2270007133484 , 1565978431.3393013
Time for OCR: 83.39232420921326 , 1565978514.7316725
Time for OCR: 93.24026989936829 , 1565978607.9719994
Time for OCR: 83.75247311592102 , 1565978691.7245178
Time for OCR: 105.45244717597961 , 1565978797.1770124
Time for OCR: 71.49663162231445 , 1565978868.67371
Time for OCR: 89.69516491889954 , 1565978958.3689241
Time for OCR: 56.15191960334778 , 1565979014.5208905
Time for OCR: 85.4929518699646 , 1565979100.0138912
Time for OCR: 98.90194272994995 , 1565979198.9158816
Time for OCR: 79.84102725982666 , 1565979278.7569537
Time for OCR: 46.285422563552856 , 1565979325.0424232
Time for OCR: 54.49746036529541 , 1565979379.5399306
Time for OCR: 67.47806239128113 , 1565979447.0180411
Time for OCR: 62.28284502029419 , 1565979509.300934
Time for OCR: 49.51417803764343 , 1565979558.8151557
Time for OCR: 52.590944051742554 , 1565979611.4061449
Time for OCR: 84.19659543037415 , 1565979695.6027844
Time for OCR: 56.79586124420166 , 1565979752.3986936
Time for OCR: 61.13919639587402 , 1565979813.5379395
Time for OCR: 18.470296621322632 , 1565979832.0082784
Time for OCR: 82.51769876480103 , 1565979914.5260243
Time for OCR: 65.00006365776062 , 1565979979.5261347
Time for OCR: 81.48387813568115 , 1565980061.010058
Time for OCR: 93.1435170173645 , 1565980154.1536212
Time for OCR: 46.0024573802948 , 1565980200.1561275
Time for OCR: 80.05063796043396 , 1565980280.206815
Time for OCR: 69.65913486480713 , 1565980349.865996
Time for OCR: 57.39390254020691 , 1565980407.259942
Time for OCR: 82.03232455253601 , 1565980489.2923186
Time for OCR: 74.13357734680176 , 1565980563.425942
Time for OCR: 46.54375076293945 , 1565980609.9697394
Time for OCR: 77.00466871261597 , 1565980686.974453
Time for OCR: 63.776893854141235 , 1565980750.7514033
Time for OCR: 96.14671730995178 , 1565980846.898173
Time for OCR: 70.02123284339905 , 1565980916.919452
Time for OCR: 96.41392540931702 , 1565981013.3334198
Time for OCR: 31.526696920394897 , 1565981044.860166
Time for OCR: 51.32884669303894 , 1565981096.1890683
Time for OCR: 65.04563617706299 , 1565981161.2347522
Time for OCR: 94.30659937858582 , 1565981255.5413952
Time for OCR: 74.35647010803223 , 1565981329.8979144
Time for OCR: 40.9708788394928 , 1565981370.8688412
Time for OCR: 68.43892312049866 , 1565981439.30781
Time for OCR: 20.85541319847107 , 1565981460.163268
Time for OCR: 79.71138644218445 , 1565981539.874702
Time for OCR: 82.63907289505005 , 1565981622.5138214
Time for OCR: 87.93607354164124 , 1565981710.4499402
Time for OCR: 82.76970195770264 , 1565981793.219695
Time for OCR: 63.525787591934204 , 1565981856.7455337
Time for OCR: 73.53222990036011 , 1565981930.2778084
Time for OCR: 74.57110381126404 , 1565982004.8489587
