Requirement already satisfied: pandas in /opt/apps/software/MPI/GCC/7.3.0/OpenMPI/3.1.2/Python/3.6.6/lib/python3.6/site-packages/pandas-0.23.4-py3.6-linux-x86_64.egg (0.23.4)
Requirement already satisfied: python-dateutil>=2.5.0 in /opt/apps/software/MPI/GCC/7.3.0/OpenMPI/3.1.2/Python/3.6.6/lib/python3.6/site-packages/python_dateutil-2.7.3-py3.6.egg (from pandas) (2.7.3)
Requirement already satisfied: pytz>=2011k in /opt/apps/software/MPI/GCC/7.3.0/OpenMPI/3.1.2/Python/3.6.6/lib/python3.6/site-packages/pytz-2018.5-py3.6.egg (from pandas) (2018.5)
Requirement already satisfied: numpy>=1.9.0 in /opt/apps/software/MPI/GCC/7.3.0/OpenMPI/3.1.2/Python/3.6.6/lib/python3.6/site-packages/numpy-1.15.0-py3.6-linux-x86_64.egg (from pandas) (1.15.0)
Requirement already satisfied: six>=1.5 in /opt/apps/software/MPI/GCC/7.3.0/OpenMPI/3.1.2/Python/3.6.6/lib/python3.6/site-packages/six-1.11.0-py3.6.egg (from python-dateutil>=2.5.0->pandas) (1.11.0)
Requirement already satisfied: pytesseract in /home/jcm10/.local/lib/python3.6/site-packages (0.2.9)
Requirement already satisfied: Pillow in /home/jcm10/.local/lib/python3.6/site-packages (from pytesseract) (6.1.0)
Requirement already satisfied: PyPDF2 in /home/jcm10/.local/lib/python3.6/site-packages (1.26.0)
33
inputs
Time for OCR: 110.00245714187622 , 1565975202.6800735
Time for OCR: 91.01862072944641 , 1565975293.6987627
Time for OCR: 92.78319954872131 , 1565975386.4820158
Time for OCR: 128.84864854812622 , 1565975515.3307104
Time for OCR: 107.85310578346252 , 1565975623.183865
Time for OCR: 114.11643481254578 , 1565975737.300346
Time for OCR: 90.52775287628174 , 1565975827.8281488
Time for OCR: 70.56754875183105 , 1565975898.3957431
Time for OCR: 87.85960245132446 , 1565975986.255392
Time for OCR: 85.63376450538635 , 1565976071.8892028
Time for OCR: 149.77226614952087 , 1565976221.661519
Time for OCR: 77.96311545372009 , 1565976299.6246843
Time for OCR: 91.45839810371399 , 1565976391.0831306
Time for OCR: 73.34271121025085 , 1565976464.425889
Time for OCR: 94.07949376106262 , 1565976558.5054338
Time for OCR: 75.46513223648071 , 1565976633.9706128
Time for OCR: 111.43259572982788 , 1565976745.4032578
Time for OCR: 134.5901746749878 , 1565976879.993479
Time for OCR: 112.99819684028625 , 1565976992.9917233
Time for OCR: 64.34721970558167 , 1565977057.3389955
Time for OCR: 92.00084829330444 , 1565977149.33989
Time for OCR: 70.11180543899536 , 1565977219.451744
Time for OCR: 92.00170564651489 , 1565977311.4535017
Time for OCR: 87.60218167304993 , 1565977399.055731
Time for OCR: 78.8381199836731 , 1565977477.8938982
Time for OCR: 106.93964958190918 , 1565977584.8336036
Time for OCR: 79.98503565788269 , 1565977664.8186934
Time for OCR: 82.80035185813904 , 1565977747.6190934
Time for OCR: 79.57126760482788 , 1565977827.1904092
Time for OCR: 70.13250970840454 , 1565977897.3229728
Time for OCR: 88.88363361358643 , 1565977986.2066576
Time for OCR: 78.74290156364441 , 1565978064.9496062
Time for OCR: 144.3517050743103 , 1565978209.301367
Time for OCR: 84.35765147209167 , 1565978293.6590714
Time for OCR: 109.67217659950256 , 1565978403.3312986
Time for OCR: 75.52181267738342 , 1565978478.8531592
Time for OCR: 83.63353133201599 , 1565978562.4867365
Time for OCR: 62.57735061645508 , 1565978625.064141
Time for OCR: 116.68554425239563 , 1565978741.7497368
Time for OCR: 70.92024612426758 , 1565978812.6700287
Time for OCR: 86.32446098327637 , 1565978898.9945443
Time for OCR: 104.94815826416016 , 1565979003.9427664
Time for OCR: 62.99926710128784 , 1565979066.9420896
Time for OCR: 61.27560043334961 , 1565979128.2177372
Time for OCR: 74.47558259963989 , 1565979202.693369
Time for OCR: 64.73677778244019 , 1565979267.4301932
Time for OCR: 57.84640073776245 , 1565979325.2766433
Time for OCR: 65.6305205821991 , 1565979390.9072146
Time for OCR: 80.96366620063782 , 1565979471.8709297
Time for OCR: 83.6467502117157 , 1565979555.5177257
Time for OCR: 77.71323800086975 , 1565979633.2310085
Time for OCR: 40.05847787857056 , 1565979673.2895374
Time for OCR: 99.20417523384094 , 1565979772.4937713
Time for OCR: 99.0081536769867 , 1565979871.5019755
Time for OCR: 81.63580417633057 , 1565979953.1378274
Time for OCR: 97.23145532608032 , 1565980050.3693297
Time for OCR: 83.87223935127258 , 1565980134.2416158
Time for OCR: 61.83789420127869 , 1565980196.0795612
Time for OCR: 52.427029848098755 , 1565980248.5066595
Time for OCR: 99.1593861579895 , 1565980347.6660988
Time for OCR: 50.85717725753784 , 1565980398.5233233
Time for OCR: 85.41578722000122 , 1565980483.9391582
Time for OCR: 48.27684736251831 , 1565980532.2160547
Time for OCR: 51.346739292144775 , 1565980583.5628414
Time for OCR: 64.67469501495361 , 1565980648.2375827
Time for OCR: 103.5123598575592 , 1565980751.749999
Time for OCR: 52.38628935813904 , 1565980804.1363368
Time for OCR: 67.6592857837677 , 1565980871.7956727
Time for OCR: 52.93063139915466 , 1565980924.7263496
Time for OCR: 80.71108317375183 , 1565981005.4374776
Time for OCR: 64.13320255279541 , 1565981069.5707257
Time for OCR: 59.96298813819885 , 1565981129.5337658
Time for OCR: 61.549179792404175 , 1565981191.0829933
Time for OCR: 67.29066705703735 , 1565981258.3737073
Time for OCR: 88.39868426322937 , 1565981346.7724378
Time for OCR: 68.36014771461487 , 1565981415.132652
Time for OCR: 53.58907866477966 , 1565981468.7217767
Time for OCR: 83.15663003921509 , 1565981551.8784542
Time for OCR: 64.94366073608398 , 1565981616.8221622
Time for OCR: 23.66613793373108 , 1565981640.4883513
Time for OCR: 83.18965578079224 , 1565981723.678053
Time for OCR: 99.84561204910278 , 1565981823.5237105
Time for OCR: 85.95806860923767 , 1565981909.4818242
Time for OCR: 62.93077349662781 , 1565981972.4126449
