Requirement already satisfied: pandas in /opt/apps/software/MPI/GCC/7.3.0/OpenMPI/3.1.2/Python/3.6.6/lib/python3.6/site-packages/pandas-0.23.4-py3.6-linux-x86_64.egg (0.23.4)
Requirement already satisfied: python-dateutil>=2.5.0 in /opt/apps/software/MPI/GCC/7.3.0/OpenMPI/3.1.2/Python/3.6.6/lib/python3.6/site-packages/python_dateutil-2.7.3-py3.6.egg (from pandas) (2.7.3)
Requirement already satisfied: pytz>=2011k in /opt/apps/software/MPI/GCC/7.3.0/OpenMPI/3.1.2/Python/3.6.6/lib/python3.6/site-packages/pytz-2018.5-py3.6.egg (from pandas) (2018.5)
Requirement already satisfied: numpy>=1.9.0 in /opt/apps/software/MPI/GCC/7.3.0/OpenMPI/3.1.2/Python/3.6.6/lib/python3.6/site-packages/numpy-1.15.0-py3.6-linux-x86_64.egg (from pandas) (1.15.0)
Requirement already satisfied: six>=1.5 in /opt/apps/software/MPI/GCC/7.3.0/OpenMPI/3.1.2/Python/3.6.6/lib/python3.6/site-packages/six-1.11.0-py3.6.egg (from python-dateutil>=2.5.0->pandas) (1.11.0)
Requirement already satisfied: pytesseract in /home/jcm10/.local/lib/python3.6/site-packages (0.2.9)
Requirement already satisfied: Pillow in /home/jcm10/.local/lib/python3.6/site-packages (from pytesseract) (6.1.0)
Requirement already satisfied: PyPDF2 in /home/jcm10/.local/lib/python3.6/site-packages (1.26.0)
39
inputs
Time for OCR: 100.64538478851318 , 1565975193.3530197
Time for OCR: 71.415935754776 , 1565975264.7690213
Time for OCR: 176.2534463405609 , 1565975441.02251
Time for OCR: 74.06398367881775 , 1565975515.0865417
Time for OCR: 80.84305596351624 , 1565975595.9296515
Time for OCR: 86.89867758750916 , 1565975682.828379
Time for OCR: 98.54573202133179 , 1565975781.3741534
Time for OCR: 102.66682314872742 , 1565975884.0410235
Time for OCR: 95.65621304512024 , 1565975979.6972797
Time for OCR: 90.77737951278687 , 1565976070.4747047
Time for OCR: 61.51748728752136 , 1565976131.9922407
Time for OCR: 85.62775349617004 , 1565976217.620055
Time for OCR: 104.33226704597473 , 1565976321.9523711
Time for OCR: 73.53835463523865 , 1565976395.4907742
Time for OCR: 99.71107077598572 , 1565976495.2018957
Time for OCR: 79.71048760414124 , 1565976574.9124413
Time for OCR: 84.69608473777771 , 1565976659.6085746
Time for OCR: 79.30870175361633 , 1565976738.917335
Time for OCR: 92.49977469444275 , 1565976831.4171567
Time for OCR: 78.14158773422241 , 1565976909.558791
Time for OCR: 73.30603313446045 , 1565976982.8648791
Time for OCR: 107.40887641906738 , 1565977090.2737997
Time for OCR: 114.30249094963074 , 1565977204.576342
Time for OCR: 125.47062420845032 , 1565977330.0470123
Time for OCR: 84.96342349052429 , 1565977415.010483
Time for OCR: 103.05738973617554 , 1565977518.0679255
Time for OCR: 69.82456707954407 , 1565977587.8925416
Time for OCR: 68.21698927879333 , 1565977656.1095843
Time for OCR: 95.2060489654541 , 1565977751.3156984
Time for OCR: 59.57765984535217 , 1565977810.893406
Time for OCR: 86.89871215820312 , 1565977897.7921653
Time for OCR: 119.99316000938416 , 1565978017.7853713
Time for OCR: 177.60435318946838 , 1565978195.3897803
Time for OCR: 111.49073028564453 , 1565978306.880556
Time for OCR: 107.96469116210938 , 1565978414.8453088
Time for OCR: 123.10244727134705 , 1565978537.9478
Time for OCR: 80.2409896850586 , 1565978618.1888366
Time for OCR: 93.64365458488464 , 1565978711.8325398
Time for OCR: 124.7280330657959 , 1565978836.5606308
Time for OCR: 105.24466633796692 , 1565978941.8053467
Time for OCR: 98.81659317016602 , 1565979040.6219912
Time for OCR: 89.52670121192932 , 1565979130.1487396
Time for OCR: 78.2391254901886 , 1565979208.3879092
Time for OCR: 93.05240774154663 , 1565979301.4403625
Time for OCR: 62.25424313545227 , 1565979363.6946557
Time for OCR: 59.13498377799988 , 1565979422.8296914
Time for OCR: 75.48488783836365 , 1565979498.314626
Time for OCR: 41.20717167854309 , 1565979539.5218432
Time for OCR: 87.41018772125244 , 1565979626.9320757
Time for OCR: 51.87331533432007 , 1565979678.8054407
Time for OCR: 81.7209267616272 , 1565979760.526411
Time for OCR: 61.17728233337402 , 1565979821.7037473
Time for OCR: 64.0186197757721 , 1565979885.7224178
Time for OCR: 85.40905141830444 , 1565979971.1315165
Time for OCR: 117.30934834480286 , 1565980088.4409099
Time for OCR: 52.982033014297485 , 1565980141.4229908
Time for OCR: 87.21057939529419 , 1565980228.6336138
Time for OCR: 79.88575625419617 , 1565980308.5194209
Time for OCR: 72.92907881736755 , 1565980381.4485474
Time for OCR: 63.581063747406006 , 1565980445.0296676
Time for OCR: 38.47901940345764 , 1565980483.508737
Time for OCR: 54.433021545410156 , 1565980537.9418046
Time for OCR: 57.1077823638916 , 1565980595.0496345
Time for OCR: 80.74196362495422 , 1565980675.7916434
Time for OCR: 69.72087979316711 , 1565980745.512569
Time for OCR: 86.5422945022583 , 1565980832.0549233
Time for OCR: 67.91043519973755 , 1565980899.9654074
Time for OCR: 77.96487188339233 , 1565980977.930323
Time for OCR: 71.44437980651855 , 1565981049.374755
Time for OCR: 84.06885838508606 , 1565981133.4436567
Time for OCR: 60.52383375167847 , 1565981193.9675353
Time for OCR: 86.06083464622498 , 1565981280.028416
Time for OCR: 49.65176200866699 , 1565981329.680224
Time for OCR: 79.02088403701782 , 1565981408.7011545
Time for OCR: 52.07537007331848 , 1565981460.7765718
Time for OCR: 91.06590986251831 , 1565981551.8425488
Time for OCR: 40.61391854286194 , 1565981592.4565268
Time for OCR: 108.11482572555542 , 1565981700.5714004
Time for OCR: 129.89622354507446 , 1565981830.467669
Time for OCR: 91.44316840171814 , 1565981921.9108825
Time for OCR: 77.7518060207367 , 1565981999.6627345
Time for OCR: 77.84502148628235 , 1565982077.5077996
Time for OCR: 68.33455348014832 , 1565982145.842397
Time for OCR: 54.434582471847534 , 1565982200.2770195
