Requirement already satisfied: pandas in /opt/apps/software/MPI/GCC/7.3.0/OpenMPI/3.1.2/Python/3.6.6/lib/python3.6/site-packages/pandas-0.23.4-py3.6-linux-x86_64.egg (0.23.4)
Requirement already satisfied: python-dateutil>=2.5.0 in /opt/apps/software/MPI/GCC/7.3.0/OpenMPI/3.1.2/Python/3.6.6/lib/python3.6/site-packages/python_dateutil-2.7.3-py3.6.egg (from pandas) (2.7.3)
Requirement already satisfied: pytz>=2011k in /opt/apps/software/MPI/GCC/7.3.0/OpenMPI/3.1.2/Python/3.6.6/lib/python3.6/site-packages/pytz-2018.5-py3.6.egg (from pandas) (2018.5)
Requirement already satisfied: numpy>=1.9.0 in /opt/apps/software/MPI/GCC/7.3.0/OpenMPI/3.1.2/Python/3.6.6/lib/python3.6/site-packages/numpy-1.15.0-py3.6-linux-x86_64.egg (from pandas) (1.15.0)
Requirement already satisfied: six>=1.5 in /opt/apps/software/MPI/GCC/7.3.0/OpenMPI/3.1.2/Python/3.6.6/lib/python3.6/site-packages/six-1.11.0-py3.6.egg (from python-dateutil>=2.5.0->pandas) (1.11.0)
Requirement already satisfied: pytesseract in /home/jcm10/.local/lib/python3.6/site-packages (0.2.9)
Requirement already satisfied: Pillow in /home/jcm10/.local/lib/python3.6/site-packages (from pytesseract) (6.1.0)
Requirement already satisfied: PyPDF2 in /home/jcm10/.local/lib/python3.6/site-packages (1.26.0)
2
inputs
Time for OCR: 69.43913769721985 , 1565975162.384635
Time for OCR: 98.47927927970886 , 1565975260.8639724
Time for OCR: 84.53590083122253 , 1565975345.399922
Time for OCR: 84.22343945503235 , 1565975429.6234095
Time for OCR: 93.74391961097717 , 1565975523.3673728
Time for OCR: 76.2067563533783 , 1565975599.5741723
Time for OCR: 94.05330443382263 , 1565975693.6275177
Time for OCR: 91.4205367565155 , 1565975785.0481026
Time for OCR: 76.24249196052551 , 1565975861.2906415
Time for OCR: 86.5188660621643 , 1565975947.809552
Time for OCR: 50.77810454368591 , 1565975998.5877092
Time for OCR: 81.83283972740173 , 1565976080.4205997
Time for OCR: 99.44837808609009 , 1565976179.8690248
Time for OCR: 87.49521064758301 , 1565976267.36428
Time for OCR: 101.6629421710968 , 1565976369.0272667
Time for OCR: 69.81089878082275 , 1565976438.8382082
Time for OCR: 59.37202477455139 , 1565976498.2102802
Time for OCR: 177.09772515296936 , 1565976675.3080604
Time for OCR: 100.92331838607788 , 1565976776.2314262
Time for OCR: 83.13022136688232 , 1565976859.3616922
Time for OCR: 125.94029974937439 , 1565976985.3020356
Time for OCR: 98.88558888435364 , 1565977084.1876671
Time for OCR: 156.52334761619568 , 1565977240.7110603
Time for OCR: 80.70839142799377 , 1565977321.4194996
Time for OCR: 96.99255847930908 , 1565977418.4121184
Time for OCR: 91.47267818450928 , 1565977509.8848495
Time for OCR: 52.92934560775757 , 1565977562.8142393
Time for OCR: 108.02644729614258 , 1565977670.840736
Time for OCR: 67.80643725395203 , 1565977738.6472213
Time for OCR: 55.34824848175049 , 1565977793.995519
Time for OCR: 70.11462330818176 , 1565977864.1101904
Time for OCR: 91.8539514541626 , 1565977955.9641857
Time for OCR: 68.26239824295044 , 1565978024.226632
Time for OCR: 84.28791356086731 , 1565978108.5145876
Time for OCR: 64.20083332061768 , 1565978172.715468
Time for OCR: 83.82763600349426 , 1565978256.5431595
Time for OCR: 80.22865200042725 , 1565978336.7718587
Time for OCR: 80.61471390724182 , 1565978417.386615
Time for OCR: 93.47598648071289 , 1565978510.8626478
Time for OCR: 102.82124257087708 , 1565978613.683939
Time for OCR: 71.26817536354065 , 1565978684.9521604
Time for OCR: 72.31752824783325 , 1565978757.2697315
Time for OCR: 43.65833377838135 , 1565978800.928108
Time for OCR: 88.92752051353455 , 1565978889.8556702
Time for OCR: 60.688692808151245 , 1565978950.544406
Time for OCR: 75.34106492996216 , 1565979025.8855145
Time for OCR: 89.98422288894653 , 1565979115.8697908
Time for OCR: 78.3689661026001 , 1565979194.238807
Time for OCR: 61.15615391731262 , 1565979255.3950078
Time for OCR: 57.52883553504944 , 1565979312.9238863
Time for OCR: 81.5270471572876 , 1565979394.450987
Time for OCR: 43.15621900558472 , 1565979437.6072538
Time for OCR: 75.22164559364319 , 1565979512.8289428
Time for OCR: 93.8293228149414 , 1565979606.6583111
Time for OCR: 73.7597587108612 , 1565979680.4181137
Time for OCR: 72.2544195652008 , 1565979752.6725743
Time for OCR: 78.71461415290833 , 1565979831.3872333
Time for OCR: 96.23979425430298 , 1565979927.627073
Time for OCR: 82.43037128448486 , 1565980010.0574884
Time for OCR: 90.08966279029846 , 1565980100.1472175
Time for OCR: 78.05536723136902 , 1565980178.202634
Time for OCR: 65.41787552833557 , 1565980243.6205554
Time for OCR: 73.30395674705505 , 1565980316.9245548
Time for OCR: 101.72883343696594 , 1565980418.6534355
Time for OCR: 67.97866773605347 , 1565980486.6321466
Time for OCR: 88.49108219146729 , 1565980575.1232715
Time for OCR: 132.55558323860168 , 1565980707.6789072
Time for OCR: 53.239086389541626 , 1565980760.9180455
Time for OCR: 82.06467843055725 , 1565980842.9827697
Time for OCR: 59.080918073654175 , 1565980902.0637436
Time for OCR: 61.359095335006714 , 1565980963.4228854
Time for OCR: 61.2163028717041 , 1565981024.6392384
Time for OCR: 74.60548233985901 , 1565981099.2447786
Time for OCR: 51.09682559967041 , 1565981150.3416576
Time for OCR: 127.02814626693726 , 1565981277.36986
Time for OCR: 100.27967953681946 , 1565981377.6496043
Time for OCR: 31.39657950401306 , 1565981409.0462415
Time for OCR: 57.5496346950531 , 1565981466.5959353
Time for OCR: 63.30040502548218 , 1565981529.8963895
Time for OCR: 46.99545907974243 , 1565981576.891915
Time for OCR: 92.36603546142578 , 1565981669.2580166
Time for OCR: 61.856821060180664 , 1565981731.1148927
Time for OCR: 53.73709964752197 , 1565981784.8520482
Time for OCR: 93.40614175796509 , 1565981878.2582471
Time for OCR: 23.6377956867218 , 1565981901.8961086
