Requirement already satisfied: pandas in /opt/apps/software/MPI/GCC/7.3.0/OpenMPI/3.1.2/Python/3.6.6/lib/python3.6/site-packages/pandas-0.23.4-py3.6-linux-x86_64.egg (0.23.4)
Requirement already satisfied: python-dateutil>=2.5.0 in /opt/apps/software/MPI/GCC/7.3.0/OpenMPI/3.1.2/Python/3.6.6/lib/python3.6/site-packages/python_dateutil-2.7.3-py3.6.egg (from pandas) (2.7.3)
Requirement already satisfied: pytz>=2011k in /opt/apps/software/MPI/GCC/7.3.0/OpenMPI/3.1.2/Python/3.6.6/lib/python3.6/site-packages/pytz-2018.5-py3.6.egg (from pandas) (2018.5)
Requirement already satisfied: numpy>=1.9.0 in /opt/apps/software/MPI/GCC/7.3.0/OpenMPI/3.1.2/Python/3.6.6/lib/python3.6/site-packages/numpy-1.15.0-py3.6-linux-x86_64.egg (from pandas) (1.15.0)
Requirement already satisfied: six>=1.5 in /opt/apps/software/MPI/GCC/7.3.0/OpenMPI/3.1.2/Python/3.6.6/lib/python3.6/site-packages/six-1.11.0-py3.6.egg (from python-dateutil>=2.5.0->pandas) (1.11.0)
Requirement already satisfied: pytesseract in /home/jcm10/.local/lib/python3.6/site-packages (0.2.9)
Requirement already satisfied: Pillow in /home/jcm10/.local/lib/python3.6/site-packages (from pytesseract) (6.1.0)
Requirement already satisfied: PyPDF2 in /home/jcm10/.local/lib/python3.6/site-packages (1.26.0)
35
inputs
Time for OCR: 94.75011134147644 , 1565975187.427459
Time for OCR: 65.78124451637268 , 1565975253.208777
Time for OCR: 149.95525407791138 , 1565975403.1640809
Time for OCR: 90.32490038871765 , 1565975493.489022
Time for OCR: 86.60252809524536 , 1565975580.091598
Time for OCR: 104.18489813804626 , 1565975684.276545
Time for OCR: 95.06387066841125 , 1565975779.340474
Time for OCR: 115.45448327064514 , 1565975894.7950003
Time for OCR: 92.12769722938538 , 1565975986.922745
Time for OCR: 43.08385348320007 , 1565976030.0066466
Time for OCR: 72.45179295539856 , 1565976102.4584892
Time for OCR: 102.5746750831604 , 1565976205.0332093
Time for OCR: 87.33989977836609 , 1565976292.3731554
Time for OCR: 77.19504618644714 , 1565976369.5682476
Time for OCR: 84.39077305793762 , 1565976453.9590688
Time for OCR: 111.68328928947449 , 1565976565.6424036
Time for OCR: 93.4332492351532 , 1565976659.0757015
Time for OCR: 89.00063514709473 , 1565976748.076384
Time for OCR: 107.87787699699402 , 1565976855.954307
Time for OCR: 76.15605044364929 , 1565976932.110406
Time for OCR: 62.067442655563354 , 1565976994.1778932
Time for OCR: 65.33892917633057 , 1565977059.5168788
Time for OCR: 93.09530019760132 , 1565977152.6122265
Time for OCR: 96.88689851760864 , 1565977249.49917
Time for OCR: 86.8139283657074 , 1565977336.313146
Time for OCR: 92.44880747795105 , 1565977428.7619984
Time for OCR: 90.69845151901245 , 1565977519.4604993
Time for OCR: 103.61501359939575 , 1565977623.0755568
Time for OCR: 76.55198836326599 , 1565977699.6275988
Time for OCR: 77.64509606361389 , 1565977777.2727425
Time for OCR: 92.25183963775635 , 1565977869.5246284
Time for OCR: 104.66894507408142 , 1565977974.1936204
Time for OCR: 132.40633010864258 , 1565978106.5999994
Time for OCR: 93.70813226699829 , 1565978200.308175
Time for OCR: 84.84440732002258 , 1565978285.1526308
Time for OCR: 103.74679923057556 , 1565978388.899487
Time for OCR: 84.78465127944946 , 1565978473.684184
Time for OCR: 39.21486163139343 , 1565978512.8990886
Time for OCR: 73.35844826698303 , 1565978586.2575817
Time for OCR: 106.63944911956787 , 1565978692.8970914
Time for OCR: 91.58054399490356 , 1565978784.4776874
Time for OCR: 139.02355551719666 , 1565978923.501289
Time for OCR: 80.89052724838257 , 1565979004.3918636
Time for OCR: 93.22889733314514 , 1565979097.6208112
Time for OCR: 52.84341502189636 , 1565979150.4642708
Time for OCR: 58.1923406124115 , 1565979208.6566548
Time for OCR: 56.704867362976074 , 1565979265.3615673
Time for OCR: 74.535001039505 , 1565979339.8966231
Time for OCR: 42.277405977249146 , 1565979382.1740716
Time for OCR: 76.94493293762207 , 1565979459.1190486
Time for OCR: 57.30171251296997 , 1565979516.4208078
Time for OCR: 77.65889358520508 , 1565979594.079755
Time for OCR: 67.55184960365295 , 1565979661.6316545
Time for OCR: 58.03791666030884 , 1565979719.669617
Time for OCR: 53.43215346336365 , 1565979773.1018138
Time for OCR: 104.09894800186157 , 1565979877.2008111
Time for OCR: 109.17952156066895 , 1565979986.3803768
Time for OCR: 35.3145387172699 , 1565980021.6949599
Time for OCR: 111.02628755569458 , 1565980132.7212968
Time for OCR: 81.19115209579468 , 1565980213.9124959
Time for OCR: 61.98451113700867 , 1565980275.8970516
Time for OCR: 76.37064599990845 , 1565980352.2677422
Time for OCR: 98.689199924469 , 1565980450.9569886
Time for OCR: 72.47770428657532 , 1565980523.4347417
Time for OCR: 65.08136034011841 , 1565980588.5161471
Time for OCR: 81.1470992565155 , 1565980669.6632931
Time for OCR: 60.217564821243286 , 1565980729.8809013
Time for OCR: 62.083653688430786 , 1565980791.9646058
Time for OCR: 51.79614853858948 , 1565980843.760802
Time for OCR: 73.81297445297241 , 1565980917.5738182
Time for OCR: 71.77375817298889 , 1565980989.3476193
Time for OCR: 71.5275514125824 , 1565981060.875215
Time for OCR: 65.76656126976013 , 1565981126.6418257
Time for OCR: 70.61695003509521 , 1565981197.2588224
Time for OCR: 77.90205717086792 , 1565981275.1609218
Time for OCR: 75.79977321624756 , 1565981350.9607368
Time for OCR: 77.36196517944336 , 1565981428.322744
Time for OCR: 83.48235750198364 , 1565981511.8051498
Time for OCR: 45.883254289627075 , 1565981557.6884499
Time for OCR: 27.411883115768433 , 1565981585.1003766
Time for OCR: 64.22461342811584 , 1565981649.3250399
Time for OCR: 81.52558588981628 , 1565981730.8506682
Time for OCR: 61.40096187591553 , 1565981792.251677
Time for OCR: 80.46422672271729 , 1565981872.7159464
