Requirement already satisfied: pandas in /opt/apps/software/MPI/GCC/7.3.0/OpenMPI/3.1.2/Python/3.6.6/lib/python3.6/site-packages/pandas-0.23.4-py3.6-linux-x86_64.egg (0.23.4)
Requirement already satisfied: python-dateutil>=2.5.0 in /opt/apps/software/MPI/GCC/7.3.0/OpenMPI/3.1.2/Python/3.6.6/lib/python3.6/site-packages/python_dateutil-2.7.3-py3.6.egg (from pandas) (2.7.3)
Requirement already satisfied: pytz>=2011k in /opt/apps/software/MPI/GCC/7.3.0/OpenMPI/3.1.2/Python/3.6.6/lib/python3.6/site-packages/pytz-2018.5-py3.6.egg (from pandas) (2018.5)
Requirement already satisfied: numpy>=1.9.0 in /opt/apps/software/MPI/GCC/7.3.0/OpenMPI/3.1.2/Python/3.6.6/lib/python3.6/site-packages/numpy-1.15.0-py3.6-linux-x86_64.egg (from pandas) (1.15.0)
Requirement already satisfied: six>=1.5 in /opt/apps/software/MPI/GCC/7.3.0/OpenMPI/3.1.2/Python/3.6.6/lib/python3.6/site-packages/six-1.11.0-py3.6.egg (from python-dateutil>=2.5.0->pandas) (1.11.0)
Requirement already satisfied: pytesseract in /home/jcm10/.local/lib/python3.6/site-packages (0.2.9)
Requirement already satisfied: Pillow in /home/jcm10/.local/lib/python3.6/site-packages (from pytesseract) (6.1.0)
Requirement already satisfied: PyPDF2 in /home/jcm10/.local/lib/python3.6/site-packages (1.26.0)
38
inputs
Time for OCR: 118.9748945236206 , 1565975211.68255
Time for OCR: 95.5188992023468 , 1565975307.2015243
Time for OCR: 103.46763443946838 , 1565975410.6692073
Time for OCR: 107.13611316680908 , 1565975517.8053694
Time for OCR: 65.09688067436218 , 1565975582.9022994
Time for OCR: 103.6639654636383 , 1565975686.5663197
Time for OCR: 95.58788824081421 , 1565975782.1542516
Time for OCR: 73.54369688034058 , 1565975855.6979942
Time for OCR: 70.92768049240112 , 1565975926.625721
Time for OCR: 60.061816930770874 , 1565975986.6875978
Time for OCR: 168.7005033493042 , 1565976155.388157
Time for OCR: 89.77004647254944 , 1565976245.1582556
Time for OCR: 100.03361916542053 , 1565976345.1919312
Time for OCR: 88.03707313537598 , 1565976433.2290542
Time for OCR: 84.4913957118988 , 1565976517.7204995
Time for OCR: 122.85459017753601 , 1565976640.5751379
Time for OCR: 62.34994339942932 , 1565976702.9251335
Time for OCR: 87.7706618309021 , 1565976790.6958427
Time for OCR: 102.63140082359314 , 1565976893.3272967
Time for OCR: 96.90731263160706 , 1565976990.2346554
Time for OCR: 106.13095307350159 , 1565977096.3656542
Time for OCR: 100.20105743408203 , 1565977196.5667589
Time for OCR: 61.35240077972412 , 1565977257.9192116
Time for OCR: 109.44615197181702 , 1565977367.365413
Time for OCR: 60.08931612968445 , 1565977427.454775
Time for OCR: 94.40850687026978 , 1565977521.8633306
Time for OCR: 103.14841270446777 , 1565977625.0117993
Time for OCR: 112.52311587333679 , 1565977737.5349739
Time for OCR: 42.429651975631714 , 1565977779.9646733
Time for OCR: 62.18434190750122 , 1565977842.1490645
Time for OCR: 89.24311304092407 , 1565977931.3922272
Time for OCR: 89.8424232006073 , 1565978021.234695
Time for OCR: 90.58482551574707 , 1565978111.8195665
Time for OCR: 105.50722122192383 , 1565978217.326841
Time for OCR: 76.87210988998413 , 1565978294.199001
Time for OCR: 69.72545051574707 , 1565978363.9244971
Time for OCR: 84.54003381729126 , 1565978448.4645803
Time for OCR: 75.5081217288971 , 1565978523.9727685
Time for OCR: 83.27532029151917 , 1565978607.248151
Time for OCR: 106.06185841560364 , 1565978713.3100572
Time for OCR: 215.69892978668213 , 1565978929.0090377
Time for OCR: 79.7377233505249 , 1565979008.7468064
Time for OCR: 63.216888189315796 , 1565979071.9637487
Time for OCR: 93.96612668037415 , 1565979165.9299195
Time for OCR: 61.69407367706299 , 1565979227.6240408
Time for OCR: 87.28387141227722 , 1565979314.907959
Time for OCR: 67.40461277961731 , 1565979382.3126206
Time for OCR: 94.70561599731445 , 1565979477.0182846
Time for OCR: 79.31816816329956 , 1565979556.3365026
Time for OCR: 70.31462478637695 , 1565979626.6511705
Time for OCR: 38.9645676612854 , 1565979665.6157873
Time for OCR: 25.830695152282715 , 1565979691.4465299
Time for OCR: 69.13138246536255 , 1565979760.577961
Time for OCR: 77.58680939674377 , 1565979838.164824
Time for OCR: 30.78946042060852 , 1565979868.9543371
Time for OCR: 72.62092471122742 , 1565979941.5753095
Time for OCR: 84.33955526351929 , 1565980025.9149096
Time for OCR: 87.36873316764832 , 1565980113.2836874
Time for OCR: 69.10704398155212 , 1565980182.3907828
Time for OCR: 64.0661973953247 , 1565980246.457029
Time for OCR: 111.23317050933838 , 1565980357.6902447
Time for OCR: 49.58321499824524 , 1565980407.2735045
Time for OCR: 76.3573408126831 , 1565980483.6309013
Time for OCR: 80.85598635673523 , 1565980564.4869337
Time for OCR: 67.87069129943848 , 1565980632.357671
Time for OCR: 84.08321928977966 , 1565980716.440936
Time for OCR: 66.42994594573975 , 1565980782.8709273
Time for OCR: 70.41304731369019 , 1565980853.2840202
Time for OCR: 54.32515835762024 , 1565980907.609225
Time for OCR: 126.05289697647095 , 1565981033.6621773
Time for OCR: 66.78525471687317 , 1565981100.447482
Time for OCR: 103.82143306732178 , 1565981204.2689662
Time for OCR: 65.85307264328003 , 1565981270.1220863
Time for OCR: 82.38355278968811 , 1565981352.5056891
Time for OCR: 75.18320322036743 , 1565981427.688939
Time for OCR: 91.65523505210876 , 1565981519.3442276
Time for OCR: 63.543606758117676 , 1565981582.8878813
Time for OCR: 62.42409133911133 , 1565981645.3120177
Time for OCR: 62.50179719924927 , 1565981707.813861
Time for OCR: 71.90902256965637 , 1565981779.722937
Time for OCR: 52.31768774986267 , 1565981832.0406718
Time for OCR: 80.54190325737 , 1565981912.5826209
Time for OCR: 69.67778301239014 , 1565981982.2604506
Time for OCR: 51.41850399971008 , 1565982033.6790013
