Requirement already satisfied: pandas in /opt/apps/software/MPI/GCC/7.3.0/OpenMPI/3.1.2/Python/3.6.6/lib/python3.6/site-packages/pandas-0.23.4-py3.6-linux-x86_64.egg (0.23.4)
Requirement already satisfied: python-dateutil>=2.5.0 in /opt/apps/software/MPI/GCC/7.3.0/OpenMPI/3.1.2/Python/3.6.6/lib/python3.6/site-packages/python_dateutil-2.7.3-py3.6.egg (from pandas) (2.7.3)
Requirement already satisfied: pytz>=2011k in /opt/apps/software/MPI/GCC/7.3.0/OpenMPI/3.1.2/Python/3.6.6/lib/python3.6/site-packages/pytz-2018.5-py3.6.egg (from pandas) (2018.5)
Requirement already satisfied: numpy>=1.9.0 in /opt/apps/software/MPI/GCC/7.3.0/OpenMPI/3.1.2/Python/3.6.6/lib/python3.6/site-packages/numpy-1.15.0-py3.6-linux-x86_64.egg (from pandas) (1.15.0)
Requirement already satisfied: six>=1.5 in /opt/apps/software/MPI/GCC/7.3.0/OpenMPI/3.1.2/Python/3.6.6/lib/python3.6/site-packages/six-1.11.0-py3.6.egg (from python-dateutil>=2.5.0->pandas) (1.11.0)
Requirement already satisfied: pytesseract in /home/jcm10/.local/lib/python3.6/site-packages (0.2.9)
Requirement already satisfied: Pillow in /home/jcm10/.local/lib/python3.6/site-packages (from pytesseract) (6.1.0)
Requirement already satisfied: PyPDF2 in /home/jcm10/.local/lib/python3.6/site-packages (1.26.0)
26
inputs
Time for OCR: 53.26243233680725 , 1565975145.937574
Time for OCR: 103.83549189567566 , 1565975249.7731295
Time for OCR: 76.48216533660889 , 1565975326.255343
Time for OCR: 110.13333034515381 , 1565975436.3887215
Time for OCR: 94.92117524147034 , 1565975531.3099403
Time for OCR: 83.8492636680603 , 1565975615.1592598
Time for OCR: 84.04106140136719 , 1565975699.2003675
Time for OCR: 132.02451634407043 , 1565975831.2249289
Time for OCR: 96.25456357002258 , 1565975927.4795372
Time for OCR: 79.80379629135132 , 1565976007.283394
Time for OCR: 106.77573251724243 , 1565976114.0591826
Time for OCR: 150.79527688026428 , 1565976264.8545063
Time for OCR: 75.54880666732788 , 1565976340.4033644
Time for OCR: 127.65476632118225 , 1565976468.0581791
Time for OCR: 98.02303981781006 , 1565976566.0812695
Time for OCR: 105.69540357589722 , 1565976671.7767231
Time for OCR: 93.22219562530518 , 1565976764.9989643
Time for OCR: 107.31836581230164 , 1565976872.317372
Time for OCR: 83.72558832168579 , 1565976956.0430114
Time for OCR: 128.41062903404236 , 1565977084.4536905
Time for OCR: 83.06317496299744 , 1565977167.516914
Time for OCR: 76.03352880477905 , 1565977243.550495
Time for OCR: 71.52557063102722 , 1565977315.0761163
Time for OCR: 83.83760046958923 , 1565977398.9137602
Time for OCR: 63.39741039276123 , 1565977462.311216
Time for OCR: 91.98893141746521 , 1565977554.300196
Time for OCR: 87.7789523601532 , 1565977642.079197
Time for OCR: 75.24845957756042 , 1565977717.3277044
Time for OCR: 108.16585159301758 , 1565977825.4935997
Time for OCR: 83.69244813919067 , 1565977909.1861012
Time for OCR: 84.21994352340698 , 1565977993.4060974
Time for OCR: 174.36523151397705 , 1565978167.7713766
Time for OCR: 143.9028754234314 , 1565978311.6742976
Time for OCR: 92.37386107444763 , 1565978404.0482073
Time for OCR: 100.49082612991333 , 1565978504.5390851
Time for OCR: 82.97745418548584 , 1565978587.5165827
Time for OCR: 70.08979177474976 , 1565978657.606437
Time for OCR: 82.61044383049011 , 1565978740.2169309
Time for OCR: 75.50336813926697 , 1565978815.7203462
Time for OCR: 85.98156690597534 , 1565978901.7019637
Time for OCR: 135.23185563087463 , 1565979036.9338653
Time for OCR: 93.45185375213623 , 1565979130.385764
Time for OCR: 95.88936638832092 , 1565979226.2751856
Time for OCR: 64.07963991165161 , 1565979290.354869
Time for OCR: 55.031750440597534 , 1565979345.3866804
Time for OCR: 77.83273243904114 , 1565979423.2194567
Time for OCR: 84.81799697875977 , 1565979508.0375025
Time for OCR: 66.02757334709167 , 1565979574.0651217
Time for OCR: 63.836745738983154 , 1565979637.9019132
Time for OCR: 60.40770244598389 , 1565979698.3096654
Time for OCR: 52.656031370162964 , 1565979750.965743
Time for OCR: 64.88732743263245 , 1565979815.853117
Time for OCR: 104.46635317802429 , 1565979920.3195136
Time for OCR: 95.13308835029602 , 1565980015.4526463
Time for OCR: 71.59464859962463 , 1565980087.047341
Time for OCR: 77.11998581886292 , 1565980164.1673734
Time for OCR: 98.28228545188904 , 1565980262.449704
Time for OCR: 76.4545328617096 , 1565980338.9042833
Time for OCR: 131.45636010169983 , 1565980470.360687
Time for OCR: 83.28359460830688 , 1565980553.6443245
Time for OCR: 71.26898670196533 , 1565980624.9133554
Time for OCR: 38.88091278076172 , 1565980663.794315
Time for OCR: 76.16310262680054 , 1565980739.9574618
Time for OCR: 99.55606865882874 , 1565980839.513579
Time for OCR: 42.47136855125427 , 1565980881.985003
Time for OCR: 55.71439170837402 , 1565980937.6994393
Time for OCR: 99.06108570098877 , 1565981036.7605734
Time for OCR: 60.85437989234924 , 1565981097.6150143
Time for OCR: 77.45849537849426 , 1565981175.0735545
Time for OCR: 56.20880365371704 , 1565981231.282415
Time for OCR: 100.04211354255676 , 1565981331.324572
Time for OCR: 146.46512413024902 , 1565981477.7897515
Time for OCR: 55.35786724090576 , 1565981533.1476648
Time for OCR: 62.26672077178955 , 1565981595.4144297
Time for OCR: 63.387922286987305 , 1565981658.8023987
Time for OCR: 90.78818702697754 , 1565981749.5906346
Time for OCR: 93.39640712738037 , 1565981842.9870915
Time for OCR: 63.25269532203674 , 1565981906.239832
Time for OCR: 73.29200220108032 , 1565981979.5318782
Time for OCR: 55.546968936920166 , 1565982035.078892
Time for OCR: 57.635332345962524 , 1565982092.71427
Time for OCR: 54.41158390045166 , 1565982147.1258972
Time for OCR: 80.24433016777039 , 1565982227.370271
Time for OCR: 62.28699445724487 , 1565982289.657307
