Requirement already satisfied: pandas in /opt/apps/software/MPI/GCC/7.3.0/OpenMPI/3.1.2/Python/3.6.6/lib/python3.6/site-packages/pandas-0.23.4-py3.6-linux-x86_64.egg (0.23.4)
Requirement already satisfied: python-dateutil>=2.5.0 in /opt/apps/software/MPI/GCC/7.3.0/OpenMPI/3.1.2/Python/3.6.6/lib/python3.6/site-packages/python_dateutil-2.7.3-py3.6.egg (from pandas) (2.7.3)
Requirement already satisfied: pytz>=2011k in /opt/apps/software/MPI/GCC/7.3.0/OpenMPI/3.1.2/Python/3.6.6/lib/python3.6/site-packages/pytz-2018.5-py3.6.egg (from pandas) (2018.5)
Requirement already satisfied: numpy>=1.9.0 in /opt/apps/software/MPI/GCC/7.3.0/OpenMPI/3.1.2/Python/3.6.6/lib/python3.6/site-packages/numpy-1.15.0-py3.6-linux-x86_64.egg (from pandas) (1.15.0)
Requirement already satisfied: six>=1.5 in /opt/apps/software/MPI/GCC/7.3.0/OpenMPI/3.1.2/Python/3.6.6/lib/python3.6/site-packages/six-1.11.0-py3.6.egg (from python-dateutil>=2.5.0->pandas) (1.11.0)
Requirement already satisfied: pytesseract in /home/jcm10/.local/lib/python3.6/site-packages (0.2.9)
Requirement already satisfied: Pillow in /home/jcm10/.local/lib/python3.6/site-packages (from pytesseract) (6.1.0)
Requirement already satisfied: PyPDF2 in /home/jcm10/.local/lib/python3.6/site-packages (1.26.0)
9
inputs
Time for OCR: 90.12735939025879 , 1565975183.0897539
Time for OCR: 80.14352941513062 , 1565975263.2333436
Time for OCR: 105.66174483299255 , 1565975368.895133
Time for OCR: 73.29310870170593 , 1565975442.188291
Time for OCR: 98.70951914787292 , 1565975540.8978505
Time for OCR: 73.20445394515991 , 1565975614.1023505
Time for OCR: 84.92370343208313 , 1565975699.0261
Time for OCR: 66.89869260787964 , 1565975765.9248428
Time for OCR: 89.68045234680176 , 1565975855.6053386
Time for OCR: 73.44310641288757 , 1565975929.048491
Time for OCR: 73.75041365623474 , 1565976002.7989955
Time for OCR: 62.575847864151 , 1565976065.374889
Time for OCR: 69.92565488815308 , 1565976135.3005884
Time for OCR: 72.80883407592773 , 1565976208.1094718
Time for OCR: 160.83105087280273 , 1565976368.9405916
Time for OCR: 73.92157649993896 , 1565976442.86221
Time for OCR: 91.6211450099945 , 1565976534.4833996
Time for OCR: 103.62677764892578 , 1565976638.110221
Time for OCR: 35.720165967941284 , 1565976673.8304365
Time for OCR: 95.85697889328003 , 1565976769.687459
Time for OCR: 108.63329315185547 , 1565976878.3208058
Time for OCR: 77.31219172477722 , 1565976955.6330419
Time for OCR: 140.47966480255127 , 1565977096.1127532
Time for OCR: 87.29918599128723 , 1565977183.4119878
Time for OCR: 84.85465598106384 , 1565977268.2666848
Time for OCR: 90.46450901031494 , 1565977358.7312372
Time for OCR: 97.0799949169159 , 1565977455.8112817
Time for OCR: 63.44961929321289 , 1565977519.260946
Time for OCR: 67.0634138584137 , 1565977586.3244114
Time for OCR: 101.84348917007446 , 1565977688.1679502
Time for OCR: 107.8908269405365 , 1565977796.0588255
Time for OCR: 115.6043860912323 , 1565977911.6632617
Time for OCR: 105.64246010780334 , 1565978017.3057656
Time for OCR: 51.35235261917114 , 1565978068.6581614
Time for OCR: 89.99896097183228 , 1565978158.6571655
Time for OCR: 91.83644390106201 , 1565978250.493651
Time for OCR: 91.85798788070679 , 1565978342.3516865
Time for OCR: 94.6710753440857 , 1565978437.0228045
Time for OCR: 76.56442070007324 , 1565978513.5872703
Time for OCR: 76.7356173992157 , 1565978590.3229315
Time for OCR: 57.51278638839722 , 1565978647.8357668
Time for OCR: 80.16330242156982 , 1565978727.9991133
Time for OCR: 54.086023569107056 , 1565978782.0851812
Time for OCR: 72.15413308143616 , 1565978854.2393568
Time for OCR: 72.70637941360474 , 1565978926.945781
Time for OCR: 78.43527412414551 , 1565979005.3810952
Time for OCR: 56.13774371147156 , 1565979061.5188844
Time for OCR: 69.51903676986694 , 1565979131.0379665
Time for OCR: 62.390552282333374 , 1565979193.4285617
Time for OCR: 81.31995439529419 , 1565979274.7485573
Time for OCR: 56.19259190559387 , 1565979330.9411993
Time for OCR: 67.45499539375305 , 1565979398.3962445
Time for OCR: 57.28890514373779 , 1565979455.685198
Time for OCR: 58.45658469200134 , 1565979514.1418262
Time for OCR: 59.24536347389221 , 1565979573.3872375
Time for OCR: 60.04437589645386 , 1565979633.431655
Time for OCR: 85.45874285697937 , 1565979718.8904388
Time for OCR: 70.66373300552368 , 1565979789.554215
Time for OCR: 43.79959154129028 , 1565979833.3538532
Time for OCR: 68.30946898460388 , 1565979901.663373
Time for OCR: 60.588834047317505 , 1565979962.2522514
Time for OCR: 75.28065013885498 , 1565980037.5329428
Time for OCR: 61.67117094993591 , 1565980099.204156
Time for OCR: 59.73634052276611 , 1565980158.9405453
Time for OCR: 88.59979748725891 , 1565980247.5403879
Time for OCR: 76.23194599151611 , 1565980323.7723787
Time for OCR: 78.99650311470032 , 1565980402.7689316
Time for OCR: 48.40873908996582 , 1565980451.1777124
Time for OCR: 98.26968765258789 , 1565980549.4474435
Time for OCR: 93.09829831123352 , 1565980642.545787
Time for OCR: 78.55068397521973 , 1565980721.0965197
Time for OCR: 70.50300598144531 , 1565980791.599572
Time for OCR: 50.09241056442261 , 1565980841.6920276
Time for OCR: 80.29012870788574 , 1565980921.982199
Time for OCR: 101.56367254257202 , 1565981023.5459158
Time for OCR: 38.23232460021973 , 1565981061.778303
Time for OCR: 86.07822251319885 , 1565981147.856577
Time for OCR: 67.06646156311035 , 1565981214.9230912
Time for OCR: 69.58755373954773 , 1565981284.5107021
Time for OCR: 90.16011071205139 , 1565981374.6708736
Time for OCR: 44.76824355125427 , 1565981419.439173
Time for OCR: 79.59244513511658 , 1565981499.031678
Time for OCR: 65.0942873954773 , 1565981564.126029
Time for OCR: 56.48873686790466 , 1565981620.6148257
Time for OCR: 16.35877227783203 , 1565981636.9736538
