Requirement already satisfied: pandas in /opt/apps/software/MPI/GCC/7.3.0/OpenMPI/3.1.2/Python/3.6.6/lib/python3.6/site-packages/pandas-0.23.4-py3.6-linux-x86_64.egg (0.23.4)
Requirement already satisfied: python-dateutil>=2.5.0 in /opt/apps/software/MPI/GCC/7.3.0/OpenMPI/3.1.2/Python/3.6.6/lib/python3.6/site-packages/python_dateutil-2.7.3-py3.6.egg (from pandas) (2.7.3)
Requirement already satisfied: pytz>=2011k in /opt/apps/software/MPI/GCC/7.3.0/OpenMPI/3.1.2/Python/3.6.6/lib/python3.6/site-packages/pytz-2018.5-py3.6.egg (from pandas) (2018.5)
Requirement already satisfied: numpy>=1.9.0 in /opt/apps/software/MPI/GCC/7.3.0/OpenMPI/3.1.2/Python/3.6.6/lib/python3.6/site-packages/numpy-1.15.0-py3.6-linux-x86_64.egg (from pandas) (1.15.0)
Requirement already satisfied: six>=1.5 in /opt/apps/software/MPI/GCC/7.3.0/OpenMPI/3.1.2/Python/3.6.6/lib/python3.6/site-packages/six-1.11.0-py3.6.egg (from python-dateutil>=2.5.0->pandas) (1.11.0)
Requirement already satisfied: pytesseract in /home/jcm10/.local/lib/python3.6/site-packages (0.2.9)
Requirement already satisfied: Pillow in /home/jcm10/.local/lib/python3.6/site-packages (from pytesseract) (6.1.0)
Requirement already satisfied: PyPDF2 in /home/jcm10/.local/lib/python3.6/site-packages (1.26.0)
47
inputs
Time for OCR: 79.78240036964417 , 1565975172.4600813
Time for OCR: 75.80367183685303 , 1565975248.2638128
Time for OCR: 66.91262030601501 , 1565975315.176476
Time for OCR: 65.0833899974823 , 1565975380.259905
Time for OCR: 74.5487928390503 , 1565975454.8087397
Time for OCR: 74.22370314598083 , 1565975529.0324845
Time for OCR: 66.83999013900757 , 1565975595.8725207
Time for OCR: 127.95411276817322 , 1565975723.8266728
Time for OCR: 84.98691082000732 , 1565975808.813625
Time for OCR: 69.54400062561035 , 1565975878.3576717
Time for OCR: 73.03026151657104 , 1565975951.3879752
Time for OCR: 51.13601994514465 , 1565976002.5240464
Time for OCR: 56.649155616760254 , 1565976059.173242
Time for OCR: 71.41109371185303 , 1565976130.584382
Time for OCR: 72.9107403755188 , 1565976203.4951668
Time for OCR: 54.98416209220886 , 1565976258.4793718
Time for OCR: 73.5207097530365 , 1565976332.0001318
Time for OCR: 78.59191131591797 , 1565976410.5920868
Time for OCR: 59.78704118728638 , 1565976470.379169
Time for OCR: 87.18082070350647 , 1565976557.5600286
Time for OCR: 81.3886559009552 , 1565976638.9487255
Time for OCR: 57.40083360671997 , 1565976696.349614
Time for OCR: 52.189709424972534 , 1565976748.539364
Time for OCR: 52.1332802772522 , 1565976800.6726851
Time for OCR: 50.20567750930786 , 1565976850.8784034
Time for OCR: 64.52690148353577 , 1565976915.4053524
Time for OCR: 93.65049386024475 , 1565977009.0559008
Time for OCR: 73.21621608734131 , 1565977082.2721646
Time for OCR: 93.86407256126404 , 1565977176.1362917
Time for OCR: 108.01590061187744 , 1565977284.1522439
Time for OCR: 72.19814395904541 , 1565977356.3504345
Time for OCR: 121.70393419265747 , 1565977478.054422
Time for OCR: 56.10040593147278 , 1565977534.1548808
Time for OCR: 68.23639559745789 , 1565977602.3913212
Time for OCR: 60.75595045089722 , 1565977663.1473136
Time for OCR: 90.21272540092468 , 1565977753.3600843
Time for OCR: 71.61288475990295 , 1565977824.9730139
Time for OCR: 58.610347509384155 , 1565977883.583408
Time for OCR: 55.385509967803955 , 1565977938.9689665
Time for OCR: 78.2684097290039 , 1565978017.237421
Time for OCR: 66.23365926742554 , 1565978083.471121
Time for OCR: 71.998055934906 , 1565978155.469225
Time for OCR: 29.715723514556885 , 1565978185.1849923
Time for OCR: 37.30713367462158 , 1565978222.4921727
Time for OCR: 52.979023694992065 , 1565978275.4712415
Time for OCR: 69.18045473098755 , 1565978344.6517375
Time for OCR: 72.48140144348145 , 1565978417.1331801
Time for OCR: 71.22718858718872 , 1565978488.3604121
Time for OCR: 54.595887184143066 , 1565978542.956338
Time for OCR: 54.966362953186035 , 1565978597.9227471
Time for OCR: 28.425474882125854 , 1565978626.3482666
Time for OCR: 55.777184009552 , 1565978682.1254933
Time for OCR: 37.00649905204773 , 1565978719.132037
Time for OCR: 56.99687314033508 , 1565978776.1289492
Time for OCR: 68.62021446228027 , 1565978844.749207
Time for OCR: 46.35405492782593 , 1565978891.103302
Time for OCR: 64.52538919448853 , 1565978955.6287363
Time for OCR: 50.541277170181274 , 1565979006.1700583
Time for OCR: 69.6316089630127 , 1565979075.8017104
Time for OCR: 55.5648467540741 , 1565979131.366598
Time for OCR: 61.47248458862305 , 1565979192.8391252
Time for OCR: 47.501720666885376 , 1565979240.3408904
Time for OCR: 61.23830509185791 , 1565979301.579238
Time for OCR: 67.22809839248657 , 1565979368.8073826
Time for OCR: 63.2935585975647 , 1565979432.1009872
Time for OCR: 85.0727379322052 , 1565979517.1737688
Time for OCR: 58.78948974609375 , 1565979575.963299
Time for OCR: 80.01668810844421 , 1565979655.980056
Time for OCR: 56.12336182594299 , 1565979712.103509
Time for OCR: 50.760823488235474 , 1565979762.864399
Time for OCR: 37.545859575271606 , 1565979800.4103055
Time for OCR: 78.07150721549988 , 1565979878.4818838
Time for OCR: 59.0413544178009 , 1565979937.5233207
Time for OCR: 51.792333364486694 , 1565979989.3157337
Time for OCR: 48.5138578414917 , 1565980037.829694
Time for OCR: 34.69871544837952 , 1565980072.5284615
Time for OCR: 51.28105664253235 , 1565980123.8096185
Time for OCR: 80.62676525115967 , 1565980204.4364433
Time for OCR: 79.8984489440918 , 1565980284.3349555
Time for OCR: 92.41760611534119 , 1565980376.752654
Time for OCR: 76.50483441352844 , 1565980453.2575703
Time for OCR: 85.29237866401672 , 1565980538.550022
Time for OCR: 60.02195143699646 , 1565980598.5720315
Time for OCR: 80.76793646812439 , 1565980679.3400269
