Requirement already satisfied: pandas in /opt/apps/software/MPI/GCC/7.3.0/OpenMPI/3.1.2/Python/3.6.6/lib/python3.6/site-packages/pandas-0.23.4-py3.6-linux-x86_64.egg (0.23.4)
Requirement already satisfied: python-dateutil>=2.5.0 in /opt/apps/software/MPI/GCC/7.3.0/OpenMPI/3.1.2/Python/3.6.6/lib/python3.6/site-packages/python_dateutil-2.7.3-py3.6.egg (from pandas) (2.7.3)
Requirement already satisfied: pytz>=2011k in /opt/apps/software/MPI/GCC/7.3.0/OpenMPI/3.1.2/Python/3.6.6/lib/python3.6/site-packages/pytz-2018.5-py3.6.egg (from pandas) (2018.5)
Requirement already satisfied: numpy>=1.9.0 in /opt/apps/software/MPI/GCC/7.3.0/OpenMPI/3.1.2/Python/3.6.6/lib/python3.6/site-packages/numpy-1.15.0-py3.6-linux-x86_64.egg (from pandas) (1.15.0)
Requirement already satisfied: six>=1.5 in /opt/apps/software/MPI/GCC/7.3.0/OpenMPI/3.1.2/Python/3.6.6/lib/python3.6/site-packages/six-1.11.0-py3.6.egg (from python-dateutil>=2.5.0->pandas) (1.11.0)
Requirement already satisfied: pytesseract in /home/jcm10/.local/lib/python3.6/site-packages (0.2.9)
Requirement already satisfied: Pillow in /home/jcm10/.local/lib/python3.6/site-packages (from pytesseract) (6.1.0)
Requirement already satisfied: PyPDF2 in /home/jcm10/.local/lib/python3.6/site-packages (1.26.0)
36
inputs
Time for OCR: 76.55400371551514 , 1565975169.2253923
Time for OCR: 74.04795694351196 , 1565975243.273405
Time for OCR: 92.63343715667725 , 1565975335.9068897
Time for OCR: 97.13944172859192 , 1565975433.0463767
Time for OCR: 83.87058424949646 , 1565975516.917003
Time for OCR: 93.62974572181702 , 1565975610.5467937
Time for OCR: 78.10482883453369 , 1565975688.6516683
Time for OCR: 86.68546152114868 , 1565975775.337177
Time for OCR: 85.51688742637634 , 1565975860.8541076
Time for OCR: 74.96162104606628 , 1565975935.8157754
Time for OCR: 111.59649896621704 , 1565976047.412323
Time for OCR: 94.07127356529236 , 1565976141.4836516
Time for OCR: 97.45239400863647 , 1565976238.9360888
Time for OCR: 74.72130584716797 , 1565976313.6574485
Time for OCR: 84.19515252113342 , 1565976397.8526495
Time for OCR: 84.12777709960938 , 1565976481.980484
Time for OCR: 71.83744430541992 , 1565976553.8179762
Time for OCR: 84.43183016777039 , 1565976638.2498512
Time for OCR: 97.56376719474792 , 1565976735.8136601
Time for OCR: 94.1904969215393 , 1565976830.0042012
Time for OCR: 117.01006960868835 , 1565976947.0143166
Time for OCR: 70.5496072769165 , 1565977017.5639741
Time for OCR: 69.6858959197998 , 1565977087.2499175
Time for OCR: 65.60260343551636 , 1565977152.852565
Time for OCR: 77.43448901176453 , 1565977230.287113
Time for OCR: 94.64900827407837 , 1565977324.9361687
Time for OCR: 88.1980197429657 , 1565977413.1342325
Time for OCR: 68.40953660011292 , 1565977481.5438137
Time for OCR: 65.1334936618805 , 1565977546.677354
Time for OCR: 78.11787438392639 , 1565977624.7952738
Time for OCR: 102.50783443450928 , 1565977727.3031528
Time for OCR: 96.67820572853088 , 1565977823.981402
Time for OCR: 90.17444109916687 , 1565977914.1558912
Time for OCR: 72.52550864219666 , 1565977986.6814492
Time for OCR: 132.40395045280457 , 1565978119.0854456
Time for OCR: 58.79308080673218 , 1565978177.8785715
Time for OCR: 88.09330534934998 , 1565978265.9719355
Time for OCR: 118.37916588783264 , 1565978384.3511484
Time for OCR: 105.59815788269043 , 1565978489.949353
Time for OCR: 119.42594933509827 , 1565978609.3753476
Time for OCR: 97.60433650016785 , 1565978706.9797354
Time for OCR: 125.52100348472595 , 1565978832.5007858
Time for OCR: 70.65906524658203 , 1565978903.159899
Time for OCR: 47.60739874839783 , 1565978950.7673416
Time for OCR: 58.01550579071045 , 1565979008.7828906
Time for OCR: 91.2830879688263 , 1565979100.066049
Time for OCR: 67.83498001098633 , 1565979167.9010727
Time for OCR: 68.98952889442444 , 1565979236.8906486
Time for OCR: 62.37944173812866 , 1565979299.2701347
Time for OCR: 91.17139315605164 , 1565979390.4415722
Time for OCR: 50.35200023651123 , 1565979440.793634
Time for OCR: 66.33756184577942 , 1565979507.1312423
Time for OCR: 103.00372362136841 , 1565979610.1350095
Time for OCR: 72.16946363449097 , 1565979682.3045173
Time for OCR: 76.09439444541931 , 1565979758.3989608
Time for OCR: 63.140029430389404 , 1565979821.5390341
Time for OCR: 63.906452655792236 , 1565979885.4455311
Time for OCR: 67.79729080200195 , 1565979953.2428656
Time for OCR: 99.74599933624268 , 1565980052.988912
Time for OCR: 89.65383720397949 , 1565980142.6427999
Time for OCR: 60.15177893638611 , 1565980202.7946243
Time for OCR: 88.60972213745117 , 1565980291.404391
Time for OCR: 86.2388641834259 , 1565980377.6433022
Time for OCR: 65.66340017318726 , 1565980443.306751
Time for OCR: 77.52624917030334 , 1565980520.8330448
Time for OCR: 90.42628979682922 , 1565980611.259378
Time for OCR: 90.15656208992004 , 1565980701.4159892
Time for OCR: 68.45804238319397 , 1565980769.874077
Time for OCR: 64.36475086212158 , 1565980834.2388704
Time for OCR: 57.9642174243927 , 1565980892.2031314
Time for OCR: 57.855228900909424 , 1565980950.0584073
Time for OCR: 67.79493689537048 , 1565981017.853391
Time for OCR: 68.93202567100525 , 1565981086.785462
Time for OCR: 71.41966605186462 , 1565981158.2051709
Time for OCR: 220.33670210838318 , 1565981378.5419161
Time for OCR: 54.844605922698975 , 1565981433.3865771
Time for OCR: 30.94556474685669 , 1565981464.3321972
Time for OCR: 74.69932198524475 , 1565981539.0315628
Time for OCR: 85.62982177734375 , 1565981624.6614413
Time for OCR: 97.92588090896606 , 1565981722.58737
Time for OCR: 138.6867482662201 , 1565981861.274163
Time for OCR: 69.26340770721436 , 1565981930.5376155
Time for OCR: 40.054025411605835 , 1565981970.5916846
Time for OCR: 75.71819567680359 , 1565982046.3099256
