Requirement already satisfied: pandas in /opt/apps/software/MPI/GCC/7.3.0/OpenMPI/3.1.2/Python/3.6.6/lib/python3.6/site-packages/pandas-0.23.4-py3.6-linux-x86_64.egg (0.23.4)
Requirement already satisfied: python-dateutil>=2.5.0 in /opt/apps/software/MPI/GCC/7.3.0/OpenMPI/3.1.2/Python/3.6.6/lib/python3.6/site-packages/python_dateutil-2.7.3-py3.6.egg (from pandas) (2.7.3)
Requirement already satisfied: pytz>=2011k in /opt/apps/software/MPI/GCC/7.3.0/OpenMPI/3.1.2/Python/3.6.6/lib/python3.6/site-packages/pytz-2018.5-py3.6.egg (from pandas) (2018.5)
Requirement already satisfied: numpy>=1.9.0 in /opt/apps/software/MPI/GCC/7.3.0/OpenMPI/3.1.2/Python/3.6.6/lib/python3.6/site-packages/numpy-1.15.0-py3.6-linux-x86_64.egg (from pandas) (1.15.0)
Requirement already satisfied: six>=1.5 in /opt/apps/software/MPI/GCC/7.3.0/OpenMPI/3.1.2/Python/3.6.6/lib/python3.6/site-packages/six-1.11.0-py3.6.egg (from python-dateutil>=2.5.0->pandas) (1.11.0)
Requirement already satisfied: pytesseract in /home/jcm10/.local/lib/python3.6/site-packages (0.2.9)
Requirement already satisfied: Pillow in /home/jcm10/.local/lib/python3.6/site-packages (from pytesseract) (6.1.0)
Requirement already satisfied: PyPDF2 in /home/jcm10/.local/lib/python3.6/site-packages (1.26.0)
7
inputs
Time for OCR: 68.18488311767578 , 1565975161.150094
Time for OCR: 84.8264434337616 , 1565975245.9765973
Time for OCR: 69.33559250831604 , 1565975315.3122363
Time for OCR: 99.45783281326294 , 1565975414.7701144
Time for OCR: 93.03267097473145 , 1565975507.802829
Time for OCR: 82.30532813072205 , 1565975590.108206
Time for OCR: 129.24273991584778 , 1565975719.3509912
Time for OCR: 68.5082037448883 , 1565975787.8592393
Time for OCR: 177.91181302070618 , 1565975965.771098
Time for OCR: 95.2438976764679 , 1565976061.0150378
Time for OCR: 79.89131021499634 , 1565976140.9063962
Time for OCR: 68.538738489151 , 1565976209.4451811
Time for OCR: 83.7001690864563 , 1565976293.145395
Time for OCR: 81.80560159683228 , 1565976374.9510403
Time for OCR: 116.66285967826843 , 1565976491.6139472
Time for OCR: 63.23680925369263 , 1565976554.8507993
Time for OCR: 67.13534998893738 , 1565976621.9861937
Time for OCR: 100.6005129814148 , 1565976722.5867507
Time for OCR: 74.73458671569824 , 1565976797.3213851
Time for OCR: 109.15428066253662 , 1565976906.4757085
Time for OCR: 118.7899854183197 , 1565977025.265736
Time for OCR: 84.22755289077759 , 1565977109.493332
Time for OCR: 75.52691626548767 , 1565977185.0202932
Time for OCR: 88.58732414245605 , 1565977273.6076627
Time for OCR: 89.0806131362915 , 1565977362.6883175
Time for OCR: 97.31049656867981 , 1565977459.9988642
Time for OCR: 49.510387659072876 , 1565977509.509306
Time for OCR: 80.2460868358612 , 1565977589.755442
Time for OCR: 62.00148963928223 , 1565977651.7569873
Time for OCR: 105.69407200813293 , 1565977757.4511073
Time for OCR: 95.24436569213867 , 1565977852.6955202
Time for OCR: 95.19840550422668 , 1565977947.8939655
Time for OCR: 86.4136860370636 , 1565978034.3076992
Time for OCR: 63.39466977119446 , 1565978097.7024107
Time for OCR: 83.18057179450989 , 1565978180.8830268
Time for OCR: 80.2838842868805 , 1565978261.1669528
Time for OCR: 96.60812783241272 , 1565978357.7751286
Time for OCR: 98.1976969242096 , 1565978455.9728782
Time for OCR: 68.33039927482605 , 1565978524.3033226
Time for OCR: 81.60919976234436 , 1565978605.9125679
Time for OCR: 70.85966873168945 , 1565978676.7722871
Time for OCR: 83.40466928482056 , 1565978760.1769977
Time for OCR: 39.430614709854126 , 1565978799.6076686
Time for OCR: 59.925695180892944 , 1565978859.5334115
Time for OCR: 76.08902621269226 , 1565978935.6224844
Time for OCR: 64.70006704330444 , 1565979000.3226054
Time for OCR: 77.5001175403595 , 1565979077.822766
Time for OCR: 38.60245132446289 , 1565979116.4252615
Time for OCR: 75.65797090530396 , 1565979192.083278
Time for OCR: 108.26532340049744 , 1565979300.348652
Time for OCR: 51.17841100692749 , 1565979351.527108
Time for OCR: 78.79213809967041 , 1565979430.319294
Time for OCR: 55.38146495819092 , 1565979485.700803
Time for OCR: 45.61724805831909 , 1565979531.3180952
Time for OCR: 87.97167181968689 , 1565979619.289813
Time for OCR: 39.31753754615784 , 1565979658.607393
Time for OCR: 89.10210800170898 , 1565979747.7095432
Time for OCR: 75.30280685424805 , 1565979823.012393
Time for OCR: 79.22661638259888 , 1565979902.239054
Time for OCR: 61.45248055458069 , 1565979963.6915846
Time for OCR: 70.89316272735596 , 1565980034.584791
Time for OCR: 67.5213098526001 , 1565980102.1061425
Time for OCR: 61.08751964569092 , 1565980163.193707
Time for OCR: 78.21622014045715 , 1565980241.4099681
Time for OCR: 76.29180717468262 , 1565980317.701817
Time for OCR: 73.04993295669556 , 1565980390.7517934
Time for OCR: 81.0816559791565 , 1565980471.833495
Time for OCR: 54.19962668418884 , 1565980526.0331817
Time for OCR: 74.27713894844055 , 1565980600.3103683
Time for OCR: 54.73331570625305 , 1565980655.043729
Time for OCR: 75.80703496932983 , 1565980730.850808
Time for OCR: 107.33088898658752 , 1565980838.1817405
Time for OCR: 59.159729957580566 , 1565980897.3415184
Time for OCR: 40.50140428543091 , 1565980937.8429694
Time for OCR: 70.17463493347168 , 1565981008.0176494
Time for OCR: 51.94633507728577 , 1565981059.9640381
Time for OCR: 69.86125802993774 , 1565981129.8253503
Time for OCR: 67.9002902507782 , 1565981197.7256947
Time for OCR: 50.04176926612854 , 1565981247.767524
Time for OCR: 64.7044312953949 , 1565981312.4720068
Time for OCR: 60.58835983276367 , 1565981373.0604205
Time for OCR: 53.60897350311279 , 1565981426.6694536
Time for OCR: 60.937926292419434 , 1565981487.607448
Time for OCR: 72.24059867858887 , 1565981559.8481257
Time for OCR: 79.72259068489075 , 1565981639.5707688
