Requirement already satisfied: pandas in /opt/apps/software/MPI/GCC/7.3.0/OpenMPI/3.1.2/Python/3.6.6/lib/python3.6/site-packages/pandas-0.23.4-py3.6-linux-x86_64.egg (0.23.4)
Requirement already satisfied: python-dateutil>=2.5.0 in /opt/apps/software/MPI/GCC/7.3.0/OpenMPI/3.1.2/Python/3.6.6/lib/python3.6/site-packages/python_dateutil-2.7.3-py3.6.egg (from pandas) (2.7.3)
Requirement already satisfied: pytz>=2011k in /opt/apps/software/MPI/GCC/7.3.0/OpenMPI/3.1.2/Python/3.6.6/lib/python3.6/site-packages/pytz-2018.5-py3.6.egg (from pandas) (2018.5)
Requirement already satisfied: numpy>=1.9.0 in /opt/apps/software/MPI/GCC/7.3.0/OpenMPI/3.1.2/Python/3.6.6/lib/python3.6/site-packages/numpy-1.15.0-py3.6-linux-x86_64.egg (from pandas) (1.15.0)
Requirement already satisfied: six>=1.5 in /opt/apps/software/MPI/GCC/7.3.0/OpenMPI/3.1.2/Python/3.6.6/lib/python3.6/site-packages/six-1.11.0-py3.6.egg (from python-dateutil>=2.5.0->pandas) (1.11.0)
Requirement already satisfied: pytesseract in /home/jcm10/.local/lib/python3.6/site-packages (0.2.9)
Requirement already satisfied: Pillow in /home/jcm10/.local/lib/python3.6/site-packages (from pytesseract) (6.1.0)
Requirement already satisfied: PyPDF2 in /home/jcm10/.local/lib/python3.6/site-packages (1.26.0)
46
inputs
Time for OCR: 86.20487952232361 , 1565975178.8758373
Time for OCR: 97.41368508338928 , 1565975276.2895787
Time for OCR: 72.70527982711792 , 1565975348.9949086
Time for OCR: 83.88742327690125 , 1565975432.8823726
Time for OCR: 73.34022355079651 , 1565975506.2226367
Time for OCR: 90.70693325996399 , 1565975596.9296126
Time for OCR: 94.17441606521606 , 1565975691.1040702
Time for OCR: 90.61840677261353 , 1565975781.722518
Time for OCR: 53.640992164611816 , 1565975835.3635507
Time for OCR: 80.70000696182251 , 1565975916.0636065
Time for OCR: 39.78644323348999 , 1565975955.850099
Time for OCR: 65.65212154388428 , 1565976021.5022638
Time for OCR: 53.5553617477417 , 1565976075.0576696
Time for OCR: 87.31444048881531 , 1565976162.3721533
Time for OCR: 44.058887004852295 , 1565976206.4310856
Time for OCR: 57.615830421447754 , 1565976264.0469568
Time for OCR: 52.63587403297424 , 1565976316.6828754
Time for OCR: 74.23403596878052 , 1565976390.916953
Time for OCR: 58.27581548690796 , 1565976449.192817
Time for OCR: 83.47864842414856 , 1565976532.671508
Time for OCR: 87.0387864112854 , 1565976619.7103362
Time for OCR: 68.62175941467285 , 1565976688.3321388
Time for OCR: 41.94309735298157 , 1565976730.2752779
Time for OCR: 89.87266731262207 , 1565976820.1479883
Time for OCR: 47.317248821258545 , 1565976867.465278
Time for OCR: 41.417850971221924 , 1565976908.8831723
Time for OCR: 85.31267595291138 , 1565976994.195893
Time for OCR: 72.62811470031738 , 1565977066.8240685
Time for OCR: 99.19472479820251 , 1565977166.0188432
Time for OCR: 83.47986268997192 , 1565977249.4987612
Time for OCR: 91.86744952201843 , 1565977341.3662663
Time for OCR: 93.88203549385071 , 1565977435.24835
Time for OCR: 77.88756704330444 , 1565977513.1359677
Time for OCR: 59.672919273376465 , 1565977572.808931
Time for OCR: 87.62455558776855 , 1565977660.4335275
Time for OCR: 80.83486723899841 , 1565977741.2684374
Time for OCR: 66.48280429840088 , 1565977807.7512827
Time for OCR: 74.57679891586304 , 1565977882.328126
Time for OCR: 85.18251895904541 , 1565977967.5106869
Time for OCR: 49.062844038009644 , 1565978016.573575
Time for OCR: 65.79650688171387 , 1565978082.370135
Time for OCR: 63.80871343612671 , 1565978146.1788926
Time for OCR: 37.0766179561615 , 1565978183.2555518
Time for OCR: 35.17862820625305 , 1565978218.4342325
Time for OCR: 62.184807538986206 , 1565978280.619085
Time for OCR: 69.73801732063293 , 1565978350.3571455
Time for OCR: 51.93561053276062 , 1565978402.2928014
Time for OCR: 66.43203377723694 , 1565978468.7248893
Time for OCR: 38.0187246799469 , 1565978506.7436578
Time for OCR: 55.25852370262146 , 1565978562.0022328
Time for OCR: 52.31704258918762 , 1565978614.3193212
Time for OCR: 49.77155542373657 , 1565978664.0909212
Time for OCR: 73.13148784637451 , 1565978737.2224512
Time for OCR: 23.11895227432251 , 1565978760.3414452
Time for OCR: 77.58161854743958 , 1565978837.9231071
Time for OCR: 49.93118953704834 , 1565978887.8543425
Time for OCR: 67.20501351356506 , 1565978955.0593958
Time for OCR: 55.36760210990906 , 1565979010.4270394
Time for OCR: 20.22280502319336 , 1565979030.6498895
Time for OCR: 46.914865255355835 , 1565979077.5648005
Time for OCR: 60.02910327911377 , 1565979137.5939438
Time for OCR: 54.170016288757324 , 1565979191.7640033
Time for OCR: 55.9987690448761 , 1565979247.7628148
Time for OCR: 56.27165412902832 , 1565979304.0345118
Time for OCR: 68.09388589859009 , 1565979372.1284459
Time for OCR: 56.14636158943176 , 1565979428.274855
Time for OCR: 58.11183428764343 , 1565979486.3867345
Time for OCR: 41.86471652984619 , 1565979528.2514958
Time for OCR: 63.00057363510132 , 1565979591.252109
Time for OCR: 69.54449725151062 , 1565979660.7966642
Time for OCR: 68.6351671218872 , 1565979729.4319081
Time for OCR: 75.65430545806885 , 1565979805.0863
Time for OCR: 71.59122133255005 , 1565979876.6775799
Time for OCR: 74.13870286941528 , 1565979950.8163698
Time for OCR: 67.58607149124146 , 1565980018.402529
Time for OCR: 79.5647292137146 , 1565980097.9673686
Time for OCR: 59.25722861289978 , 1565980157.2246559
Time for OCR: 74.12203574180603 , 1565980231.3467565
Time for OCR: 114.97969245910645 , 1565980346.3265316
Time for OCR: 83.10808825492859 , 1565980429.434714
Time for OCR: 31.796155214309692 , 1565980461.2309353
Time for OCR: 93.05665802955627 , 1565980554.287653
Time for OCR: 55.85963463783264 , 1565980610.1473446
Time for OCR: 89.79190135002136 , 1565980699.939303
