Requirement already satisfied: pandas in /opt/apps/software/MPI/GCC/7.3.0/OpenMPI/3.1.2/Python/3.6.6/lib/python3.6/site-packages/pandas-0.23.4-py3.6-linux-x86_64.egg (0.23.4)
Requirement already satisfied: python-dateutil>=2.5.0 in /opt/apps/software/MPI/GCC/7.3.0/OpenMPI/3.1.2/Python/3.6.6/lib/python3.6/site-packages/python_dateutil-2.7.3-py3.6.egg (from pandas) (2.7.3)
Requirement already satisfied: pytz>=2011k in /opt/apps/software/MPI/GCC/7.3.0/OpenMPI/3.1.2/Python/3.6.6/lib/python3.6/site-packages/pytz-2018.5-py3.6.egg (from pandas) (2018.5)
Requirement already satisfied: numpy>=1.9.0 in /opt/apps/software/MPI/GCC/7.3.0/OpenMPI/3.1.2/Python/3.6.6/lib/python3.6/site-packages/numpy-1.15.0-py3.6-linux-x86_64.egg (from pandas) (1.15.0)
Requirement already satisfied: six>=1.5 in /opt/apps/software/MPI/GCC/7.3.0/OpenMPI/3.1.2/Python/3.6.6/lib/python3.6/site-packages/six-1.11.0-py3.6.egg (from python-dateutil>=2.5.0->pandas) (1.11.0)
Requirement already satisfied: pytesseract in /home/jcm10/.local/lib/python3.6/site-packages (0.2.9)
Requirement already satisfied: Pillow in /home/jcm10/.local/lib/python3.6/site-packages (from pytesseract) (6.1.0)
Requirement already satisfied: PyPDF2 in /home/jcm10/.local/lib/python3.6/site-packages (1.26.0)
28
inputs
Time for OCR: 77.05351543426514 , 1565975169.7194264
Time for OCR: 89.72373247146606 , 1565975259.4432166
Time for OCR: 94.24813461303711 , 1565975353.6914117
Time for OCR: 83.62032961845398 , 1565975437.3117876
Time for OCR: 100.59702277183533 , 1565975537.908856
Time for OCR: 104.93498802185059 , 1565975642.8438897
Time for OCR: 81.41195440292358 , 1565975724.25589
Time for OCR: 123.91171431541443 , 1565975848.1676493
Time for OCR: 87.96649241447449 , 1565975936.1341894
Time for OCR: 83.2529673576355 , 1565976019.3872025
Time for OCR: 113.02083158493042 , 1565976132.408082
Time for OCR: 104.07298922538757 , 1565976236.4811225
Time for OCR: 77.85015225410461 , 1565976314.33133
Time for OCR: 97.76393842697144 , 1565976412.0953336
Time for OCR: 84.9011754989624 , 1565976496.99656
Time for OCR: 96.0834310054779 , 1565976593.0800495
Time for OCR: 108.47823214530945 , 1565976701.5583305
Time for OCR: 83.89817428588867 , 1565976785.456551
Time for OCR: 98.61380887031555 , 1565976884.0704231
Time for OCR: 75.61058735847473 , 1565976959.681059
Time for OCR: 134.7917721271515 , 1565977094.4728773
Time for OCR: 72.1143651008606 , 1565977166.5872867
Time for OCR: 117.77607107162476 , 1565977284.363409
Time for OCR: 82.34640502929688 , 1565977366.709861
Time for OCR: 54.51233172416687 , 1565977421.2222397
Time for OCR: 77.35044574737549 , 1565977498.5727334
Time for OCR: 105.09999871253967 , 1565977603.672778
Time for OCR: 82.03606390953064 , 1565977685.7088912
Time for OCR: 88.62037110328674 , 1565977774.3293114
Time for OCR: 98.0641872882843 , 1565977872.3935466
Time for OCR: 112.10600900650024 , 1565977984.4996092
Time for OCR: 80.77330207824707 , 1565978065.2729626
Time for OCR: 109.66227340698242 , 1565978174.9352837
Time for OCR: 114.59593224525452 , 1565978289.531262
Time for OCR: 102.8844850063324 , 1565978392.415794
Time for OCR: 84.08798146247864 , 1565978476.503825
Time for OCR: 83.73917531967163 , 1565978560.2430449
Time for OCR: 76.86418676376343 , 1565978637.1072762
Time for OCR: 89.91959428787231 , 1565978727.0269148
Time for OCR: 103.3614821434021 , 1565978830.3884456
Time for OCR: 83.595219373703 , 1565978913.9837148
Time for OCR: 49.11209321022034 , 1565978963.0958643
Time for OCR: 56.49972128868103 , 1565979019.5956314
Time for OCR: 65.53328061103821 , 1565979085.1289685
Time for OCR: 80.30001997947693 , 1565979165.4290347
Time for OCR: 55.544721841812134 , 1565979220.9738047
Time for OCR: 70.89210772514343 , 1565979291.8659596
Time for OCR: 60.95952844619751 , 1565979352.825534
Time for OCR: 94.33885073661804 , 1565979447.1644323
Time for OCR: 54.0101375579834 , 1565979501.1746173
Time for OCR: 79.03486585617065 , 1565979580.2095275
Time for OCR: 68.38481783866882 , 1565979648.5943933
Time for OCR: 65.7694730758667 , 1565979714.3639166
Time for OCR: 37.42510390281677 , 1565979751.789065
Time for OCR: 51.820282220840454 , 1565979803.6093905
Time for OCR: 54.99531269073486 , 1565979858.6047502
Time for OCR: 23.443546533584595 , 1565979882.0483449
Time for OCR: 71.69568753242493 , 1565979953.7440784
Time for OCR: 54.49355983734131 , 1565980008.2376862
Time for OCR: 70.9337146282196 , 1565980079.1714468
Time for OCR: 59.63375473022461 , 1565980138.8052552
Time for OCR: 91.02539563179016 , 1565980229.8306994
Time for OCR: 44.242029666900635 , 1565980274.072777
Time for OCR: 37.389493465423584 , 1565980311.4623168
Time for OCR: 57.00085663795471 , 1565980368.4632213
Time for OCR: 80.4183087348938 , 1565980448.8815782
Time for OCR: 79.87677359580994 , 1565980528.758413
Time for OCR: 36.13971424102783 , 1565980564.8981793
Time for OCR: 37.94889998435974 , 1565980602.8471274
Time for OCR: 51.61738443374634 , 1565980654.464561
Time for OCR: 56.27922058105469 , 1565980710.743848
Time for OCR: 56.5129075050354 , 1565980767.256802
Time for OCR: 43.48530149459839 , 1565980810.7421494
Time for OCR: 78.61175560951233 , 1565980889.35395
Time for OCR: 103.42233490943909 , 1565980992.7763324
Time for OCR: 60.56730604171753 , 1565981053.3436894
Time for OCR: 65.48999571800232 , 1565981118.8337328
Time for OCR: 59.076915979385376 , 1565981177.9106917
Time for OCR: 35.32362341880798 , 1565981213.2343578
Time for OCR: 98.48425388336182 , 1565981311.7186563
Time for OCR: 57.9068021774292 , 1565981369.625503
Time for OCR: 75.25322389602661 , 1565981444.8787718
Time for OCR: 88.56141066551208 , 1565981533.4402294
Time for OCR: 42.06583023071289 , 1565981575.506104
