Requirement already satisfied: pandas in /opt/apps/software/MPI/GCC/7.3.0/OpenMPI/3.1.2/Python/3.6.6/lib/python3.6/site-packages/pandas-0.23.4-py3.6-linux-x86_64.egg (0.23.4)
Requirement already satisfied: python-dateutil>=2.5.0 in /opt/apps/software/MPI/GCC/7.3.0/OpenMPI/3.1.2/Python/3.6.6/lib/python3.6/site-packages/python_dateutil-2.7.3-py3.6.egg (from pandas) (2.7.3)
Requirement already satisfied: pytz>=2011k in /opt/apps/software/MPI/GCC/7.3.0/OpenMPI/3.1.2/Python/3.6.6/lib/python3.6/site-packages/pytz-2018.5-py3.6.egg (from pandas) (2018.5)
Requirement already satisfied: numpy>=1.9.0 in /opt/apps/software/MPI/GCC/7.3.0/OpenMPI/3.1.2/Python/3.6.6/lib/python3.6/site-packages/numpy-1.15.0-py3.6-linux-x86_64.egg (from pandas) (1.15.0)
Requirement already satisfied: six>=1.5 in /opt/apps/software/MPI/GCC/7.3.0/OpenMPI/3.1.2/Python/3.6.6/lib/python3.6/site-packages/six-1.11.0-py3.6.egg (from python-dateutil>=2.5.0->pandas) (1.11.0)
Requirement already satisfied: pytesseract in /home/jcm10/.local/lib/python3.6/site-packages (0.2.9)
Requirement already satisfied: Pillow in /home/jcm10/.local/lib/python3.6/site-packages (from pytesseract) (6.1.0)
Requirement already satisfied: PyPDF2 in /home/jcm10/.local/lib/python3.6/site-packages (1.26.0)
0
inputs
Time for OCR: 79.37731432914734 , 1565975172.3434792
Time for OCR: 106.60588145256042 , 1565975278.9494407
Time for OCR: 88.73751163482666 , 1565975367.6869996
Time for OCR: 69.80759382247925 , 1565975437.4946396
Time for OCR: 94.45738220214844 , 1565975531.952064
Time for OCR: 91.74745726585388 , 1565975623.6995683
Time for OCR: 104.26020908355713 , 1565975727.959821
Time for OCR: 82.0686354637146 , 1565975810.0284984
Time for OCR: 99.08921980857849 , 1565975909.1177711
Time for OCR: 74.34779334068298 , 1565975983.4656172
Time for OCR: 34.22512984275818 , 1565976017.6907926
Time for OCR: 62.696704149246216 , 1565976080.3875434
Time for OCR: 73.02510190010071 , 1565976153.412695
Time for OCR: 220.00288820266724 , 1565976373.4156282
Time for OCR: 102.74416160583496 , 1565976476.1598349
Time for OCR: 86.41812133789062 , 1565976562.5779984
Time for OCR: 93.33335518836975 , 1565976655.9113998
Time for OCR: 69.79003858566284 , 1565976725.7014835
Time for OCR: 99.53778743743896 , 1565976825.2393286
Time for OCR: 105.87812113761902 , 1565976931.1174972
Time for OCR: 91.98824119567871 , 1565977023.1057897
Time for OCR: 81.6921718120575 , 1565977104.7980032
Time for OCR: 162.82334876060486 , 1565977267.6214066
Time for OCR: 101.0646460056305 , 1565977368.686091
Time for OCR: 108.40855813026428 , 1565977477.0947282
Time for OCR: 114.95832467079163 , 1565977592.0531006
Time for OCR: 83.95951557159424 , 1565977676.0126634
Time for OCR: 90.5534737110138 , 1565977766.5661862
Time for OCR: 86.7629246711731 , 1565977853.3291574
Time for OCR: 90.03780269622803 , 1565977943.3670077
Time for OCR: 78.51937294006348 , 1565978021.8864267
Time for OCR: 90.5560371875763 , 1565978112.442511
Time for OCR: 123.014484167099 , 1565978235.4570436
Time for OCR: 71.5169587135315 , 1565978306.9740481
Time for OCR: 83.17556548118591 , 1565978390.1496592
Time for OCR: 63.50600862503052 , 1565978453.6557128
Time for OCR: 93.44502758979797 , 1565978547.1007872
Time for OCR: 79.97360444068909 , 1565978627.0744364
Time for OCR: 73.64266276359558 , 1565978700.7171462
Time for OCR: 79.63497996330261 , 1565978780.3521712
Time for OCR: 91.17039608955383 , 1565978871.5226142
Time for OCR: 101.36875939369202 , 1565978972.8914185
Time for OCR: 127.83574080467224 , 1565979100.727202
Time for OCR: 44.04554986953735 , 1565979144.7728033
Time for OCR: 71.04487490653992 , 1565979215.817726
Time for OCR: 20.579018115997314 , 1565979236.396789
Time for OCR: 79.59214353561401 , 1565979315.9889812
Time for OCR: 89.1444091796875 , 1565979405.1334457
Time for OCR: 71.03630876541138 , 1565979476.1698036
Time for OCR: 66.1204845905304 , 1565979542.2903306
Time for OCR: 35.528709411621094 , 1565979577.8190885
Time for OCR: 59.54896426200867 , 1565979637.3681002
Time for OCR: 65.58016347885132 , 1565979702.948304
Time for OCR: 88.08352994918823 , 1565979791.0318758
Time for OCR: 228.48359084129333 , 1565980019.5155108
Time for OCR: 80.38168954849243 , 1565980099.897256
Time for OCR: 20.57367181777954 , 1565980120.470972
Time for OCR: 84.42796349525452 , 1565980204.8989797
Time for OCR: 85.76545405387878 , 1565980290.6644793
Time for OCR: 117.46618938446045 , 1565980408.130722
Time for OCR: 78.80607342720032 , 1565980486.936842
Time for OCR: 91.25538110733032 , 1565980578.1922715
Time for OCR: 53.396728515625 , 1565980631.58905
Time for OCR: 72.6768867969513 , 1565980704.2659817
Time for OCR: 50.883928298950195 , 1565980755.149954
Time for OCR: 94.0310480594635 , 1565980849.1810439
Time for OCR: 31.718128204345703 , 1565980880.8992226
Time for OCR: 37.1296808719635 , 1565980918.028951
Time for OCR: 47.7406370639801 , 1565980965.769629
Time for OCR: 76.98594522476196 , 1565981042.7556174
Time for OCR: 44.85567092895508 , 1565981087.6113467
Time for OCR: 54.198731660842896 , 1565981141.8101351
Time for OCR: 101.90263748168945 , 1565981243.712832
Time for OCR: 84.35336256027222 , 1565981328.0662522
Time for OCR: 79.2969491481781 , 1565981407.3632646
Time for OCR: 75.56890749931335 , 1565981482.9322338
Time for OCR: 71.04759860038757 , 1565981553.9798894
Time for OCR: 50.513328313827515 , 1565981604.4932768
Time for OCR: 118.03462934494019 , 1565981722.5279644
Time for OCR: 82.15343427658081 , 1565981804.6814518
Time for OCR: 53.11348867416382 , 1565981857.7950122
Time for OCR: 34.42517709732056 , 1565981892.2202466
Time for OCR: 66.83810472488403 , 1565981959.0584083
Time for OCR: 40.59725761413574 , 1565981999.6557198
Time for OCR: 76.90190362930298 , 1565982076.5576723
