Requirement already satisfied: pandas in /opt/apps/software/MPI/GCC/7.3.0/OpenMPI/3.1.2/Python/3.6.6/lib/python3.6/site-packages/pandas-0.23.4-py3.6-linux-x86_64.egg (0.23.4)
Requirement already satisfied: python-dateutil>=2.5.0 in /opt/apps/software/MPI/GCC/7.3.0/OpenMPI/3.1.2/Python/3.6.6/lib/python3.6/site-packages/python_dateutil-2.7.3-py3.6.egg (from pandas) (2.7.3)
Requirement already satisfied: pytz>=2011k in /opt/apps/software/MPI/GCC/7.3.0/OpenMPI/3.1.2/Python/3.6.6/lib/python3.6/site-packages/pytz-2018.5-py3.6.egg (from pandas) (2018.5)
Requirement already satisfied: numpy>=1.9.0 in /opt/apps/software/MPI/GCC/7.3.0/OpenMPI/3.1.2/Python/3.6.6/lib/python3.6/site-packages/numpy-1.15.0-py3.6-linux-x86_64.egg (from pandas) (1.15.0)
Requirement already satisfied: six>=1.5 in /opt/apps/software/MPI/GCC/7.3.0/OpenMPI/3.1.2/Python/3.6.6/lib/python3.6/site-packages/six-1.11.0-py3.6.egg (from python-dateutil>=2.5.0->pandas) (1.11.0)
Requirement already satisfied: pytesseract in /home/jcm10/.local/lib/python3.6/site-packages (0.2.9)
Requirement already satisfied: Pillow in /home/jcm10/.local/lib/python3.6/site-packages (from pytesseract) (6.1.0)
Requirement already satisfied: PyPDF2 in /home/jcm10/.local/lib/python3.6/site-packages (1.26.0)
31
inputs
Time for OCR: 53.23005986213684 , 1565975145.907966
Time for OCR: 80.78696823120117 , 1565975226.6949959
Time for OCR: 89.26341128349304 , 1565975315.958456
Time for OCR: 91.50207710266113 , 1565975407.4605749
Time for OCR: 93.77288961410522 , 1565975501.23352
Time for OCR: 90.99186491966248 , 1565975592.2254307
Time for OCR: 102.6456367969513 , 1565975694.8711166
Time for OCR: 82.51347279548645 , 1565975777.3846354
Time for OCR: 84.13906073570251 , 1565975861.5237432
Time for OCR: 91.35268330574036 , 1565975952.8764725
Time for OCR: 104.12541007995605 , 1565976057.0019345
Time for OCR: 101.75215935707092 , 1565976158.7541442
Time for OCR: 126.62308740615845 , 1565976285.3772786
Time for OCR: 93.13236618041992 , 1565976378.5096922
Time for OCR: 124.1781234741211 , 1565976502.6878638
Time for OCR: 70.56425142288208 , 1565976573.2521646
Time for OCR: 107.42851114273071 , 1565976680.680725
Time for OCR: 91.51798486709595 , 1565976772.1987553
Time for OCR: 116.67291927337646 , 1565976888.8717232
Time for OCR: 86.26548409461975 , 1565976975.1372561
Time for OCR: 135.42134761810303 , 1565977110.5586507
Time for OCR: 75.40338659286499 , 1565977185.962084
Time for OCR: 74.15694499015808 , 1565977260.1190739
Time for OCR: 82.56175661087036 , 1565977342.6808808
Time for OCR: 74.33384919166565 , 1565977417.014776
Time for OCR: 75.13954281806946 , 1565977492.1543684
Time for OCR: 75.48829531669617 , 1565977567.6427095
Time for OCR: 85.5240888595581 , 1565977653.1668484
Time for OCR: 73.63431811332703 , 1565977726.8012097
Time for OCR: 94.53667831420898 , 1565977821.3379385
Time for OCR: 86.4894483089447 , 1565977907.8274298
Time for OCR: 84.45057034492493 , 1565977992.2780504
Time for OCR: 74.04825711250305 , 1565978066.3263583
Time for OCR: 87.7831358909607 , 1565978154.1095393
Time for OCR: 99.14505863189697 , 1565978253.2546422
Time for OCR: 73.03403854370117 , 1565978326.2887263
Time for OCR: 93.07938933372498 , 1565978419.368163
Time for OCR: 79.85900831222534 , 1565978499.2272182
Time for OCR: 102.73789143562317 , 1565978601.9651635
Time for OCR: 86.40545463562012 , 1565978688.3706653
Time for OCR: 90.0845639705658 , 1565978778.4552748
Time for OCR: 134.97691583633423 , 1565978913.4322355
Time for OCR: 51.19965958595276 , 1565978964.6319392
Time for OCR: 60.46324896812439 , 1565979025.0952342
Time for OCR: 88.31325244903564 , 1565979113.4085355
Time for OCR: 60.4398717880249 , 1565979173.848476
Time for OCR: 73.51309370994568 , 1565979247.3616157
Time for OCR: 39.92227101325989 , 1565979287.2839324
Time for OCR: 63.909218549728394 , 1565979351.1931996
Time for OCR: 66.79866313934326 , 1565979417.9919062
Time for OCR: 62.64708852767944 , 1565979480.6390383
Time for OCR: 58.24969291687012 , 1565979538.8887765
Time for OCR: 157.508887052536 , 1565979696.3977113
Time for OCR: 94.80426502227783 , 1565979791.2020211
Time for OCR: 52.95025825500488 , 1565979844.1523268
Time for OCR: 51.54744839668274 , 1565979895.6998186
Time for OCR: 100.01902890205383 , 1565979995.7188978
Time for OCR: 59.351930379867554 , 1565980055.0708725
Time for OCR: 131.50272178649902 , 1565980186.573639
Time for OCR: 60.35486650466919 , 1565980246.928551
Time for OCR: 66.75292015075684 , 1565980313.6815279
Time for OCR: 75.62849640846252 , 1565980389.3100734
Time for OCR: 83.56631588935852 , 1565980472.876434
Time for OCR: 71.77646517753601 , 1565980544.6529438
Time for OCR: 84.69915318489075 , 1565980629.352142
Time for OCR: 93.5266342163086 , 1565980722.8788285
Time for OCR: 87.72145700454712 , 1565980810.6003358
Time for OCR: 60.48767447471619 , 1565980871.0880566
Time for OCR: 68.67915511131287 , 1565980939.7672603
Time for OCR: 71.97859811782837 , 1565981011.745903
Time for OCR: 55.7022066116333 , 1565981067.448152
Time for OCR: 76.22694039344788 , 1565981143.6751378
Time for OCR: 65.11679172515869 , 1565981208.7919815
Time for OCR: 39.31810522079468 , 1565981248.1101365
Time for OCR: 54.19208908081055 , 1565981302.3022747
Time for OCR: 49.593263387680054 , 1565981351.8955843
Time for OCR: 69.53594136238098 , 1565981421.4315767
Time for OCR: 89.18124842643738 , 1565981510.6128802
Time for OCR: 70.10622906684875 , 1565981580.719153
Time for OCR: 79.86792516708374 , 1565981660.587121
Time for OCR: 77.79934215545654 , 1565981738.3865087
Time for OCR: 33.126667976379395 , 1565981771.513222
Time for OCR: 41.436450719833374 , 1565981812.9497175
Time for OCR: 56.67440962791443 , 1565981869.624172
