Requirement already satisfied: pandas in /opt/apps/software/MPI/GCC/7.3.0/OpenMPI/3.1.2/Python/3.6.6/lib/python3.6/site-packages/pandas-0.23.4-py3.6-linux-x86_64.egg (0.23.4)
Requirement already satisfied: python-dateutil>=2.5.0 in /opt/apps/software/MPI/GCC/7.3.0/OpenMPI/3.1.2/Python/3.6.6/lib/python3.6/site-packages/python_dateutil-2.7.3-py3.6.egg (from pandas) (2.7.3)
Requirement already satisfied: pytz>=2011k in /opt/apps/software/MPI/GCC/7.3.0/OpenMPI/3.1.2/Python/3.6.6/lib/python3.6/site-packages/pytz-2018.5-py3.6.egg (from pandas) (2018.5)
Requirement already satisfied: numpy>=1.9.0 in /opt/apps/software/MPI/GCC/7.3.0/OpenMPI/3.1.2/Python/3.6.6/lib/python3.6/site-packages/numpy-1.15.0-py3.6-linux-x86_64.egg (from pandas) (1.15.0)
Requirement already satisfied: six>=1.5 in /opt/apps/software/MPI/GCC/7.3.0/OpenMPI/3.1.2/Python/3.6.6/lib/python3.6/site-packages/six-1.11.0-py3.6.egg (from python-dateutil>=2.5.0->pandas) (1.11.0)
Requirement already satisfied: pytesseract in /home/jcm10/.local/lib/python3.6/site-packages (0.2.9)
Requirement already satisfied: Pillow in /home/jcm10/.local/lib/python3.6/site-packages (from pytesseract) (6.1.0)
Requirement already satisfied: PyPDF2 in /home/jcm10/.local/lib/python3.6/site-packages (1.26.0)
12
inputs
Time for OCR: 102.97170519828796 , 1565975195.935603
Time for OCR: 77.52958297729492 , 1565975273.4652448
Time for OCR: 75.07577753067017 , 1565975348.5410666
Time for OCR: 77.72785449028015 , 1565975426.268967
Time for OCR: 88.56708240509033 , 1565975514.836092
Time for OCR: 77.41476845741272 , 1565975592.250907
Time for OCR: 86.01326751708984 , 1565975678.2642198
Time for OCR: 303.92438864707947 , 1565975982.1886528
Time for OCR: 76.30453252792358 , 1565976058.4932337
Time for OCR: 114.44842982292175 , 1565976172.941707
Time for OCR: 102.21381950378418 , 1565976275.1555746
Time for OCR: 89.05201387405396 , 1565976364.207634
Time for OCR: 80.29207968711853 , 1565976444.4997582
Time for OCR: 80.4985191822052 , 1565976524.9983222
Time for OCR: 84.71972727775574 , 1565976609.7180953
Time for OCR: 61.086896896362305 , 1565976670.8050375
Time for OCR: 77.50723648071289 , 1565976748.312319
Time for OCR: 108.70862245559692 , 1565976857.0209897
Time for OCR: 97.29447984695435 , 1565976954.3155148
Time for OCR: 104.3578929901123 , 1565977058.673454
Time for OCR: 109.01509475708008 , 1565977167.6885924
Time for OCR: 91.01437640190125 , 1565977258.7030146
Time for OCR: 101.12441325187683 , 1565977359.8274736
Time for OCR: 72.35211968421936 , 1565977432.1796465
Time for OCR: 88.2113733291626 , 1565977520.3910651
Time for OCR: 84.38757991790771 , 1565977604.7786932
Time for OCR: 81.10156989097595 , 1565977685.88031
Time for OCR: 77.80758547782898 , 1565977763.6879432
Time for OCR: 98.8120367527008 , 1565977862.5000265
Time for OCR: 73.97125291824341 , 1565977936.4713237
Time for OCR: 85.27211856842041 , 1565978021.7434893
Time for OCR: 90.59986138343811 , 1565978112.3434057
Time for OCR: 81.1282103061676 , 1565978193.47167
Time for OCR: 59.9792366027832 , 1565978253.4509547
Time for OCR: 78.61510276794434 , 1565978332.0661023
Time for OCR: 85.2838659286499 , 1565978417.3500137
Time for OCR: 112.82989549636841 , 1565978530.1799526
Time for OCR: 114.79764080047607 , 1565978644.9776433
Time for OCR: 70.43250393867493 , 1565978715.4101937
Time for OCR: 74.12384128570557 , 1565978789.5340815
Time for OCR: 67.01719784736633 , 1565978856.551324
Time for OCR: 88.25501108169556 , 1565978944.8063807
Time for OCR: 42.77275586128235 , 1565978987.5791833
Time for OCR: 69.97834777832031 , 1565979057.5575833
Time for OCR: 51.713894844055176 , 1565979109.2715266
Time for OCR: 88.21089935302734 , 1565979197.48248
Time for OCR: 66.34338021278381 , 1565979263.8259113
Time for OCR: 66.19491291046143 , 1565979330.0208697
Time for OCR: 62.659711599349976 , 1565979392.6806326
Time for OCR: 69.9653115272522 , 1565979462.6459863
Time for OCR: 70.82777905464172 , 1565979533.473808
Time for OCR: 76.58840894699097 , 1565979610.0622635
Time for OCR: 75.52733206748962 , 1565979685.589644
Time for OCR: 55.83401703834534 , 1565979741.4237053
Time for OCR: 57.001458406448364 , 1565979798.4252093
Time for OCR: 81.4745614528656 , 1565979879.8998291
Time for OCR: 63.21912360191345 , 1565979943.118997
Time for OCR: 64.2914080619812 , 1565980007.4104505
Time for OCR: 111.5469868183136 , 1565980118.9574816
Time for OCR: 54.332478046417236 , 1565980173.2900195
Time for OCR: 70.75785517692566 , 1565980244.0479188
Time for OCR: 76.97904658317566 , 1565980321.0270123
Time for OCR: 66.95486450195312 , 1565980387.9819264
Time for OCR: 65.12840485572815 , 1565980453.1103761
Time for OCR: 74.19828248023987 , 1565980527.3087032
Time for OCR: 95.29365348815918 , 1565980622.6024082
Time for OCR: 57.980610370635986 , 1565980680.5830784
Time for OCR: 60.36219835281372 , 1565980740.9453204
Time for OCR: 43.37460803985596 , 1565980784.3199713
Time for OCR: 52.29438257217407 , 1565980836.614398
Time for OCR: 74.35736083984375 , 1565980910.9718094
Time for OCR: 52.18618988990784 , 1565980963.1580458
Time for OCR: 95.47299194335938 , 1565981058.6310816
Time for OCR: 101.0108118057251 , 1565981159.6419532
Time for OCR: 40.99454355239868 , 1565981200.6365583
Time for OCR: 67.33214259147644 , 1565981267.9687521
Time for OCR: 110.23976302146912 , 1565981378.208569
Time for OCR: 58.2231342792511 , 1565981436.431758
Time for OCR: 43.71796250343323 , 1565981480.149776
Time for OCR: 45.9418511390686 , 1565981526.0916822
Time for OCR: 40.72824954986572 , 1565981566.8199906
Time for OCR: 39.115291118621826 , 1565981605.935334
Time for OCR: 39.40670919418335 , 1565981645.3420918
Time for OCR: 56.46808362007141 , 1565981701.810232
