Requirement already satisfied: pandas in /opt/apps/software/MPI/GCC/7.3.0/OpenMPI/3.1.2/Python/3.6.6/lib/python3.6/site-packages/pandas-0.23.4-py3.6-linux-x86_64.egg (0.23.4)
Requirement already satisfied: python-dateutil>=2.5.0 in /opt/apps/software/MPI/GCC/7.3.0/OpenMPI/3.1.2/Python/3.6.6/lib/python3.6/site-packages/python_dateutil-2.7.3-py3.6.egg (from pandas) (2.7.3)
Requirement already satisfied: pytz>=2011k in /opt/apps/software/MPI/GCC/7.3.0/OpenMPI/3.1.2/Python/3.6.6/lib/python3.6/site-packages/pytz-2018.5-py3.6.egg (from pandas) (2018.5)
Requirement already satisfied: numpy>=1.9.0 in /opt/apps/software/MPI/GCC/7.3.0/OpenMPI/3.1.2/Python/3.6.6/lib/python3.6/site-packages/numpy-1.15.0-py3.6-linux-x86_64.egg (from pandas) (1.15.0)
Requirement already satisfied: six>=1.5 in /opt/apps/software/MPI/GCC/7.3.0/OpenMPI/3.1.2/Python/3.6.6/lib/python3.6/site-packages/six-1.11.0-py3.6.egg (from python-dateutil>=2.5.0->pandas) (1.11.0)
Requirement already satisfied: pytesseract in /home/jcm10/.local/lib/python3.6/site-packages (0.2.9)
Requirement already satisfied: Pillow in /home/jcm10/.local/lib/python3.6/site-packages (from pytesseract) (6.1.0)
Requirement already satisfied: PyPDF2 in /home/jcm10/.local/lib/python3.6/site-packages (1.26.0)
3
inputs
Time for OCR: 83.31316542625427 , 1565975176.2774038
Time for OCR: 84.8277177810669 , 1565975261.10519
Time for OCR: 103.88614010810852 , 1565975364.9913774
Time for OCR: 77.39994716644287 , 1565975442.3913715
Time for OCR: 83.82202625274658 , 1565975526.2134368
Time for OCR: 75.1442813873291 , 1565975601.3577623
Time for OCR: 112.08460688591003 , 1565975713.4424138
Time for OCR: 100.61277413368225 , 1565975814.055228
Time for OCR: 74.91022229194641 , 1565975888.9654992
Time for OCR: 93.72696614265442 , 1565975982.6925147
Time for OCR: 58.19006419181824 , 1565976040.8826241
Time for OCR: 33.20607280731201 , 1565976074.0887427
Time for OCR: 66.37023973464966 , 1565976140.4590309
Time for OCR: 82.997079372406 , 1565976223.456155
Time for OCR: 108.09317398071289 , 1565976331.5493736
Time for OCR: 78.24859046936035 , 1565976409.7980082
Time for OCR: 99.19860434532166 , 1565976508.9966588
Time for OCR: 79.80130457878113 , 1565976588.7980077
Time for OCR: 93.432053565979 , 1565976682.2301025
Time for OCR: 68.24094820022583 , 1565976750.4710987
Time for OCR: 119.91634750366211 , 1565976870.3874903
Time for OCR: 59.333431005477905 , 1565976929.7209764
Time for OCR: 116.30947637557983 , 1565977046.030496
Time for OCR: 76.9425961971283 , 1565977122.9731455
Time for OCR: 81.97193503379822 , 1565977204.9451218
Time for OCR: 83.14113330841064 , 1565977288.0863037
Time for OCR: 55.53396272659302 , 1565977343.6203103
Time for OCR: 71.66379904747009 , 1565977415.2841501
Time for OCR: 73.28270936012268 , 1565977488.5669045
Time for OCR: 93.43587923049927 , 1565977582.0028305
Time for OCR: 112.2461884021759 , 1565977694.2490692
Time for OCR: 91.88600587844849 , 1565977786.1351225
Time for OCR: 68.43493342399597 , 1565977854.570101
Time for OCR: 71.7055172920227 , 1565977926.2756631
Time for OCR: 98.76975917816162 , 1565978025.0454714
Time for OCR: 96.22066593170166 , 1565978121.266197
Time for OCR: 107.91050028800964 , 1565978229.1767426
Time for OCR: 50.314209938049316 , 1565978279.490992
Time for OCR: 113.382483959198 , 1565978392.8735213
Time for OCR: 82.38852334022522 , 1565978475.2620964
Time for OCR: 77.6126344203949 , 1565978552.8747728
Time for OCR: 81.67899632453918 , 1565978634.5538106
Time for OCR: 69.23624110221863 , 1565978703.7900922
Time for OCR: 109.28018069267273 , 1565978813.07032
Time for OCR: 67.47633504867554 , 1565978880.5467007
Time for OCR: 83.5808482170105 , 1565978964.1275966
Time for OCR: 49.65047240257263 , 1565979013.7781105
Time for OCR: 64.74058771133423 , 1565979078.518745
Time for OCR: 63.053879261016846 , 1565979141.5726683
Time for OCR: 125.8049681186676 , 1565979267.3776803
Time for OCR: 77.61084032058716 , 1565979344.9885712
Time for OCR: 32.00746941566467 , 1565979376.9960876
Time for OCR: 77.29110169410706 , 1565979454.287235
Time for OCR: 76.73084139823914 , 1565979531.0181186
Time for OCR: 48.625164270401 , 1565979579.6433268
Time for OCR: 67.69299459457397 , 1565979647.3363655
Time for OCR: 72.38623905181885 , 1565979719.7226477
Time for OCR: 50.34367227554321 , 1565979770.0663738
Time for OCR: 78.21251201629639 , 1565979848.278927
Time for OCR: 60.811577558517456 , 1565979909.0905497
Time for OCR: 91.30457806587219 , 1565980000.3951719
Time for OCR: 48.23793125152588 , 1565980048.6331477
Time for OCR: 86.30808472633362 , 1565980134.9412787
Time for OCR: 78.34557628631592 , 1565980213.2868996
Time for OCR: 43.769225120544434 , 1565980257.0561664
Time for OCR: 55.998284101486206 , 1565980313.0544925
Time for OCR: 81.38361358642578 , 1565980394.4381654
Time for OCR: 57.2852623462677 , 1565980451.7234788
Time for OCR: 47.014652252197266 , 1565980498.7381833
Time for OCR: 76.20853614807129 , 1565980574.9467654
Time for OCR: 33.28855872154236 , 1565980608.2353878
Time for OCR: 64.50291991233826 , 1565980672.7383509
Time for OCR: 76.02166247367859 , 1565980748.7600589
Time for OCR: 45.59082913398743 , 1565980794.3509333
Time for OCR: 70.75962376594543 , 1565980865.110601
Time for OCR: 34.893373012542725 , 1565980900.004023
Time for OCR: 59.99156355857849 , 1565980959.9956303
Time for OCR: 54.034146547317505 , 1565981014.0298233
Time for OCR: 70.5911602973938 , 1565981084.6210334
Time for OCR: 66.67109370231628 , 1565981151.292217
Time for OCR: 28.343563318252563 , 1565981179.635837
Time for OCR: 61.44087100028992 , 1565981241.0767612
Time for OCR: 81.15712881088257 , 1565981322.2339444
Time for OCR: 100.47223734855652 , 1565981422.706239
Time for OCR: 77.7752091884613 , 1565981500.48151
