Requirement already satisfied: pandas in /opt/apps/software/MPI/GCC/7.3.0/OpenMPI/3.1.2/Python/3.6.6/lib/python3.6/site-packages/pandas-0.23.4-py3.6-linux-x86_64.egg (0.23.4)
Requirement already satisfied: python-dateutil>=2.5.0 in /opt/apps/software/MPI/GCC/7.3.0/OpenMPI/3.1.2/Python/3.6.6/lib/python3.6/site-packages/python_dateutil-2.7.3-py3.6.egg (from pandas) (2.7.3)
Requirement already satisfied: pytz>=2011k in /opt/apps/software/MPI/GCC/7.3.0/OpenMPI/3.1.2/Python/3.6.6/lib/python3.6/site-packages/pytz-2018.5-py3.6.egg (from pandas) (2018.5)
Requirement already satisfied: numpy>=1.9.0 in /opt/apps/software/MPI/GCC/7.3.0/OpenMPI/3.1.2/Python/3.6.6/lib/python3.6/site-packages/numpy-1.15.0-py3.6-linux-x86_64.egg (from pandas) (1.15.0)
Requirement already satisfied: six>=1.5 in /opt/apps/software/MPI/GCC/7.3.0/OpenMPI/3.1.2/Python/3.6.6/lib/python3.6/site-packages/six-1.11.0-py3.6.egg (from python-dateutil>=2.5.0->pandas) (1.11.0)
Requirement already satisfied: pytesseract in /home/jcm10/.local/lib/python3.6/site-packages (0.2.9)
Requirement already satisfied: Pillow in /home/jcm10/.local/lib/python3.6/site-packages (from pytesseract) (6.1.0)
Requirement already satisfied: PyPDF2 in /home/jcm10/.local/lib/python3.6/site-packages (1.26.0)
44
inputs
Time for OCR: 82.6761839389801 , 1565975175.3536167
Time for OCR: 77.34555006027222 , 1565975252.6992326
Time for OCR: 77.42694759368896 , 1565975330.1262224
Time for OCR: 51.61148643493652 , 1565975381.7377515
Time for OCR: 54.168320178985596 , 1565975435.9061139
Time for OCR: 70.87588381767273 , 1565975506.7820437
Time for OCR: 72.90277481079102 , 1565975579.6848602
Time for OCR: 71.21154165267944 , 1565975650.8964453
Time for OCR: 59.5051703453064 , 1565975710.40166
Time for OCR: 84.25991916656494 , 1565975794.661623
Time for OCR: 80.72360396385193 , 1565975875.3852751
Time for OCR: 85.92829608917236 , 1565975961.3136232
Time for OCR: 80.35659289360046 , 1565976041.6702635
Time for OCR: 79.75334358215332 , 1565976121.423652
Time for OCR: 59.06597948074341 , 1565976180.4896765
Time for OCR: 75.01440787315369 , 1565976255.5041277
Time for OCR: 54.62582993507385 , 1565976310.1300054
Time for OCR: 79.12100219726562 , 1565976389.2510521
Time for OCR: 34.56097388267517 , 1565976423.812069
Time for OCR: 58.12771129608154 , 1565976481.9398284
Time for OCR: 79.21560740470886 , 1565976561.155482
Time for OCR: 60.29590320587158 , 1565976621.4514298
Time for OCR: 34.63736844062805 , 1565976656.088839
Time for OCR: 147.67169451713562 , 1565976803.760576
Time for OCR: 71.94776272773743 , 1565976875.7083936
Time for OCR: 59.490272760391235 , 1565976935.198714
Time for OCR: 75.06708407402039 , 1565977010.2658448
Time for OCR: 88.32205820083618 , 1565977098.5879602
Time for OCR: 73.74189376831055 , 1565977172.3299098
Time for OCR: 87.71416068077087 , 1565977260.0441196
Time for OCR: 87.82392907142639 , 1565977347.8680992
Time for OCR: 130.689612865448 , 1565977478.557763
Time for OCR: 97.73405146598816 , 1565977576.291869
Time for OCR: 70.99120545387268 , 1565977647.2831185
Time for OCR: 69.5660605430603 , 1565977716.8492243
Time for OCR: 69.39761018753052 , 1565977786.2468793
Time for OCR: 104.95799231529236 , 1565977891.2049189
Time for OCR: 63.456244230270386 , 1565977954.6612067
Time for OCR: 76.17889881134033 , 1565978030.8401508
Time for OCR: 29.20302939414978 , 1565978060.0432303
Time for OCR: 80.37238907814026 , 1565978140.4156616
Time for OCR: 69.79070043563843 , 1565978210.2064068
Time for OCR: 42.011682987213135 , 1565978252.2181373
Time for OCR: 56.33747911453247 , 1565978308.5556583
Time for OCR: 68.13861775398254 , 1565978376.694324
Time for OCR: 72.86205673217773 , 1565978449.556423
Time for OCR: 61.47459959983826 , 1565978511.0310667
Time for OCR: 54.61203050613403 , 1565978565.6431417
Time for OCR: 49.49429392814636 , 1565978615.1374774
Time for OCR: 45.37452435493469 , 1565978660.5120475
Time for OCR: 36.338412046432495 , 1565978696.8505037
Time for OCR: 76.35005068778992 , 1565978773.2006028
Time for OCR: 107.24060344696045 , 1565978880.44125
Time for OCR: 52.51745653152466 , 1565978932.9587498
Time for OCR: 47.518134355545044 , 1565978980.47693
Time for OCR: 56.74399542808533 , 1565979037.2209704
Time for OCR: 15.805123805999756 , 1565979053.02614
Time for OCR: 60.46018362045288 , 1565979113.486365
Time for OCR: 36.87204337120056 , 1565979150.3584552
Time for OCR: 64.18823266029358 , 1565979214.5467346
Time for OCR: 51.75000786781311 , 1565979266.2967877
Time for OCR: 68.32771134376526 , 1565979334.6245391
Time for OCR: 63.2540807723999 , 1565979397.8786635
Time for OCR: 54.39698553085327 , 1565979452.275691
Time for OCR: 47.313106060028076 , 1565979499.5888472
Time for OCR: 76.0704357624054 , 1565979575.6593244
Time for OCR: 60.825658321380615 , 1565979636.4850616
Time for OCR: 89.5420594215393 , 1565979726.0271819
Time for OCR: 59.82607698440552 , 1565979785.8533304
Time for OCR: 55.90377187728882 , 1565979841.7571914
Time for OCR: 91.76813387870789 , 1565979933.5254185
Time for OCR: 76.8150384426117 , 1565980010.340526
Time for OCR: 87.84690880775452 , 1565980098.1874907
Time for OCR: 79.43621039390564 , 1565980177.6237624
Time for OCR: 68.22065424919128 , 1565980245.8444726
Time for OCR: 59.9262809753418 , 1565980305.7708023
Time for OCR: 59.56823372840881 , 1565980365.3390965
Time for OCR: 87.85956120491028 , 1565980453.1987486
Time for OCR: 99.114417552948 , 1565980552.3132296
Time for OCR: 75.55607056617737 , 1565980627.8693888
Time for OCR: 79.37757849693298 , 1565980707.247032
Time for OCR: 81.27514576911926 , 1565980788.5222597
Time for OCR: 45.137184381484985 , 1565980833.6595116
Time for OCR: 80.09406542778015 , 1565980913.753634
