Requirement already satisfied: pandas in /opt/apps/software/MPI/GCC/7.3.0/OpenMPI/3.1.2/Python/3.6.6/lib/python3.6/site-packages/pandas-0.23.4-py3.6-linux-x86_64.egg (0.23.4)
Requirement already satisfied: python-dateutil>=2.5.0 in /opt/apps/software/MPI/GCC/7.3.0/OpenMPI/3.1.2/Python/3.6.6/lib/python3.6/site-packages/python_dateutil-2.7.3-py3.6.egg (from pandas) (2.7.3)
Requirement already satisfied: pytz>=2011k in /opt/apps/software/MPI/GCC/7.3.0/OpenMPI/3.1.2/Python/3.6.6/lib/python3.6/site-packages/pytz-2018.5-py3.6.egg (from pandas) (2018.5)
Requirement already satisfied: numpy>=1.9.0 in /opt/apps/software/MPI/GCC/7.3.0/OpenMPI/3.1.2/Python/3.6.6/lib/python3.6/site-packages/numpy-1.15.0-py3.6-linux-x86_64.egg (from pandas) (1.15.0)
Requirement already satisfied: six>=1.5 in /opt/apps/software/MPI/GCC/7.3.0/OpenMPI/3.1.2/Python/3.6.6/lib/python3.6/site-packages/six-1.11.0-py3.6.egg (from python-dateutil>=2.5.0->pandas) (1.11.0)
Requirement already satisfied: pytesseract in /home/jcm10/.local/lib/python3.6/site-packages (0.2.9)
Requirement already satisfied: Pillow in /home/jcm10/.local/lib/python3.6/site-packages (from pytesseract) (6.1.0)
Requirement already satisfied: PyPDF2 in /home/jcm10/.local/lib/python3.6/site-packages (1.26.0)
25
inputs
Time for OCR: 66.75676989555359 , 1565975159.4314892
Time for OCR: 106.27215337753296 , 1565975265.7037003
Time for OCR: 66.63423800468445 , 1565975332.3379872
Time for OCR: 62.45301008224487 , 1565975394.791043
Time for OCR: 94.78446793556213 , 1565975489.5755718
Time for OCR: 118.72268891334534 , 1565975608.2983239
Time for OCR: 139.2867133617401 , 1565975747.585089
Time for OCR: 101.22941827774048 , 1565975848.8145523
Time for OCR: 55.60948467254639 , 1565975904.4240952
Time for OCR: 88.95705485343933 , 1565975993.3812013
Time for OCR: 75.62465906143188 , 1565976069.0059073
Time for OCR: 114.63878607749939 , 1565976183.6447449
Time for OCR: 76.55768895149231 , 1565976260.2024841
Time for OCR: 152.6953101158142 , 1565976412.8978488
Time for OCR: 91.68941855430603 , 1565976504.5873191
Time for OCR: 60.432241439819336 , 1565976565.019608
Time for OCR: 94.60198855400085 , 1565976659.6216455
Time for OCR: 105.73858213424683 , 1565976765.3602748
Time for OCR: 75.05982184410095 , 1565976840.420147
Time for OCR: 87.30523133277893 , 1565976927.7254307
Time for OCR: 63.757946252822876 , 1565976991.4834268
Time for OCR: 76.32878041267395 , 1565977067.812255
Time for OCR: 83.73248934745789 , 1565977151.544796
Time for OCR: 102.803395986557 , 1565977254.3482375
Time for OCR: 83.6029679775238 , 1565977337.9512558
Time for OCR: 67.76942157745361 , 1565977405.7207234
Time for OCR: 115.01364970207214 , 1565977520.7344215
Time for OCR: 63.87362504005432 , 1565977584.6080916
Time for OCR: 91.0170590877533 , 1565977675.6251986
Time for OCR: 116.66017651557922 , 1565977792.28543
Time for OCR: 76.66030669212341 , 1565977868.9457839
Time for OCR: 119.31323337554932 , 1565977988.2590635
Time for OCR: 90.43552255630493 , 1565978078.6946325
Time for OCR: 121.39422750473022 , 1565978200.0889142
Time for OCR: 100.28750228881836 , 1565978300.3764682
Time for OCR: 90.02573895454407 , 1565978390.402252
Time for OCR: 115.22749757766724 , 1565978505.6297948
Time for OCR: 84.48093795776367 , 1565978590.110786
Time for OCR: 84.2111918926239 , 1565978674.3220296
Time for OCR: 89.0806155204773 , 1565978763.4026933
Time for OCR: 88.42595863342285 , 1565978851.828702
Time for OCR: 109.03677678108215 , 1565978960.8655214
Time for OCR: 65.85685062408447 , 1565979026.7224224
Time for OCR: 56.9751296043396 , 1565979083.6975982
Time for OCR: 73.56630897521973 , 1565979157.263955
Time for OCR: 46.86946201324463 , 1565979204.1334643
Time for OCR: 62.574095010757446 , 1565979266.7076073
Time for OCR: 92.76902318000793 , 1565979359.4766767
Time for OCR: 50.51997685432434 , 1565979409.9967046
Time for OCR: 63.0868239402771 , 1565979473.083581
Time for OCR: 66.41809940338135 , 1565979539.5017428
Time for OCR: 50.9839084148407 , 1565979590.485702
Time for OCR: 48.04665017127991 , 1565979638.5323975
Time for OCR: 56.12530159950256 , 1565979694.6577508
Time for OCR: 61.413936614990234 , 1565979756.071736
Time for OCR: 95.0439395904541 , 1565979851.1157207
Time for OCR: 75.57291674613953 , 1565979926.6886897
Time for OCR: 101.35288262367249 , 1565980028.0416193
Time for OCR: 61.48718214035034 , 1565980089.5288508
Time for OCR: 92.33595013618469 , 1565980181.8648455
Time for OCR: 70.48782896995544 , 1565980252.3527212
Time for OCR: 81.52697968482971 , 1565980333.8797476
Time for OCR: 44.184582471847534 , 1565980378.064376
Time for OCR: 93.93826103210449 , 1565980472.0026867
Time for OCR: 45.959890365600586 , 1565980517.962628
Time for OCR: 55.90906620025635 , 1565980573.8717413
Time for OCR: 83.42912793159485 , 1565980657.3009229
Time for OCR: 77.36066150665283 , 1565980734.6616356
Time for OCR: 68.89521622657776 , 1565980803.5568993
Time for OCR: 63.60487246513367 , 1565980867.1618173
Time for OCR: 91.64825367927551 , 1565980958.8101168
Time for OCR: 55.077561140060425 , 1565981013.887724
Time for OCR: 48.53327131271362 , 1565981062.4210398
Time for OCR: 64.76862239837646 , 1565981127.1897078
Time for OCR: 85.77999305725098 , 1565981212.9697497
Time for OCR: 60.85684299468994 , 1565981273.82665
Time for OCR: 94.53774976730347 , 1565981368.3644445
Time for OCR: 77.16153812408447 , 1565981445.5260277
Time for OCR: 61.87661123275757 , 1565981507.402683
Time for OCR: 102.90475511550903 , 1565981610.307483
Time for OCR: 100.87386226654053 , 1565981711.18139
Time for OCR: 120.19851493835449 , 1565981831.379951
Time for OCR: 90.73707246780396 , 1565981922.1170726
Time for OCR: 81.51778435707092 , 1565982003.6349084
