Requirement already satisfied: pandas in /opt/apps/software/MPI/GCC/7.3.0/OpenMPI/3.1.2/Python/3.6.6/lib/python3.6/site-packages/pandas-0.23.4-py3.6-linux-x86_64.egg (0.23.4)
Requirement already satisfied: python-dateutil>=2.5.0 in /opt/apps/software/MPI/GCC/7.3.0/OpenMPI/3.1.2/Python/3.6.6/lib/python3.6/site-packages/python_dateutil-2.7.3-py3.6.egg (from pandas) (2.7.3)
Requirement already satisfied: pytz>=2011k in /opt/apps/software/MPI/GCC/7.3.0/OpenMPI/3.1.2/Python/3.6.6/lib/python3.6/site-packages/pytz-2018.5-py3.6.egg (from pandas) (2018.5)
Requirement already satisfied: numpy>=1.9.0 in /opt/apps/software/MPI/GCC/7.3.0/OpenMPI/3.1.2/Python/3.6.6/lib/python3.6/site-packages/numpy-1.15.0-py3.6-linux-x86_64.egg (from pandas) (1.15.0)
Requirement already satisfied: six>=1.5 in /opt/apps/software/MPI/GCC/7.3.0/OpenMPI/3.1.2/Python/3.6.6/lib/python3.6/site-packages/six-1.11.0-py3.6.egg (from python-dateutil>=2.5.0->pandas) (1.11.0)
Requirement already satisfied: pytesseract in /home/jcm10/.local/lib/python3.6/site-packages (0.2.9)
Requirement already satisfied: Pillow in /home/jcm10/.local/lib/python3.6/site-packages (from pytesseract) (6.1.0)
Requirement already satisfied: PyPDF2 in /home/jcm10/.local/lib/python3.6/site-packages (1.26.0)
10
inputs
Time for OCR: 74.9583785533905 , 1565975167.9021692
Time for OCR: 90.17873620986938 , 1565975258.0809667
Time for OCR: 86.6809663772583 , 1565975344.7619789
Time for OCR: 94.03753113746643 , 1565975438.7995548
Time for OCR: 71.31434774398804 , 1565975510.1139464
Time for OCR: 118.21625757217407 , 1565975628.330245
Time for OCR: 65.31970000267029 , 1565975693.64999
Time for OCR: 77.4497435092926 , 1565975771.0997787
Time for OCR: 119.34236574172974 , 1565975890.442191
Time for OCR: 84.39816737174988 , 1565975974.8404014
Time for OCR: 102.01247930526733 , 1565976076.8529255
Time for OCR: 77.02202129364014 , 1565976153.8749943
Time for OCR: 72.5234067440033 , 1565976226.3984468
Time for OCR: 79.51694011688232 , 1565976305.9154363
Time for OCR: 88.44658088684082 , 1565976394.3620617
Time for OCR: 89.27341628074646 , 1565976483.6355274
Time for OCR: 72.38112664222717 , 1565976556.016703
Time for OCR: 99.2590115070343 , 1565976655.2757595
Time for OCR: 107.30710077285767 , 1565976762.582904
Time for OCR: 64.09331178665161 , 1565976826.676267
Time for OCR: 69.56631684303284 , 1565976896.2426283
Time for OCR: 66.65906596183777 , 1565976962.9017391
Time for OCR: 101.86299896240234 , 1565977064.7647839
Time for OCR: 76.46120476722717 , 1565977141.2260406
Time for OCR: 69.87063598632812 , 1565977211.0967188
Time for OCR: 79.14202690124512 , 1565977290.2387934
Time for OCR: 87.42409491539001 , 1565977377.6629336
Time for OCR: 86.61719822883606 , 1565977464.2801754
Time for OCR: 64.70263290405273 , 1565977528.9828546
Time for OCR: 81.5602068901062 , 1565977610.5431135
Time for OCR: 96.40589094161987 , 1565977706.9490554
Time for OCR: 88.11724352836609 , 1565977795.0663445
Time for OCR: 83.89050507545471 , 1565977878.9569004
Time for OCR: 123.5028805732727 , 1565978002.459838
Time for OCR: 75.62400150299072 , 1565978078.083887
Time for OCR: 72.12316060066223 , 1565978150.2070932
Time for OCR: 98.82362365722656 , 1565978249.0307608
Time for OCR: 91.55013751983643 , 1565978340.5809457
Time for OCR: 89.22755575180054 , 1565978429.8085432
Time for OCR: 75.18255710601807 , 1565978504.9911463
Time for OCR: 91.96839785575867 , 1565978596.9595869
Time for OCR: 80.3636360168457 , 1565978677.3232713
Time for OCR: 49.132450342178345 , 1565978726.4557655
Time for OCR: 54.04004192352295 , 1565978780.4958525
Time for OCR: 67.2590696811676 , 1565978847.7549725
Time for OCR: 90.62984919548035 , 1565978938.384863
Time for OCR: 67.3006522655487 , 1565979005.6855595
Time for OCR: 68.71617698669434 , 1565979074.4017804
Time for OCR: 75.63428139686584 , 1565979150.0361102
Time for OCR: 51.527623653411865 , 1565979201.5637841
Time for OCR: 91.24783086776733 , 1565979292.8116581
Time for OCR: 60.57418870925903 , 1565979353.3858962
Time for OCR: 84.38151407241821 , 1565979437.7674637
Time for OCR: 60.33960318565369 , 1565979498.107119
Time for OCR: 47.435837268829346 , 1565979545.5429993
Time for OCR: 73.31106090545654 , 1565979618.854104
Time for OCR: 67.16684126853943 , 1565979686.0209868
Time for OCR: 40.16321611404419 , 1565979726.184246
Time for OCR: 57.29331111907959 , 1565979783.4776018
Time for OCR: 34.77995991706848 , 1565979818.2576044
Time for OCR: 74.71829652786255 , 1565979892.9759455
Time for OCR: 84.76839971542358 , 1565979977.7443926
Time for OCR: 75.37083554267883 , 1565980053.1152713
Time for OCR: 67.77862572669983 , 1565980120.8939407
Time for OCR: 64.35177707672119 , 1565980185.2457628
Time for OCR: 69.32436752319336 , 1565980254.5701766
Time for OCR: 59.536168336868286 , 1565980314.106389
Time for OCR: 98.117666721344 , 1565980412.2240996
Time for OCR: 89.11106634140015 , 1565980501.3352084
Time for OCR: 100.87239265441895 , 1565980602.20765
Time for OCR: 75.6469554901123 , 1565980677.854655
Time for OCR: 81.3136191368103 , 1565980759.1683235
Time for OCR: 102.48294019699097 , 1565980861.6513073
Time for OCR: 75.96302962303162 , 1565980937.6143792
Time for OCR: 81.76158261299133 , 1565981019.3760056
Time for OCR: 78.45159006118774 , 1565981097.8276525
Time for OCR: 68.46962141990662 , 1565981166.2973275
Time for OCR: 84.39645624160767 , 1565981250.6938453
Time for OCR: 51.751189947128296 , 1565981302.4450915
Time for OCR: 101.00205159187317 , 1565981403.4471967
Time for OCR: 91.51801896095276 , 1565981494.9652727
Time for OCR: 72.04076623916626 , 1565981567.0060928
Time for OCR: 87.14672946929932 , 1565981654.1528802
Time for OCR: 106.29315996170044 , 1565981760.4460945
Time for OCR: 18.069864988327026 , 1565981778.5160143
