Requirement already satisfied: pandas in /opt/apps/software/MPI/GCC/7.3.0/OpenMPI/3.1.2/Python/3.6.6/lib/python3.6/site-packages/pandas-0.23.4-py3.6-linux-x86_64.egg (0.23.4)
Requirement already satisfied: python-dateutil>=2.5.0 in /opt/apps/software/MPI/GCC/7.3.0/OpenMPI/3.1.2/Python/3.6.6/lib/python3.6/site-packages/python_dateutil-2.7.3-py3.6.egg (from pandas) (2.7.3)
Requirement already satisfied: pytz>=2011k in /opt/apps/software/MPI/GCC/7.3.0/OpenMPI/3.1.2/Python/3.6.6/lib/python3.6/site-packages/pytz-2018.5-py3.6.egg (from pandas) (2018.5)
Requirement already satisfied: numpy>=1.9.0 in /opt/apps/software/MPI/GCC/7.3.0/OpenMPI/3.1.2/Python/3.6.6/lib/python3.6/site-packages/numpy-1.15.0-py3.6-linux-x86_64.egg (from pandas) (1.15.0)
Requirement already satisfied: six>=1.5 in /opt/apps/software/MPI/GCC/7.3.0/OpenMPI/3.1.2/Python/3.6.6/lib/python3.6/site-packages/six-1.11.0-py3.6.egg (from python-dateutil>=2.5.0->pandas) (1.11.0)
Requirement already satisfied: pytesseract in /home/jcm10/.local/lib/python3.6/site-packages (0.2.9)
Requirement already satisfied: Pillow in /home/jcm10/.local/lib/python3.6/site-packages (from pytesseract) (6.1.0)
Requirement already satisfied: PyPDF2 in /home/jcm10/.local/lib/python3.6/site-packages (1.26.0)
48
inputs
Time for OCR: 54.84354090690613 , 1565975147.5143943
Time for OCR: 111.69035625457764 , 1565975259.20481
Time for OCR: 75.845055103302 , 1565975335.0499065
Time for OCR: 57.897274017333984 , 1565975392.9472206
Time for OCR: 62.90056324005127 , 1565975455.8478262
Time for OCR: 61.45095372200012 , 1565975517.2988214
Time for OCR: 73.47619986534119 , 1565975590.7750707
Time for OCR: 88.29136562347412 , 1565975679.066476
Time for OCR: 58.955626249313354 , 1565975738.022144
Time for OCR: 61.34890341758728 , 1565975799.3710902
Time for OCR: 46.1439733505249 , 1565975845.5151062
Time for OCR: 86.62032222747803 , 1565975932.1354744
Time for OCR: 65.12311816215515 , 1565975997.2586322
Time for OCR: 87.82205939292908 , 1565976085.0807352
Time for OCR: 60.77535605430603 , 1565976145.856135
Time for OCR: 56.39576530456543 , 1565976202.2519429
Time for OCR: 68.1627414226532 , 1565976270.4147325
Time for OCR: 59.30511164665222 , 1565976329.7198906
Time for OCR: 79.35477828979492 , 1565976409.0747108
Time for OCR: 90.45306849479675 , 1565976499.5278265
Time for OCR: 81.05536413192749 , 1565976580.583232
Time for OCR: 74.17664837837219 , 1565976654.7599335
Time for OCR: 67.88552594184875 , 1565976722.6455047
Time for OCR: 69.96194624900818 , 1565976792.6074913
Time for OCR: 48.34470987319946 , 1565976840.9522443
Time for OCR: 60.44188475608826 , 1565976901.3941746
Time for OCR: 79.11678719520569 , 1565976980.511004
Time for OCR: 76.39691972732544 , 1565977056.9079666
Time for OCR: 64.64633536338806 , 1565977121.5543568
Time for OCR: 72.9984118938446 , 1565977194.552823
Time for OCR: 112.93547987937927 , 1565977307.488349
Time for OCR: 48.20757341384888 , 1565977355.6959736
Time for OCR: 69.72191858291626 , 1565977425.417945
Time for OCR: 71.51391935348511 , 1565977496.9319177
Time for OCR: 68.944908618927 , 1565977565.8768678
Time for OCR: 80.38936042785645 , 1565977646.2662704
Time for OCR: 50.943233489990234 , 1565977697.2095442
Time for OCR: 73.06090998649597 , 1565977770.2705085
Time for OCR: 86.58810019493103 , 1565977856.8586547
Time for OCR: 73.45662999153137 , 1565977930.3153272
Time for OCR: 56.858954191207886 , 1565977987.1743221
Time for OCR: 64.28158068656921 , 1565978051.4559486
Time for OCR: 75.02460169792175 , 1565978126.4805958
Time for OCR: 87.97815942764282 , 1565978214.4587991
Time for OCR: 61.84861636161804 , 1565978276.3074646
Time for OCR: 58.74147582054138 , 1565978335.0489974
Time for OCR: 75.82261157035828 , 1565978410.8716521
Time for OCR: 58.63495707511902 , 1565978469.50665
Time for OCR: 54.709468841552734 , 1565978524.216161
Time for OCR: 56.37256193161011 , 1565978580.588768
Time for OCR: 48.49735403060913 , 1565978629.0861685
Time for OCR: 69.89888548851013 , 1565978698.9850972
Time for OCR: 65.69117593765259 , 1565978764.6763186
Time for OCR: 58.43033814430237 , 1565978823.106701
Time for OCR: 41.968966484069824 , 1565978865.0757072
Time for OCR: 55.458242893218994 , 1565978920.5339913
Time for OCR: 51.75181245803833 , 1565978972.28585
Time for OCR: 53.745041370391846 , 1565979026.0309327
Time for OCR: 42.29827404022217 , 1565979068.3292518
Time for OCR: 82.77080941200256 , 1565979151.1001039
Time for OCR: 52.81520080566406 , 1565979203.9153492
Time for OCR: 64.86039423942566 , 1565979268.7757847
Time for OCR: 61.482237339019775 , 1565979330.2580655
Time for OCR: 70.08776211738586 , 1565979400.3458724
Time for OCR: 58.68039035797119 , 1565979459.0263042
Time for OCR: 58.3123779296875 , 1565979517.3387287
Time for OCR: 91.91442918777466 , 1565979609.2532027
Time for OCR: 93.80144548416138 , 1565979703.054726
Time for OCR: 71.89954566955566 , 1565979774.9543293
Time for OCR: 45.5094792842865 , 1565979820.4638832
Time for OCR: 86.37723445892334 , 1565979906.8411942
Time for OCR: 68.62815451622009 , 1565979975.4694026
Time for OCR: 99.46647524833679 , 1565980074.9359238
Time for OCR: 57.03009843826294 , 1565980131.9661179
Time for OCR: 77.47432398796082 , 1565980209.4405515
Time for OCR: 59.783514738082886 , 1565980269.224138
Time for OCR: 40.914774656295776 , 1565980310.139014
Time for OCR: 59.54454565048218 , 1565980369.6836002
Time for OCR: 121.12939882278442 , 1565980490.8130844
Time for OCR: 84.58716535568237 , 1565980575.400331
Time for OCR: 45.86956548690796 , 1565980621.26998
Time for OCR: 93.92591834068298 , 1565980715.195989
Time for OCR: 38.47969055175781 , 1565980753.6757193
Time for OCR: 69.69019174575806 , 1565980823.3659866
