Requirement already satisfied: pandas in /opt/apps/software/MPI/GCC/7.3.0/OpenMPI/3.1.2/Python/3.6.6/lib/python3.6/site-packages/pandas-0.23.4-py3.6-linux-x86_64.egg (0.23.4)
Requirement already satisfied: python-dateutil>=2.5.0 in /opt/apps/software/MPI/GCC/7.3.0/OpenMPI/3.1.2/Python/3.6.6/lib/python3.6/site-packages/python_dateutil-2.7.3-py3.6.egg (from pandas) (2.7.3)
Requirement already satisfied: pytz>=2011k in /opt/apps/software/MPI/GCC/7.3.0/OpenMPI/3.1.2/Python/3.6.6/lib/python3.6/site-packages/pytz-2018.5-py3.6.egg (from pandas) (2018.5)
Requirement already satisfied: numpy>=1.9.0 in /opt/apps/software/MPI/GCC/7.3.0/OpenMPI/3.1.2/Python/3.6.6/lib/python3.6/site-packages/numpy-1.15.0-py3.6-linux-x86_64.egg (from pandas) (1.15.0)
Requirement already satisfied: six>=1.5 in /opt/apps/software/MPI/GCC/7.3.0/OpenMPI/3.1.2/Python/3.6.6/lib/python3.6/site-packages/six-1.11.0-py3.6.egg (from python-dateutil>=2.5.0->pandas) (1.11.0)
Requirement already satisfied: pytesseract in /home/jcm10/.local/lib/python3.6/site-packages (0.2.9)
Requirement already satisfied: Pillow in /home/jcm10/.local/lib/python3.6/site-packages (from pytesseract) (6.1.0)
Requirement already satisfied: PyPDF2 in /home/jcm10/.local/lib/python3.6/site-packages (1.26.0)
1
inputs
Time for OCR: 66.2191333770752 , 1565975159.1836202
Time for OCR: 81.89347624778748 , 1565975241.0771549
Time for OCR: 62.38401556015015 , 1565975303.4612179
Time for OCR: 93.16069149971008 , 1565975396.621961
Time for OCR: 273.2520914077759 , 1565975669.8740954
Time for OCR: 98.0239315032959 , 1565975767.8980725
Time for OCR: 81.32110905647278 , 1565975849.2192242
Time for OCR: 93.11694741249084 , 1565975942.3362126
Time for OCR: 85.0625331401825 , 1565976027.3987908
Time for OCR: 97.39629769325256 , 1565976124.7951477
Time for OCR: 53.87862515449524 , 1565976178.6738174
Time for OCR: 66.25985717773438 , 1565976244.9337192
Time for OCR: 76.80587673187256 , 1565976321.7396405
Time for OCR: 74.27314043045044 , 1565976396.0128267
Time for OCR: 78.05370330810547 , 1565976474.066575
Time for OCR: 75.78865170478821 , 1565976549.8552709
Time for OCR: 58.49241256713867 , 1565976608.3477292
Time for OCR: 73.89370441436768 , 1565976682.2414746
Time for OCR: 69.69072556495667 , 1565976751.9322593
Time for OCR: 86.44308018684387 , 1565976838.3753872
Time for OCR: 99.07821369171143 , 1565976937.4536426
Time for OCR: 101.8858916759491 , 1565977039.3395786
Time for OCR: 150.61555361747742 , 1565977189.9551823
Time for OCR: 72.07533240318298 , 1565977262.0305567
Time for OCR: 91.69654822349548 , 1565977353.72715
Time for OCR: 103.37487316131592 , 1565977457.1020756
Time for OCR: 75.70950150489807 , 1565977532.8116255
Time for OCR: 78.20584535598755 , 1565977611.0175242
Time for OCR: 53.409969329833984 , 1565977664.4275389
Time for OCR: 62.57837104797363 , 1565977727.0059578
Time for OCR: 75.80315041542053 , 1565977802.8091512
Time for OCR: 79.51856970787048 , 1565977882.3277793
Time for OCR: 93.67349004745483 , 1565977976.0013144
Time for OCR: 77.79500651359558 , 1565978053.7963672
Time for OCR: 76.36864519119263 , 1565978130.165056
Time for OCR: 93.54353737831116 , 1565978223.7086375
Time for OCR: 95.85874605178833 , 1565978319.567428
Time for OCR: 62.02363848686218 , 1565978381.5911086
Time for OCR: 84.34333968162537 , 1565978465.9344916
Time for OCR: 129.58351230621338 , 1565978595.518059
Time for OCR: 85.20357894897461 , 1565978680.7216845
Time for OCR: 109.48214530944824 , 1565978790.203875
Time for OCR: 103.18872356414795 , 1565978893.3926408
Time for OCR: 74.94199299812317 , 1565978968.3346758
Time for OCR: 96.69062447547913 , 1565979065.0253434
Time for OCR: 68.61796045303345 , 1565979133.6433566
Time for OCR: 70.39891147613525 , 1565979204.04232
Time for OCR: 58.443421840667725 , 1565979262.4857967
Time for OCR: 74.04598593711853 , 1565979336.531828
Time for OCR: 49.000144243240356 , 1565979385.5320163
Time for OCR: 52.158523082733154 , 1565979437.690582
Time for OCR: 62.017720460891724 , 1565979499.70835
Time for OCR: 44.72228288650513 , 1565979544.430673
Time for OCR: 47.50918626785278 , 1565979591.939903
Time for OCR: 62.33798694610596 , 1565979654.2779348
Time for OCR: 79.60666990280151 , 1565979733.8846467
Time for OCR: 43.40277314186096 , 1565979777.2874615
Time for OCR: 97.98833894729614 , 1565979875.2758539
Time for OCR: 48.70729923248291 , 1565979923.9831998
Time for OCR: 78.90498614311218 , 1565980002.8882287
Time for OCR: 69.6225209236145 , 1565980072.5107956
Time for OCR: 58.03034520149231 , 1565980130.5411823
Time for OCR: 40.16756534576416 , 1565980170.7087908
Time for OCR: 73.51481866836548 , 1565980244.2236547
Time for OCR: 63.648176193237305 , 1565980307.871884
Time for OCR: 81.94348287582397 , 1565980389.8154104
Time for OCR: 99.65597581863403 , 1565980489.4714382
Time for OCR: 82.9543559551239 , 1565980572.425843
Time for OCR: 104.56941151618958 , 1565980676.9953053
Time for OCR: 52.41474509239197 , 1565980729.410094
Time for OCR: 54.42734479904175 , 1565980783.8374808
Time for OCR: 62.164382219314575 , 1565980846.0019166
Time for OCR: 91.4782087802887 , 1565980937.4801676
Time for OCR: 74.89232206344604 , 1565981012.3725348
Time for OCR: 90.79309177398682 , 1565981103.1656811
Time for OCR: 86.20700907707214 , 1565981189.372746
Time for OCR: 52.02436566352844 , 1565981241.3971663
Time for OCR: 65.81016993522644 , 1565981307.2073894
Time for OCR: 97.526620388031 , 1565981404.7340627
Time for OCR: 60.37064266204834 , 1565981465.1047673
Time for OCR: 94.7109956741333 , 1565981559.8158221
Time for OCR: 72.64442229270935 , 1565981632.4603012
Time for OCR: 102.75330805778503 , 1565981735.2136683
Time for OCR: 42.26415491104126 , 1565981777.4778757
Time for OCR: 88.27054524421692 , 1565981865.7484634
