Requirement already satisfied: pandas in /opt/apps/software/MPI/GCC/7.3.0/OpenMPI/3.1.2/Python/3.6.6/lib/python3.6/site-packages/pandas-0.23.4-py3.6-linux-x86_64.egg (0.23.4)
Requirement already satisfied: python-dateutil>=2.5.0 in /opt/apps/software/MPI/GCC/7.3.0/OpenMPI/3.1.2/Python/3.6.6/lib/python3.6/site-packages/python_dateutil-2.7.3-py3.6.egg (from pandas) (2.7.3)
Requirement already satisfied: pytz>=2011k in /opt/apps/software/MPI/GCC/7.3.0/OpenMPI/3.1.2/Python/3.6.6/lib/python3.6/site-packages/pytz-2018.5-py3.6.egg (from pandas) (2018.5)
Requirement already satisfied: numpy>=1.9.0 in /opt/apps/software/MPI/GCC/7.3.0/OpenMPI/3.1.2/Python/3.6.6/lib/python3.6/site-packages/numpy-1.15.0-py3.6-linux-x86_64.egg (from pandas) (1.15.0)
Requirement already satisfied: six>=1.5 in /opt/apps/software/MPI/GCC/7.3.0/OpenMPI/3.1.2/Python/3.6.6/lib/python3.6/site-packages/six-1.11.0-py3.6.egg (from python-dateutil>=2.5.0->pandas) (1.11.0)
Requirement already satisfied: pytesseract in /home/jcm10/.local/lib/python3.6/site-packages (0.2.9)
Requirement already satisfied: Pillow in /home/jcm10/.local/lib/python3.6/site-packages (from pytesseract) (6.1.0)
Requirement already satisfied: PyPDF2 in /home/jcm10/.local/lib/python3.6/site-packages (1.26.0)
29
inputs
Time for OCR: 64.63530540466309 , 1565975157.3103757
Time for OCR: 85.19368839263916 , 1565975242.5041184
Time for OCR: 108.37815237045288 , 1565975350.8823156
Time for OCR: 125.88230156898499 , 1565975476.7646654
Time for OCR: 100.20077705383301 , 1565975576.9654913
Time for OCR: 90.74650502204895 , 1565975667.7120492
Time for OCR: 82.56629943847656 , 1565975750.2783961
Time for OCR: 95.5701789855957 , 1565975845.848623
Time for OCR: 85.46548080444336 , 1565975931.314153
Time for OCR: 99.34241580963135 , 1565976030.6566184
Time for OCR: 111.46550297737122 , 1565976142.1221735
Time for OCR: 117.22615242004395 , 1565976259.3483768
Time for OCR: 107.8960030078888 , 1565976367.2444277
Time for OCR: 107.58646321296692 , 1565976474.8309417
Time for OCR: 74.28311967849731 , 1565976549.1141155
Time for OCR: 96.33482265472412 , 1565976645.4489996
Time for OCR: 108.89339208602905 , 1565976754.3424406
Time for OCR: 91.29313611984253 , 1565976845.63563
Time for OCR: 105.76843428611755 , 1565976951.4041166
Time for OCR: 101.60444951057434 , 1565977053.0086164
Time for OCR: 87.40394258499146 , 1565977140.4126055
Time for OCR: 77.83661341667175 , 1565977218.2492678
Time for OCR: 60.1423602104187 , 1565977278.3916755
Time for OCR: 76.34320330619812 , 1565977354.7349262
Time for OCR: 71.13528847694397 , 1565977425.8702607
Time for OCR: 81.99722504615784 , 1565977507.8675356
Time for OCR: 82.97633194923401 , 1565977590.8439136
Time for OCR: 63.18877959251404 , 1565977654.0327442
Time for OCR: 108.87062430381775 , 1565977762.9034176
Time for OCR: 83.12292647361755 , 1565977846.0263922
Time for OCR: 86.96258282661438 , 1565977932.9890192
Time for OCR: 114.32443475723267 , 1565978047.3135052
Time for OCR: 122.09697103500366 , 1565978169.410521
Time for OCR: 86.20364141464233 , 1565978255.6142077
Time for OCR: 103.36110639572144 , 1565978358.9753604
Time for OCR: 88.71706008911133 , 1565978447.6924703
Time for OCR: 91.60420203208923 , 1565978539.2967176
Time for OCR: 95.14976453781128 , 1565978634.4465296
Time for OCR: 86.10031533241272 , 1565978720.546893
Time for OCR: 57.557151556015015 , 1565978778.1040964
Time for OCR: 77.00840473175049 , 1565978855.1125488
Time for OCR: 91.37668633460999 , 1565978946.4892967
Time for OCR: 43.33755874633789 , 1565978989.8269012
Time for OCR: 36.03163385391235 , 1565979025.858584
Time for OCR: 68.27710032463074 , 1565979094.1357398
Time for OCR: 60.72167491912842 , 1565979154.8574598
Time for OCR: 64.32886147499084 , 1565979219.1863694
Time for OCR: 56.486358880996704 , 1565979275.6727817
Time for OCR: 77.91121220588684 , 1565979353.5840387
Time for OCR: 70.77185320854187 , 1565979424.3559365
Time for OCR: 67.15412783622742 , 1565979491.5101104
Time for OCR: 98.69441962242126 , 1565979590.2045774
Time for OCR: 41.047261476516724 , 1565979631.2519095
Time for OCR: 53.35198640823364 , 1565979684.6039393
Time for OCR: 57.86451315879822 , 1565979742.4685173
Time for OCR: 110.44384145736694 , 1565979852.9124098
Time for OCR: 69.23306012153625 , 1565979922.1455169
Time for OCR: 44.47301650047302 , 1565979966.6185787
Time for OCR: 78.3017327785492 , 1565980044.9203727
Time for OCR: 29.009318828582764 , 1565980073.9297366
Time for OCR: 67.72793102264404 , 1565980141.6577218
Time for OCR: 103.98410177230835 , 1565980245.6418724
Time for OCR: 43.781423807144165 , 1565980289.4233444
Time for OCR: 86.0136022567749 , 1565980375.4369936
Time for OCR: 61.657862186431885 , 1565980437.094906
Time for OCR: 95.59408926963806 , 1565980532.689043
Time for OCR: 104.10908031463623 , 1565980636.7981744
Time for OCR: 92.97340965270996 , 1565980729.7716372
Time for OCR: 86.14823579788208 , 1565980815.9199204
Time for OCR: 70.62821650505066 , 1565980886.548182
Time for OCR: 42.423097372055054 , 1565980928.971324
Time for OCR: 63.06383752822876 , 1565980992.0352147
Time for OCR: 72.15785956382751 , 1565981064.1931229
Time for OCR: 81.75556659698486 , 1565981145.9487364
Time for OCR: 84.4505717754364 , 1565981230.3993568
Time for OCR: 69.57368922233582 , 1565981299.9731014
Time for OCR: 78.44330644607544 , 1565981378.4164553
Time for OCR: 49.220935344696045 , 1565981427.637438
Time for OCR: 54.86512613296509 , 1565981482.5026102
Time for OCR: 57.59959149360657 , 1565981540.10225
Time for OCR: 81.24699449539185 , 1565981621.3492935
Time for OCR: 77.5029776096344 , 1565981698.8523178
Time for OCR: 29.11062979698181 , 1565981727.9630027
Time for OCR: 72.13312292098999 , 1565981800.0961714
