Requirement already satisfied: pandas in /opt/apps/software/MPI/GCC/7.3.0/OpenMPI/3.1.2/Python/3.6.6/lib/python3.6/site-packages/pandas-0.23.4-py3.6-linux-x86_64.egg (0.23.4)
Requirement already satisfied: python-dateutil>=2.5.0 in /opt/apps/software/MPI/GCC/7.3.0/OpenMPI/3.1.2/Python/3.6.6/lib/python3.6/site-packages/python_dateutil-2.7.3-py3.6.egg (from pandas) (2.7.3)
Requirement already satisfied: pytz>=2011k in /opt/apps/software/MPI/GCC/7.3.0/OpenMPI/3.1.2/Python/3.6.6/lib/python3.6/site-packages/pytz-2018.5-py3.6.egg (from pandas) (2018.5)
Requirement already satisfied: numpy>=1.9.0 in /opt/apps/software/MPI/GCC/7.3.0/OpenMPI/3.1.2/Python/3.6.6/lib/python3.6/site-packages/numpy-1.15.0-py3.6-linux-x86_64.egg (from pandas) (1.15.0)
Requirement already satisfied: six>=1.5 in /opt/apps/software/MPI/GCC/7.3.0/OpenMPI/3.1.2/Python/3.6.6/lib/python3.6/site-packages/six-1.11.0-py3.6.egg (from python-dateutil>=2.5.0->pandas) (1.11.0)
Requirement already satisfied: pytesseract in /home/jcm10/.local/lib/python3.6/site-packages (0.2.9)
Requirement already satisfied: Pillow in /home/jcm10/.local/lib/python3.6/site-packages (from pytesseract) (6.1.0)
Requirement already satisfied: PyPDF2 in /home/jcm10/.local/lib/python3.6/site-packages (1.26.0)
49
inputs
Time for OCR: 73.26014828681946 , 1565975165.9343364
Time for OCR: 40.98208951950073 , 1565975206.9164913
Time for OCR: 83.27435183525085 , 1565975290.1908875
Time for OCR: 64.6524109840393 , 1565975354.8433409
Time for OCR: 71.31083059310913 , 1565975426.154212
Time for OCR: 51.41091585159302 , 1565975477.565171
Time for OCR: 75.33662939071655 , 1565975552.9018428
Time for OCR: 90.93269968032837 , 1565975643.8345833
Time for OCR: 61.88180470466614 , 1565975705.7164376
Time for OCR: 67.95151138305664 , 1565975773.6679926
Time for OCR: 45.23732805252075 , 1565975818.9053707
Time for OCR: 65.46719741821289 , 1565975884.372611
Time for OCR: 73.1850175857544 , 1565975957.5576694
Time for OCR: 66.93737196922302 , 1565976024.4950845
Time for OCR: 55.45165681838989 , 1565976079.9467869
Time for OCR: 60.348289251327515 , 1565976140.295118
Time for OCR: 45.60654664039612 , 1565976185.901709
Time for OCR: 74.21039724349976 , 1565976260.112147
Time for OCR: 79.95871090888977 , 1565976340.070902
Time for OCR: 73.08506941795349 , 1565976413.1560166
Time for OCR: 98.3743085861206 , 1565976511.5303655
Time for OCR: 63.32206630706787 , 1565976574.852477
Time for OCR: 39.4329879283905 , 1565976614.2855093
Time for OCR: 81.58615326881409 , 1565976695.871704
Time for OCR: 78.83605027198792 , 1565976774.707791
Time for OCR: 56.602898836135864 , 1565976831.3107376
Time for OCR: 61.026580572128296 , 1565976892.3373659
Time for OCR: 80.93164253234863 , 1565976973.2690518
Time for OCR: 71.20280861854553 , 1565977044.4719036
Time for OCR: 72.48791265487671 , 1565977116.9598677
Time for OCR: 82.90270948410034 , 1565977199.862624
Time for OCR: 101.1441650390625 , 1565977301.0068474
Time for OCR: 55.065542221069336 , 1565977356.07244
Time for OCR: 109.54727029800415 , 1565977465.6197567
Time for OCR: 85.82101345062256 , 1565977551.4408214
Time for OCR: 70.22965121269226 , 1565977621.670517
Time for OCR: 57.31742238998413 , 1565977678.987977
Time for OCR: 53.57743835449219 , 1565977732.5654576
Time for OCR: 65.03615689277649 , 1565977797.6016593
Time for OCR: 60.62923049926758 , 1565977858.2309358
Time for OCR: 86.28253746032715 , 1565977944.5135171
Time for OCR: 62.46333169937134 , 1565978006.9768887
Time for OCR: 40.22999835014343 , 1565978047.2069314
Time for OCR: 27.564844131469727 , 1565978074.7718215
Time for OCR: 66.06814694404602 , 1565978140.8400168
Time for OCR: 50.38955330848694 , 1565978191.2296095
Time for OCR: 62.234503984451294 , 1565978253.4641583
Time for OCR: 50.57496666908264 , 1565978304.039165
Time for OCR: 50.647730588912964 , 1565978354.686941
Time for OCR: 62.7645480632782 , 1565978417.451529
Time for OCR: 51.29996109008789 , 1565978468.7515306
Time for OCR: 59.62428951263428 , 1565978528.375861
Time for OCR: 60.95648002624512 , 1565978589.3323817
Time for OCR: 55.4003210067749 , 1565978644.7327442
Time for OCR: 58.12493705749512 , 1565978702.8577206
Time for OCR: 15.975436210632324 , 1565978718.8332002
Time for OCR: 54.40472388267517 , 1565978773.2379634
Time for OCR: 50.41232752799988 , 1565978823.6503334
Time for OCR: 35.57795524597168 , 1565978859.228332
Time for OCR: 51.334052324295044 , 1565978910.5624242
Time for OCR: 61.88316750526428 , 1565978972.4456322
Time for OCR: 69.75807666778564 , 1565979042.2037506
Time for OCR: 78.53726387023926 , 1565979120.7410567
Time for OCR: 52.24513649940491 , 1565979172.9862356
Time for OCR: 45.54210329055786 , 1565979218.5283806
Time for OCR: 45.33457374572754 , 1565979263.8630009
Time for OCR: 51.12203073501587 , 1565979314.985075
Time for OCR: 44.25078082084656 , 1565979359.2358968
Time for OCR: 53.159276247024536 , 1565979412.3952208
Time for OCR: 56.96124505996704 , 1565979469.3565102
Time for OCR: 31.33175015449524 , 1565979500.6883106
Time for OCR: 64.92812204360962 , 1565979565.6164744
Time for OCR: 67.07822179794312 , 1565979632.6947703
Time for OCR: 60.87122654914856 , 1565979693.5660627
Time for OCR: 88.32902836799622 , 1565979781.895144
Time for OCR: 76.18803477287292 , 1565979858.0832558
Time for OCR: 61.62298130989075 , 1565979919.7062933
Time for OCR: 100.70217657089233 , 1565980020.408558
Time for OCR: 89.3988938331604 , 1565980109.8075697
Time for OCR: 85.03159022331238 , 1565980194.8392162
Time for OCR: 69.7579710483551 , 1565980264.5972645
Time for OCR: 85.47024989128113 , 1565980350.0676076
Time for OCR: 72.3965380191803 , 1565980422.4642255
Time for OCR: 66.67463874816895 , 1565980489.1389282
