Requirement already satisfied: pandas in /opt/apps/software/MPI/GCC/7.3.0/OpenMPI/3.1.2/Python/3.6.6/lib/python3.6/site-packages/pandas-0.23.4-py3.6-linux-x86_64.egg (0.23.4)
Requirement already satisfied: python-dateutil>=2.5.0 in /opt/apps/software/MPI/GCC/7.3.0/OpenMPI/3.1.2/Python/3.6.6/lib/python3.6/site-packages/python_dateutil-2.7.3-py3.6.egg (from pandas) (2.7.3)
Requirement already satisfied: pytz>=2011k in /opt/apps/software/MPI/GCC/7.3.0/OpenMPI/3.1.2/Python/3.6.6/lib/python3.6/site-packages/pytz-2018.5-py3.6.egg (from pandas) (2018.5)
Requirement already satisfied: numpy>=1.9.0 in /opt/apps/software/MPI/GCC/7.3.0/OpenMPI/3.1.2/Python/3.6.6/lib/python3.6/site-packages/numpy-1.15.0-py3.6-linux-x86_64.egg (from pandas) (1.15.0)
Requirement already satisfied: six>=1.5 in /opt/apps/software/MPI/GCC/7.3.0/OpenMPI/3.1.2/Python/3.6.6/lib/python3.6/site-packages/six-1.11.0-py3.6.egg (from python-dateutil>=2.5.0->pandas) (1.11.0)
Requirement already satisfied: pytesseract in /home/jcm10/.local/lib/python3.6/site-packages (0.2.9)
Requirement already satisfied: Pillow in /home/jcm10/.local/lib/python3.6/site-packages (from pytesseract) (6.1.0)
Requirement already satisfied: PyPDF2 in /home/jcm10/.local/lib/python3.6/site-packages (1.26.0)
14
inputs
Time for OCR: 80.38177275657654 , 1565975173.344632
Time for OCR: 89.27403783798218 , 1565975262.6187289
Time for OCR: 81.31297063827515 , 1565975343.9317467
Time for OCR: 84.09104108810425 , 1565975428.022833
Time for OCR: 59.2710816860199 , 1565975487.2939613
Time for OCR: 79.41656708717346 , 1565975566.7105725
Time for OCR: 108.37859535217285 , 1565975675.0892127
Time for OCR: 114.045405626297 , 1565975789.1346612
Time for OCR: 83.90190863609314 , 1565975873.0366144
Time for OCR: 81.35399317741394 , 1565975954.390655
Time for OCR: 58.06299448013306 , 1565976012.4536965
Time for OCR: 75.3408374786377 , 1565976087.794579
Time for OCR: 72.79358196258545 , 1565976160.5882065
Time for OCR: 88.83431053161621 , 1565976249.4225657
Time for OCR: 108.16656637191772 , 1565976357.5891879
Time for OCR: 64.88594150543213 , 1565976422.4751742
Time for OCR: 60.15241241455078 , 1565976482.627633
Time for OCR: 82.12945055961609 , 1565976564.7571313
Time for OCR: 58.72980046272278 , 1565976623.4869752
Time for OCR: 66.1702208518982 , 1565976689.6572416
Time for OCR: 94.28776240348816 , 1565976783.9450498
Time for OCR: 81.7729856967926 , 1565976865.7180808
Time for OCR: 71.36084461212158 , 1565976937.0789747
Time for OCR: 115.09744238853455 , 1565977052.1764627
Time for OCR: 80.94738507270813 , 1565977133.1239028
Time for OCR: 82.57906818389893 , 1565977215.7030172
Time for OCR: 85.30042791366577 , 1565977301.003488
Time for OCR: 67.06126832962036 , 1565977368.064813
Time for OCR: 84.04024934768677 , 1565977452.105109
Time for OCR: 97.24517464637756 , 1565977549.3503342
Time for OCR: 97.50587892532349 , 1565977646.8562617
Time for OCR: 89.0299859046936 , 1565977735.8862915
Time for OCR: 97.43442726135254 , 1565977833.3207724
Time for OCR: 90.04217100143433 , 1565977923.362987
Time for OCR: 91.44771194458008 , 1565978014.8107448
Time for OCR: 61.63828921318054 , 1565978076.4490776
Time for OCR: 112.61348223686218 , 1565978189.0626044
Time for OCR: 84.55952763557434 , 1565978273.6221836
Time for OCR: 92.57148003578186 , 1565978366.1937087
Time for OCR: 93.8548755645752 , 1565978460.0486333
Time for OCR: 103.7429633140564 , 1565978563.7916405
Time for OCR: 78.33810925483704 , 1565978642.1297991
Time for OCR: 45.8483567237854 , 1565978687.9782064
Time for OCR: 73.44172406196594 , 1565978761.4199781
Time for OCR: 66.534597158432 , 1565978827.9546223
Time for OCR: 47.59032440185547 , 1565978875.5449905
Time for OCR: 83.47474908828735 , 1565978959.019783
Time for OCR: 82.4533302783966 , 1565979041.4731593
Time for OCR: 66.92823100090027 , 1565979108.4014447
Time for OCR: 67.64665102958679 , 1565979176.048149
Time for OCR: 75.98796105384827 , 1565979252.0361667
Time for OCR: 70.79142928123474 , 1565979322.8276422
Time for OCR: 48.62581920623779 , 1565979371.4535122
Time for OCR: 93.03305840492249 , 1565979464.4866192
Time for OCR: 68.99087524414062 , 1565979533.4775398
Time for OCR: 61.85613250732422 , 1565979595.3337126
Time for OCR: 80.53147864341736 , 1565979675.865235
Time for OCR: 83.45436978340149 , 1565979759.319649
Time for OCR: 88.13183784484863 , 1565979847.4515343
Time for OCR: 61.60096335411072 , 1565979909.0525415
Time for OCR: 67.74136734008789 , 1565979976.793961
Time for OCR: 87.57554697990417 , 1565980064.3695576
Time for OCR: 28.23666524887085 , 1565980092.6062691
Time for OCR: 61.88554334640503 , 1565980154.4918554
Time for OCR: 67.3138575553894 , 1565980221.8057745
Time for OCR: 61.11587738990784 , 1565980282.9216976
Time for OCR: 46.96692442893982 , 1565980329.888669
Time for OCR: 79.64511561393738 , 1565980409.5338314
Time for OCR: 88.23871040344238 , 1565980497.7725837
Time for OCR: 90.4166476726532 , 1565980588.1892767
Time for OCR: 87.72516083717346 , 1565980675.914482
Time for OCR: 72.90299010276794 , 1565980748.8175302
Time for OCR: 70.95864605903625 , 1565980819.7762196
Time for OCR: 80.14593029022217 , 1565980899.9221954
Time for OCR: 56.26080632209778 , 1565980956.1830466
Time for OCR: 79.51768636703491 , 1565981035.700778
Time for OCR: 56.403146266937256 , 1565981092.1039736
Time for OCR: 74.70184826850891 , 1565981166.8058817
Time for OCR: 74.73194861412048 , 1565981241.5378926
Time for OCR: 77.3683352470398 , 1565981318.9062839
Time for OCR: 100.23140621185303 , 1565981419.1377482
Time for OCR: 69.46786260604858 , 1565981488.6056569
Time for OCR: 67.85372543334961 , 1565981556.4594374
Time for OCR: 101.38486456871033 , 1565981657.8443582
