Requirement already satisfied: pandas in /opt/apps/software/MPI/GCC/7.3.0/OpenMPI/3.1.2/Python/3.6.6/lib/python3.6/site-packages/pandas-0.23.4-py3.6-linux-x86_64.egg (0.23.4)
Requirement already satisfied: python-dateutil>=2.5.0 in /opt/apps/software/MPI/GCC/7.3.0/OpenMPI/3.1.2/Python/3.6.6/lib/python3.6/site-packages/python_dateutil-2.7.3-py3.6.egg (from pandas) (2.7.3)
Requirement already satisfied: pytz>=2011k in /opt/apps/software/MPI/GCC/7.3.0/OpenMPI/3.1.2/Python/3.6.6/lib/python3.6/site-packages/pytz-2018.5-py3.6.egg (from pandas) (2018.5)
Requirement already satisfied: numpy>=1.9.0 in /opt/apps/software/MPI/GCC/7.3.0/OpenMPI/3.1.2/Python/3.6.6/lib/python3.6/site-packages/numpy-1.15.0-py3.6-linux-x86_64.egg (from pandas) (1.15.0)
Requirement already satisfied: six>=1.5 in /opt/apps/software/MPI/GCC/7.3.0/OpenMPI/3.1.2/Python/3.6.6/lib/python3.6/site-packages/six-1.11.0-py3.6.egg (from python-dateutil>=2.5.0->pandas) (1.11.0)
Requirement already satisfied: pytesseract in /home/jcm10/.local/lib/python3.6/site-packages (0.2.9)
Requirement already satisfied: Pillow in /home/jcm10/.local/lib/python3.6/site-packages (from pytesseract) (6.1.0)
Requirement already satisfied: PyPDF2 in /home/jcm10/.local/lib/python3.6/site-packages (1.26.0)
15
inputs
Time for OCR: 68.53021550178528 , 1565975161.4939623
Time for OCR: 76.7977728843689 , 1565975238.291796
Time for OCR: 85.56040930747986 , 1565975323.852249
Time for OCR: 103.22093462944031 , 1565975427.073233
Time for OCR: 85.48201203346252 , 1565975512.5552888
Time for OCR: 81.55921626091003 , 1565975594.1145518
Time for OCR: 85.5028908252716 , 1565975679.6174903
Time for OCR: 79.15360116958618 , 1565975758.7711487
Time for OCR: 73.94181251525879 , 1565975832.7130063
Time for OCR: 87.42043805122375 , 1565975920.1334887
Time for OCR: 61.51067566871643 , 1565975981.644227
Time for OCR: 71.22133827209473 , 1565976052.865608
Time for OCR: 83.33681201934814 , 1565976136.2024643
Time for OCR: 84.16655421257019 , 1565976220.3690767
Time for OCR: 87.35875058174133 , 1565976307.7278807
Time for OCR: 80.38187146186829 , 1565976388.1097963
Time for OCR: 79.27845168113708 , 1565976467.3882937
Time for OCR: 89.89576959609985 , 1565976557.2841094
Time for OCR: 91.01078701019287 , 1565976648.2949424
Time for OCR: 90.47877550125122 , 1565976738.7737672
Time for OCR: 94.44757413864136 , 1565976833.221388
Time for OCR: 86.05084133148193 , 1565976919.2722743
Time for OCR: 84.79097437858582 , 1565977004.063296
Time for OCR: 78.32260656356812 , 1565977082.385954
Time for OCR: 108.6717700958252 , 1565977191.057768
Time for OCR: 105.39312291145325 , 1565977296.4509432
Time for OCR: 77.59045243263245 , 1565977374.0414414
Time for OCR: 112.25929498672485 , 1565977486.300781
Time for OCR: 77.8376715183258 , 1565977564.1384969
Time for OCR: 97.34835195541382 , 1565977661.4869015
Time for OCR: 130.2696852684021 , 1565977791.7566347
Time for OCR: 112.3065893650055 , 1565977904.063267
Time for OCR: 80.80125021934509 , 1565977984.8645682
Time for OCR: 72.50087428092957 , 1565978057.3654866
Time for OCR: 86.92553687095642 , 1565978144.2910767
Time for OCR: 73.01211404800415 , 1565978217.3032382
Time for OCR: 82.69366502761841 , 1565978299.9969463
Time for OCR: 92.6924090385437 , 1565978392.6894047
Time for OCR: 94.13430333137512 , 1565978486.8237543
Time for OCR: 37.968605756759644 , 1565978524.792409
Time for OCR: 80.13981318473816 , 1565978604.932266
Time for OCR: 85.06783413887024 , 1565978690.0001488
Time for OCR: 41.11086916923523 , 1565978731.111063
Time for OCR: 71.82439422607422 , 1565978802.9355116
Time for OCR: 39.30749320983887 , 1565978842.2430582
Time for OCR: 54.7023344039917 , 1565978896.9454348
Time for OCR: 81.95416784286499 , 1565978978.8996465
Time for OCR: 59.68247365951538 , 1565979038.582164
Time for OCR: 60.67671251296997 , 1565979099.2589207
Time for OCR: 55.3012330532074 , 1565979154.560198
Time for OCR: 105.90087628364563 , 1565979260.4611254
Time for OCR: 59.636547327041626 , 1565979320.0977173
Time for OCR: 73.14613151550293 , 1565979393.2438924
Time for OCR: 89.77866077423096 , 1565979483.0226014
Time for OCR: 84.17600798606873 , 1565979567.1986566
Time for OCR: 66.02281546592712 , 1565979633.221519
Time for OCR: 97.88493180274963 , 1565979731.106497
Time for OCR: 58.204413652420044 , 1565979789.3109658
Time for OCR: 38.837132930755615 , 1565979828.1481447
Time for OCR: 41.128554582595825 , 1565979869.276742
Time for OCR: 19.26907205581665 , 1565979888.5458581
Time for OCR: 66.6286973953247 , 1565979955.1746
Time for OCR: 87.29351305961609 , 1565980042.4681606
Time for OCR: 67.36543273925781 , 1565980109.8336375
Time for OCR: 75.83316683769226 , 1565980185.66685
Time for OCR: 86.39471554756165 , 1565980272.0616093
Time for OCR: 49.87530827522278 , 1565980321.9369695
Time for OCR: 69.43672561645508 , 1565980391.3737411
Time for OCR: 113.09437251091003 , 1565980504.468158
Time for OCR: 94.49194645881653 , 1565980598.9601526
Time for OCR: 85.11101698875427 , 1565980684.0712166
Time for OCR: 64.79210329055786 , 1565980748.8633652
Time for OCR: 59.7370388507843 , 1565980808.600449
Time for OCR: 56.375000953674316 , 1565980864.9754946
Time for OCR: 53.2481575012207 , 1565980918.223706
Time for OCR: 92.61050319671631 , 1565981010.8342621
Time for OCR: 93.66843962669373 , 1565981104.50276
Time for OCR: 70.29628801345825 , 1565981174.7991014
Time for OCR: 81.51215815544128 , 1565981256.311316
Time for OCR: 21.296619415283203 , 1565981277.6079965
Time for OCR: 95.60319948196411 , 1565981373.2112482
Time for OCR: 96.98825287818909 , 1565981470.1995516
Time for OCR: 73.43592023849487 , 1565981543.6355205
Time for OCR: 114.9504656791687 , 1565981658.5860403
