Requirement already satisfied: pandas in /opt/apps/software/MPI/GCC/7.3.0/OpenMPI/3.1.2/Python/3.6.6/lib/python3.6/site-packages/pandas-0.23.4-py3.6-linux-x86_64.egg (0.23.4)
Requirement already satisfied: python-dateutil>=2.5.0 in /opt/apps/software/MPI/GCC/7.3.0/OpenMPI/3.1.2/Python/3.6.6/lib/python3.6/site-packages/python_dateutil-2.7.3-py3.6.egg (from pandas) (2.7.3)
Requirement already satisfied: pytz>=2011k in /opt/apps/software/MPI/GCC/7.3.0/OpenMPI/3.1.2/Python/3.6.6/lib/python3.6/site-packages/pytz-2018.5-py3.6.egg (from pandas) (2018.5)
Requirement already satisfied: numpy>=1.9.0 in /opt/apps/software/MPI/GCC/7.3.0/OpenMPI/3.1.2/Python/3.6.6/lib/python3.6/site-packages/numpy-1.15.0-py3.6-linux-x86_64.egg (from pandas) (1.15.0)
Requirement already satisfied: six>=1.5 in /opt/apps/software/MPI/GCC/7.3.0/OpenMPI/3.1.2/Python/3.6.6/lib/python3.6/site-packages/six-1.11.0-py3.6.egg (from python-dateutil>=2.5.0->pandas) (1.11.0)
Requirement already satisfied: pytesseract in /home/jcm10/.local/lib/python3.6/site-packages (0.2.9)
Requirement already satisfied: Pillow in /home/jcm10/.local/lib/python3.6/site-packages (from pytesseract) (6.1.0)
Requirement already satisfied: PyPDF2 in /home/jcm10/.local/lib/python3.6/site-packages (1.26.0)
17
inputs
Time for OCR: 87.28595113754272 , 1565975180.2500088
Time for OCR: 77.78820466995239 , 1565975258.0382771
Time for OCR: 81.73489356040955 , 1565975339.773221
Time for OCR: 70.70715093612671 , 1565975410.480416
Time for OCR: 67.08947253227234 , 1565975477.5699322
Time for OCR: 103.01085066795349 , 1565975580.580827
Time for OCR: 96.2195999622345 , 1565975676.8004725
Time for OCR: 112.58617067337036 , 1565975789.3866944
Time for OCR: 79.76848268508911 , 1565975869.1552236
Time for OCR: 98.33848166465759 , 1565975967.4937503
Time for OCR: 102.42618131637573 , 1565976069.9199874
Time for OCR: 68.0386950969696 , 1565976137.958733
Time for OCR: 87.09141159057617 , 1565976225.050189
Time for OCR: 246.81777954101562 , 1565976471.8680155
Time for OCR: 82.04786396026611 , 1565976553.9159265
Time for OCR: 81.92162609100342 , 1565976635.8375983
Time for OCR: 75.3235433101654 , 1565976711.1611881
Time for OCR: 75.53709721565247 , 1565976786.6983287
Time for OCR: 66.84408974647522 , 1565976853.5424635
Time for OCR: 105.36479163169861 , 1565976958.9073153
Time for OCR: 99.88667058944702 , 1565977058.794031
Time for OCR: 81.51321029663086 , 1565977140.307284
Time for OCR: 68.19567632675171 , 1565977208.5030138
Time for OCR: 85.79259872436523 , 1565977294.2956553
Time for OCR: 95.32488870620728 , 1565977389.6205912
Time for OCR: 94.38116192817688 , 1565977484.0018039
Time for OCR: 87.20416283607483 , 1565977571.2060122
Time for OCR: 76.14474892616272 , 1565977647.3508043
Time for OCR: 58.07640600204468 , 1565977705.4272609
Time for OCR: 83.86864590644836 , 1565977789.295949
Time for OCR: 102.96747732162476 , 1565977892.2634692
Time for OCR: 101.39603734016418 , 1565977993.65956
Time for OCR: 92.9110460281372 , 1565978086.5706491
Time for OCR: 97.15798473358154 , 1565978183.728684
Time for OCR: 98.30149388313293 , 1565978282.0302246
Time for OCR: 63.58734679222107 , 1565978345.6176157
Time for OCR: 80.09742045402527 , 1565978425.7150793
Time for OCR: 78.61539030075073 , 1565978504.3305194
Time for OCR: 76.7068293094635 , 1565978581.037392
Time for OCR: 51.27020812034607 , 1565978632.3076484
Time for OCR: 84.15154981613159 , 1565978716.4592476
Time for OCR: 101.23157405853271 , 1565978817.6908698
Time for OCR: 45.375391721725464 , 1565978863.0663085
Time for OCR: 78.46207475662231 , 1565978941.5284288
Time for OCR: 52.23138904571533 , 1565978993.759862
Time for OCR: 72.08704400062561 , 1565979065.8469567
Time for OCR: 69.28617453575134 , 1565979135.133175
Time for OCR: 68.5518045425415 , 1565979203.6850235
Time for OCR: 52.553725242614746 , 1565979256.238795
Time for OCR: 61.97997045516968 , 1565979318.2188132
Time for OCR: 78.95775723457336 , 1565979397.176614
Time for OCR: 85.88576173782349 , 1565979483.0624225
Time for OCR: 38.136149644851685 , 1565979521.1986184
Time for OCR: 64.93135261535645 , 1565979586.1300144
Time for OCR: 61.032044887542725 , 1565979647.1621034
Time for OCR: 90.50885534286499 , 1565979737.6710052
Time for OCR: 72.51764965057373 , 1565979810.188701
Time for OCR: 89.62746524810791 , 1565979899.816214
Time for OCR: 55.49518847465515 , 1565979955.3114471
Time for OCR: 87.38098454475403 , 1565980042.6924734
Time for OCR: 43.43085694313049 , 1565980086.123384
Time for OCR: 60.52414536476135 , 1565980146.6475756
Time for OCR: 54.12595844268799 , 1565980200.773582
Time for OCR: 57.329851388931274 , 1565980258.1034803
Time for OCR: 57.19815802574158 , 1565980315.301692
Time for OCR: 99.44130277633667 , 1565980414.7430377
Time for OCR: 81.06359362602234 , 1565980495.8066845
Time for OCR: 89.9192476272583 , 1565980585.7259822
Time for OCR: 57.68169093132019 , 1565980643.4077146
Time for OCR: 61.96920037269592 , 1565980705.3769567
Time for OCR: 71.59692978858948 , 1565980776.9739366
Time for OCR: 53.62055850028992 , 1565980830.5945404
Time for OCR: 74.00196409225464 , 1565980904.5965471
Time for OCR: 91.24517250061035 , 1565980995.8417654
Time for OCR: 76.84913921356201 , 1565981072.6909509
Time for OCR: 72.74735689163208 , 1565981145.438372
Time for OCR: 60.940744400024414 , 1565981206.3791716
Time for OCR: 65.16107320785522 , 1565981271.5402973
Time for OCR: 74.66841244697571 , 1565981346.208763
Time for OCR: 33.424575090408325 , 1565981379.6333861
Time for OCR: 69.89082860946655 , 1565981449.5242653
Time for OCR: 48.06583213806152 , 1565981497.5901477
Time for OCR: 50.54932188987732 , 1565981548.1395211
Time for OCR: 51.29170560836792 , 1565981599.4312842
