Requirement already satisfied: pandas in /opt/apps/software/MPI/GCC/7.3.0/OpenMPI/3.1.2/Python/3.6.6/lib/python3.6/site-packages/pandas-0.23.4-py3.6-linux-x86_64.egg (0.23.4)
Requirement already satisfied: python-dateutil>=2.5.0 in /opt/apps/software/MPI/GCC/7.3.0/OpenMPI/3.1.2/Python/3.6.6/lib/python3.6/site-packages/python_dateutil-2.7.3-py3.6.egg (from pandas) (2.7.3)
Requirement already satisfied: pytz>=2011k in /opt/apps/software/MPI/GCC/7.3.0/OpenMPI/3.1.2/Python/3.6.6/lib/python3.6/site-packages/pytz-2018.5-py3.6.egg (from pandas) (2018.5)
Requirement already satisfied: numpy>=1.9.0 in /opt/apps/software/MPI/GCC/7.3.0/OpenMPI/3.1.2/Python/3.6.6/lib/python3.6/site-packages/numpy-1.15.0-py3.6-linux-x86_64.egg (from pandas) (1.15.0)
Requirement already satisfied: six>=1.5 in /opt/apps/software/MPI/GCC/7.3.0/OpenMPI/3.1.2/Python/3.6.6/lib/python3.6/site-packages/six-1.11.0-py3.6.egg (from python-dateutil>=2.5.0->pandas) (1.11.0)
Requirement already satisfied: pytesseract in /home/jcm10/.local/lib/python3.6/site-packages (0.2.9)
Requirement already satisfied: Pillow in /home/jcm10/.local/lib/python3.6/site-packages (from pytesseract) (6.1.0)
Requirement already satisfied: PyPDF2 in /home/jcm10/.local/lib/python3.6/site-packages (1.26.0)
20
inputs
Time for OCR: 61.1579852104187 , 1565975154.1263871
Time for OCR: 73.16851162910461 , 1565975227.2949607
Time for OCR: 89.78012561798096 , 1565975317.0751338
Time for OCR: 97.13269782066345 , 1565975414.2078733
Time for OCR: 96.91062045097351 , 1565975511.1185372
Time for OCR: 83.0991747379303 , 1565975594.217755
Time for OCR: 80.14058828353882 , 1565975674.358401
Time for OCR: 107.7206220626831 , 1565975782.079065
Time for OCR: 94.65398836135864 , 1565975876.7330987
Time for OCR: 97.05087900161743 , 1565975973.7840261
Time for OCR: 97.09553146362305 , 1565976070.8796074
Time for OCR: 53.16169857978821 , 1565976124.0413554
Time for OCR: 85.2324333190918 , 1565976209.2738407
Time for OCR: 90.85104894638062 , 1565976300.1249373
Time for OCR: 107.4694652557373 , 1565976407.5944464
Time for OCR: 87.54853963851929 , 1565976495.1430333
Time for OCR: 100.8930766582489 , 1565976596.0361602
Time for OCR: 97.94007325172424 , 1565976693.976281
Time for OCR: 76.86898183822632 , 1565976770.845307
Time for OCR: 102.27387762069702 , 1565976873.119235
Time for OCR: 76.51710271835327 , 1565976949.6363838
Time for OCR: 68.45935535430908 , 1565977018.0957851
Time for OCR: 72.65427780151367 , 1565977090.750107
Time for OCR: 72.99680614471436 , 1565977163.7469568
Time for OCR: 71.2231936454773 , 1565977234.9701974
Time for OCR: 78.98277831077576 , 1565977313.9530191
Time for OCR: 105.88312840461731 , 1565977419.8361936
Time for OCR: 86.54742980003357 , 1565977506.3836713
Time for OCR: 71.21484088897705 , 1565977577.5985546
Time for OCR: 92.05899238586426 , 1565977669.6575954
Time for OCR: 75.06677436828613 , 1565977744.724421
Time for OCR: 82.49875020980835 , 1565977827.2232163
Time for OCR: 81.6216676235199 , 1565977908.8449287
Time for OCR: 74.311279296875 , 1565977983.1562514
Time for OCR: 87.99259185791016 , 1565978071.1488888
Time for OCR: 58.06005644798279 , 1565978129.2089915
Time for OCR: 82.92952513694763 , 1565978212.1385589
Time for OCR: 89.23499822616577 , 1565978301.373604
Time for OCR: 91.04420948028564 , 1565978392.417859
Time for OCR: 60.48313045501709 , 1565978452.901036
Time for OCR: 83.52318811416626 , 1565978536.4242697
Time for OCR: 82.48784875869751 , 1565978618.9121654
Time for OCR: 44.44577097892761 , 1565978663.357978
Time for OCR: 66.32484650611877 , 1565978729.6828687
Time for OCR: 75.88136029243469 , 1565978805.5642838
Time for OCR: 86.47200512886047 , 1565978892.036332
Time for OCR: 68.43435764312744 , 1565978960.4707317
Time for OCR: 71.91952085494995 , 1565979032.3902986
Time for OCR: 61.175071477890015 , 1565979093.5654125
Time for OCR: 84.67015409469604 , 1565979178.2356133
Time for OCR: 58.79927635192871 , 1565979237.0349364
Time for OCR: 85.26491403579712 , 1565979322.2998946
Time for OCR: 74.18328714370728 , 1565979396.483229
Time for OCR: 36.06866979598999 , 1565979432.5519512
Time for OCR: 64.69557690620422 , 1565979497.2475727
Time for OCR: 95.64252066612244 , 1565979592.8901374
Time for OCR: 58.89845681190491 , 1565979651.7886503
Time for OCR: 66.08351540565491 , 1565979717.8722074
Time for OCR: 81.14526510238647 , 1565979799.0175233
Time for OCR: 63.31873297691345 , 1565979862.3363023
Time for OCR: 30.7656831741333 , 1565979893.1020317
Time for OCR: 74.92657852172852 , 1565979968.028655
Time for OCR: 68.48224759101868 , 1565980036.5109463
Time for OCR: 58.54428672790527 , 1565980095.0552783
Time for OCR: 80.42166423797607 , 1565980175.4769878
Time for OCR: 60.77458047866821 , 1565980236.2516127
Time for OCR: 60.16083359718323 , 1565980296.4124944
Time for OCR: 73.42440342903137 , 1565980369.8369534
Time for OCR: 60.79558753967285 , 1565980430.63259
Time for OCR: 57.23042440414429 , 1565980487.863063
Time for OCR: 96.00055146217346 , 1565980583.8636594
Time for OCR: 55.94170260429382 , 1565980639.8054078
Time for OCR: 66.10349011421204 , 1565980705.9089427
Time for OCR: 73.55258917808533 , 1565980779.461577
Time for OCR: 66.62672400474548 , 1565980846.0883458
Time for OCR: 52.116714000701904 , 1565980898.2051122
Time for OCR: 88.87708115577698 , 1565980987.0822368
Time for OCR: 82.58332538604736 , 1565981069.665605
Time for OCR: 66.89435958862305 , 1565981136.5600255
Time for OCR: 76.23504281044006 , 1565981212.7951238
Time for OCR: 54.68892049789429 , 1565981267.4840982
Time for OCR: 51.97950553894043 , 1565981319.4636617
Time for OCR: 55.25521659851074 , 1565981374.718934
Time for OCR: 38.201416015625 , 1565981412.9203959
