Requirement already satisfied: pandas in /opt/apps/software/MPI/GCC/7.3.0/OpenMPI/3.1.2/Python/3.6.6/lib/python3.6/site-packages/pandas-0.23.4-py3.6-linux-x86_64.egg (0.23.4)
Requirement already satisfied: python-dateutil>=2.5.0 in /opt/apps/software/MPI/GCC/7.3.0/OpenMPI/3.1.2/Python/3.6.6/lib/python3.6/site-packages/python_dateutil-2.7.3-py3.6.egg (from pandas) (2.7.3)
Requirement already satisfied: pytz>=2011k in /opt/apps/software/MPI/GCC/7.3.0/OpenMPI/3.1.2/Python/3.6.6/lib/python3.6/site-packages/pytz-2018.5-py3.6.egg (from pandas) (2018.5)
Requirement already satisfied: numpy>=1.9.0 in /opt/apps/software/MPI/GCC/7.3.0/OpenMPI/3.1.2/Python/3.6.6/lib/python3.6/site-packages/numpy-1.15.0-py3.6-linux-x86_64.egg (from pandas) (1.15.0)
Requirement already satisfied: six>=1.5 in /opt/apps/software/MPI/GCC/7.3.0/OpenMPI/3.1.2/Python/3.6.6/lib/python3.6/site-packages/six-1.11.0-py3.6.egg (from python-dateutil>=2.5.0->pandas) (1.11.0)
Requirement already satisfied: pytesseract in /home/jcm10/.local/lib/python3.6/site-packages (0.2.9)
Requirement already satisfied: Pillow in /home/jcm10/.local/lib/python3.6/site-packages (from pytesseract) (6.1.0)
Requirement already satisfied: PyPDF2 in /home/jcm10/.local/lib/python3.6/site-packages (1.26.0)
42
inputs
Time for OCR: 96.78461527824402 , 1565975189.578073
Time for OCR: 87.20040369033813 , 1565975276.7785347
Time for OCR: 123.79835748672485 , 1565975400.576952
Time for OCR: 107.30457162857056 , 1565975507.881582
Time for OCR: 67.23950052261353 , 1565975575.1211524
Time for OCR: 68.84906339645386 , 1565975643.9702623
Time for OCR: 86.90513825416565 , 1565975730.8754454
Time for OCR: 143.6255657672882 , 1565975874.5010686
Time for OCR: 85.29912805557251 , 1565975959.8002465
Time for OCR: 81.71486496925354 , 1565976041.5151575
Time for OCR: 122.19049453735352 , 1565976163.705701
Time for OCR: 116.72003221511841 , 1565976280.4257824
Time for OCR: 101.02467918395996 , 1565976381.4505098
Time for OCR: 86.92816185951233 , 1565976468.3787267
Time for OCR: 106.50851559638977 , 1565976574.8872924
Time for OCR: 96.32870054244995 , 1565976671.2160408
Time for OCR: 89.67513346672058 , 1565976760.8912275
Time for OCR: 93.8587965965271 , 1565976854.75007
Time for OCR: 77.14725399017334 , 1565976931.897371
Time for OCR: 84.87248206138611 , 1565977016.7699013
Time for OCR: 103.86524939537048 , 1565977120.6352012
Time for OCR: 85.86426901817322 , 1565977206.4995165
Time for OCR: 77.9951102733612 , 1565977284.494674
Time for OCR: 92.19771671295166 , 1565977376.6924384
Time for OCR: 77.52407932281494 , 1565977454.2165642
Time for OCR: 89.69567012786865 , 1565977543.9122913
Time for OCR: 83.77427411079407 , 1565977627.6866105
Time for OCR: 80.92508912086487 , 1565977708.611747
Time for OCR: 99.09837770462036 , 1565977807.7101743
Time for OCR: 84.3801851272583 , 1565977892.0904055
Time for OCR: 97.77594876289368 , 1565977989.8664014
Time for OCR: 125.452383518219 , 1565978115.318829
Time for OCR: 100.1196711063385 , 1565978215.4385464
Time for OCR: 166.7775583267212 , 1565978382.2161613
Time for OCR: 92.4081883430481 , 1565978474.6243975
Time for OCR: 77.93188667297363 , 1565978552.556329
Time for OCR: 79.53824090957642 , 1565978632.094618
Time for OCR: 119.98247385025024 , 1565978752.0771399
Time for OCR: 115.89146518707275 , 1565978867.968652
Time for OCR: 124.87941288948059 , 1565978992.848112
Time for OCR: 94.91698932647705 , 1565979087.7651508
Time for OCR: 98.91063809394836 , 1565979186.6758358
Time for OCR: 85.56187987327576 , 1565979272.237764
Time for OCR: 86.82481980323792 , 1565979359.062628
Time for OCR: 42.52329778671265 , 1565979401.5859761
Time for OCR: 77.37000513076782 , 1565979478.9560256
Time for OCR: 74.82300090789795 , 1565979553.779076
Time for OCR: 75.39562058448792 , 1565979629.1747384
Time for OCR: 64.13842606544495 , 1565979693.3132112
Time for OCR: 100.6541759967804 , 1565979793.9674335
Time for OCR: 53.77761650085449 , 1565979847.7451003
Time for OCR: 46.40878176689148 , 1565979894.153928
Time for OCR: 84.84485673904419 , 1565979978.9988337
Time for OCR: 96.35177421569824 , 1565980075.350656
Time for OCR: 82.21656942367554 , 1565980157.5672722
Time for OCR: 46.539416790008545 , 1565980204.1067374
Time for OCR: 93.15200543403625 , 1565980297.2587876
Time for OCR: 79.9699718952179 , 1565980377.2288067
Time for OCR: 54.506699562072754 , 1565980431.7355568
Time for OCR: 95.37350678443909 , 1565980527.1091225
Time for OCR: 85.74256658554077 , 1565980612.8517401
Time for OCR: 54.313573122024536 , 1565980667.1653616
Time for OCR: 75.48638129234314 , 1565980742.6517942
Time for OCR: 90.19285368919373 , 1565980832.8447022
Time for OCR: 64.69121813774109 , 1565980897.5359633
Time for OCR: 47.50678372383118 , 1565980945.0427918
Time for OCR: 99.08534669876099 , 1565981044.1281915
Time for OCR: 60.02264642715454 , 1565981104.1508877
Time for OCR: 91.02034759521484 , 1565981195.171285
Time for OCR: 118.86796045303345 , 1565981314.0392914
Time for OCR: 88.41185188293457 , 1565981402.4511921
Time for OCR: 62.45196986198425 , 1565981464.9032137
Time for OCR: 71.19455862045288 , 1565981536.097819
Time for OCR: 94.39754438400269 , 1565981630.495408
Time for OCR: 63.666624546051025 , 1565981694.1620858
Time for OCR: 81.58277940750122 , 1565981775.7449102
Time for OCR: 60.1716411113739 , 1565981835.9165967
Time for OCR: 66.75944375991821 , 1565981902.676086
Time for OCR: 76.51873421669006 , 1565981979.1948688
Time for OCR: 71.58169078826904 , 1565982050.7766013
Time for OCR: 49.28842616081238 , 1565982100.0650716
Time for OCR: 64.70041012763977 , 1565982164.7655227
Time for OCR: 80.2056782245636 , 1565982244.9712439
Time for OCR: 41.33736538887024 , 1565982286.3086514
