Requirement already satisfied: pandas in /opt/apps/software/MPI/GCC/7.3.0/OpenMPI/3.1.2/Python/3.6.6/lib/python3.6/site-packages/pandas-0.23.4-py3.6-linux-x86_64.egg (0.23.4)
Requirement already satisfied: python-dateutil>=2.5.0 in /opt/apps/software/MPI/GCC/7.3.0/OpenMPI/3.1.2/Python/3.6.6/lib/python3.6/site-packages/python_dateutil-2.7.3-py3.6.egg (from pandas) (2.7.3)
Requirement already satisfied: pytz>=2011k in /opt/apps/software/MPI/GCC/7.3.0/OpenMPI/3.1.2/Python/3.6.6/lib/python3.6/site-packages/pytz-2018.5-py3.6.egg (from pandas) (2018.5)
Requirement already satisfied: numpy>=1.9.0 in /opt/apps/software/MPI/GCC/7.3.0/OpenMPI/3.1.2/Python/3.6.6/lib/python3.6/site-packages/numpy-1.15.0-py3.6-linux-x86_64.egg (from pandas) (1.15.0)
Requirement already satisfied: six>=1.5 in /opt/apps/software/MPI/GCC/7.3.0/OpenMPI/3.1.2/Python/3.6.6/lib/python3.6/site-packages/six-1.11.0-py3.6.egg (from python-dateutil>=2.5.0->pandas) (1.11.0)
Requirement already satisfied: pytesseract in /home/jcm10/.local/lib/python3.6/site-packages (0.2.9)
Requirement already satisfied: Pillow in /home/jcm10/.local/lib/python3.6/site-packages (from pytesseract) (6.1.0)
Requirement already satisfied: PyPDF2 in /home/jcm10/.local/lib/python3.6/site-packages (1.26.0)
27
inputs
Time for OCR: 71.18258786201477 , 1565975163.8507528
Time for OCR: 68.14500832557678 , 1565975231.9958265
Time for OCR: 36.792341232299805 , 1565975268.788218
Time for OCR: 110.17627215385437 , 1565975378.964534
Time for OCR: 71.35068011283875 , 1565975450.3152575
Time for OCR: 123.25024437904358 , 1565975573.5655496
Time for OCR: 81.64183306694031 , 1565975655.2074442
Time for OCR: 95.72242617607117 , 1565975750.929915
Time for OCR: 60.820265769958496 , 1565975811.7502267
Time for OCR: 78.0968644618988 , 1565975889.8471391
Time for OCR: 81.66256284713745 , 1565975971.5097508
Time for OCR: 109.03840732574463 , 1565976080.548207
Time for OCR: 94.11025333404541 , 1565976174.658505
Time for OCR: 83.68920731544495 , 1565976258.3477607
Time for OCR: 122.08115077018738 , 1565976380.4289627
Time for OCR: 75.59237790107727 , 1565976456.0213864
Time for OCR: 109.24078440666199 , 1565976565.2622201
Time for OCR: 81.02651000022888 , 1565976646.2887752
Time for OCR: 79.26655101776123 , 1565976725.5553758
Time for OCR: 97.48976802825928 , 1565976823.04519
Time for OCR: 78.00198936462402 , 1565976901.0472248
Time for OCR: 74.43465209007263 , 1565976975.4819221
Time for OCR: 60.55275511741638 , 1565977036.0347264
Time for OCR: 71.05251955986023 , 1565977107.0872962
Time for OCR: 67.30135130882263 , 1565977174.3886917
Time for OCR: 107.82485699653625 , 1565977282.2135994
Time for OCR: 85.55805540084839 , 1565977367.7716985
Time for OCR: 75.38223457336426 , 1565977443.153981
Time for OCR: 72.2828221321106 , 1565977515.436848
Time for OCR: 71.91760659217834 , 1565977587.3545003
Time for OCR: 89.69302177429199 , 1565977677.0475671
Time for OCR: 96.59690761566162 , 1565977773.644533
Time for OCR: 82.05166864395142 , 1565977855.696241
Time for OCR: 69.00348591804504 , 1565977924.699771
Time for OCR: 72.6820809841156 , 1565977997.3819022
Time for OCR: 103.91254806518555 , 1565978101.2944999
Time for OCR: 81.09432435035706 , 1565978182.388867
Time for OCR: 91.86583542823792 , 1565978274.2547445
Time for OCR: 73.78260254859924 , 1565978348.037397
Time for OCR: 70.27747416496277 , 1565978418.314918
Time for OCR: 32.1561381816864 , 1565978450.4711068
Time for OCR: 104.4493956565857 , 1565978554.920546
Time for OCR: 48.473615407943726 , 1565978603.3942182
Time for OCR: 67.91136598587036 , 1565978671.3056262
Time for OCR: 70.18581366539001 , 1565978741.4914887
Time for OCR: 78.85631704330444 , 1565978820.3478494
Time for OCR: 47.35060238838196 , 1565978867.6984963
Time for OCR: 68.81842589378357 , 1565978936.516967
Time for OCR: 58.930171728134155 , 1565978995.447187
Time for OCR: 77.92979598045349 , 1565979073.3770251
Time for OCR: 42.431204080581665 , 1565979115.8082736
Time for OCR: 99.54266262054443 , 1565979215.3509831
Time for OCR: 73.85942840576172 , 1565979289.2104573
Time for OCR: 86.1443178653717 , 1565979375.3548212
Time for OCR: 64.5471613407135 , 1565979439.902026
Time for OCR: 91.61916279792786 , 1565979531.5212328
Time for OCR: 88.05796670913696 , 1565979619.5792525
Time for OCR: 49.907684087753296 , 1565979669.4869785
Time for OCR: 90.25957703590393 , 1565979759.7466004
Time for OCR: 91.05606436729431 , 1565979850.8027112
Time for OCR: 83.73093223571777 , 1565979934.5336857
Time for OCR: 65.43060493469238 , 1565979999.964334
Time for OCR: 54.69426488876343 , 1565980054.658643
Time for OCR: 110.10688614845276 , 1565980164.7655733
Time for OCR: 66.71898603439331 , 1565980231.4846334
Time for OCR: 53.19487023353577 , 1565980284.67955
Time for OCR: 92.06421256065369 , 1565980376.7438326
Time for OCR: 53.830974102020264 , 1565980430.5748556
Time for OCR: 100.3353579044342 , 1565980530.9102626
Time for OCR: 54.53142714500427 , 1565980585.4417357
Time for OCR: 92.99191975593567 , 1565980678.4337022
Time for OCR: 107.02893280982971 , 1565980785.4626846
Time for OCR: 63.78947567939758 , 1565980849.2522106
Time for OCR: 29.946234226226807 , 1565980879.1984901
Time for OCR: 85.41154599189758 , 1565980964.610082
Time for OCR: 66.88628435134888 , 1565981031.4964097
Time for OCR: 67.15172004699707 , 1565981098.6481729
Time for OCR: 99.77905344963074 , 1565981198.4272707
Time for OCR: 77.73621821403503 , 1565981276.1635334
Time for OCR: 102.31469511985779 , 1565981378.478276
Time for OCR: 69.35975122451782 , 1565981447.8380775
Time for OCR: 68.72290420532227 , 1565981516.5610352
Time for OCR: 53.32221293449402 , 1565981569.8832946
Time for OCR: 57.69933557510376 , 1565981627.5826745
