Requirement already satisfied: pandas in /opt/apps/software/MPI/GCC/7.3.0/OpenMPI/3.1.2/Python/3.6.6/lib/python3.6/site-packages/pandas-0.23.4-py3.6-linux-x86_64.egg (0.23.4)
Requirement already satisfied: python-dateutil>=2.5.0 in /opt/apps/software/MPI/GCC/7.3.0/OpenMPI/3.1.2/Python/3.6.6/lib/python3.6/site-packages/python_dateutil-2.7.3-py3.6.egg (from pandas) (2.7.3)
Requirement already satisfied: pytz>=2011k in /opt/apps/software/MPI/GCC/7.3.0/OpenMPI/3.1.2/Python/3.6.6/lib/python3.6/site-packages/pytz-2018.5-py3.6.egg (from pandas) (2018.5)
Requirement already satisfied: numpy>=1.9.0 in /opt/apps/software/MPI/GCC/7.3.0/OpenMPI/3.1.2/Python/3.6.6/lib/python3.6/site-packages/numpy-1.15.0-py3.6-linux-x86_64.egg (from pandas) (1.15.0)
Requirement already satisfied: six>=1.5 in /opt/apps/software/MPI/GCC/7.3.0/OpenMPI/3.1.2/Python/3.6.6/lib/python3.6/site-packages/six-1.11.0-py3.6.egg (from python-dateutil>=2.5.0->pandas) (1.11.0)
Requirement already satisfied: pytesseract in /home/jcm10/.local/lib/python3.6/site-packages (0.2.9)
Requirement already satisfied: Pillow in /home/jcm10/.local/lib/python3.6/site-packages (from pytesseract) (6.1.0)
Requirement already satisfied: PyPDF2 in /home/jcm10/.local/lib/python3.6/site-packages (1.26.0)
24
inputs
Time for OCR: 78.94748592376709 , 1565975171.6251621
Time for OCR: 79.19760227203369 , 1565975250.8228297
Time for OCR: 126.38386464118958 , 1565975377.2067425
Time for OCR: 95.23683619499207 , 1565975472.443627
Time for OCR: 91.6939640045166 , 1565975564.137644
Time for OCR: 108.46800470352173 , 1565975672.6056974
Time for OCR: 118.34313750267029 , 1565975790.948879
Time for OCR: 81.12275123596191 , 1565975872.0716767
Time for OCR: 66.95740962028503 , 1565975939.0291326
Time for OCR: 102.12903642654419 , 1565976041.1582217
Time for OCR: 87.3443112373352 , 1565976128.5025787
Time for OCR: 120.06811165809631 , 1565976248.5707507
Time for OCR: 107.22015976905823 , 1565976355.7909558
Time for OCR: 89.42149114608765 , 1565976445.2125018
Time for OCR: 148.26628279685974 , 1565976593.478834
Time for OCR: 92.02584910392761 , 1565976685.5047293
Time for OCR: 183.68124532699585 , 1565976869.186023
Time for OCR: 76.84816241264343 , 1565976946.034236
Time for OCR: 75.4465479850769 , 1565977021.4808307
Time for OCR: 79.57528638839722 , 1565977101.0561676
Time for OCR: 85.3861575126648 , 1565977186.4423726
Time for OCR: 87.87814855575562 , 1565977274.3205795
Time for OCR: 101.56702947616577 , 1565977375.8876748
Time for OCR: 70.05327987670898 , 1565977445.941
Time for OCR: 63.101945877075195 , 1565977509.0429943
Time for OCR: 101.84728932380676 , 1565977610.8903332
Time for OCR: 119.84975075721741 , 1565977730.7401335
Time for OCR: 68.0525860786438 , 1565977798.7927659
Time for OCR: 62.75268077850342 , 1565977861.545495
Time for OCR: 90.30986618995667 , 1565977951.8554082
Time for OCR: 63.06230187416077 , 1565978014.91776
Time for OCR: 80.16054701805115 , 1565978095.0783603
Time for OCR: 92.17908215522766 , 1565978187.2574887
Time for OCR: 62.26207661628723 , 1565978249.5196118
Time for OCR: 79.05937957763672 , 1565978328.5790427
Time for OCR: 84.5332601070404 , 1565978413.1123462
Time for OCR: 80.36333894729614 , 1565978493.4757342
Time for OCR: 81.8964011669159 , 1565978575.372184
Time for OCR: 76.75987672805786 , 1565978652.1321151
Time for OCR: 75.33338117599487 , 1565978727.4655454
Time for OCR: 95.41985034942627 , 1565978822.8854582
Time for OCR: 71.8454966545105 , 1565978894.7310014
Time for OCR: 87.60548853874207 , 1565978982.3365412
Time for OCR: 69.8941445350647 , 1565979052.230741
Time for OCR: 60.77968192100525 , 1565979113.0104682
Time for OCR: 66.21046137809753 , 1565979179.2209754
Time for OCR: 65.73078751564026 , 1565979244.9518147
Time for OCR: 69.42412543296814 , 1565979314.375986
Time for OCR: 58.511648178100586 , 1565979372.8876805
Time for OCR: 65.53332829475403 , 1565979438.4210553
Time for OCR: 60.96964955329895 , 1565979499.3907518
Time for OCR: 34.80953001976013 , 1565979534.2003307
Time for OCR: 63.369107246398926 , 1565979597.569485
Time for OCR: 35.96799826622009 , 1565979633.5375283
Time for OCR: 81.59664559364319 , 1565979715.134225
Time for OCR: 52.42359948158264 , 1565979767.5578701
Time for OCR: 72.41884303092957 , 1565979839.9767613
Time for OCR: 61.896902561187744 , 1565979901.8737168
Time for OCR: 61.307924032211304 , 1565979963.1816869
Time for OCR: 74.34281659126282 , 1565980037.5245497
Time for OCR: 66.25192427635193 , 1565980103.7765322
Time for OCR: 74.11261105537415 , 1565980177.889189
Time for OCR: 57.7659866809845 , 1565980235.6552222
Time for OCR: 69.91938495635986 , 1565980305.5746536
Time for OCR: 84.70624113082886 , 1565980390.2809427
Time for OCR: 74.04353451728821 , 1565980464.324523
Time for OCR: 62.926389932632446 , 1565980527.2509592
Time for OCR: 41.96821093559265 , 1565980569.2192214
Time for OCR: 76.22691035270691 , 1565980645.4461782
Time for OCR: 59.809380769729614 , 1565980705.255605
Time for OCR: 69.71248459815979 , 1565980774.9681373
Time for OCR: 99.7984938621521 , 1565980874.7666771
Time for OCR: 79.52190089225769 , 1565980954.2886236
Time for OCR: 82.06027746200562 , 1565981036.3489492
Time for OCR: 94.1520745754242 , 1565981130.5010693
Time for OCR: 104.31917548179626 , 1565981234.820293
Time for OCR: 60.16550898551941 , 1565981294.985849
Time for OCR: 83.73662781715393 , 1565981378.722523
Time for OCR: 66.91797065734863 , 1565981445.6405404
Time for OCR: 27.31825041770935 , 1565981472.9588459
Time for OCR: 122.20888471603394 , 1565981595.167779
Time for OCR: 54.519126892089844 , 1565981649.6869519
Time for OCR: 89.97013092041016 , 1565981739.6571295
Time for OCR: 80.29152417182922 , 1565981819.9487016
