Requirement already satisfied: pandas in /opt/apps/software/MPI/GCC/7.3.0/OpenMPI/3.1.2/Python/3.6.6/lib/python3.6/site-packages/pandas-0.23.4-py3.6-linux-x86_64.egg (0.23.4)
Requirement already satisfied: python-dateutil>=2.5.0 in /opt/apps/software/MPI/GCC/7.3.0/OpenMPI/3.1.2/Python/3.6.6/lib/python3.6/site-packages/python_dateutil-2.7.3-py3.6.egg (from pandas) (2.7.3)
Requirement already satisfied: pytz>=2011k in /opt/apps/software/MPI/GCC/7.3.0/OpenMPI/3.1.2/Python/3.6.6/lib/python3.6/site-packages/pytz-2018.5-py3.6.egg (from pandas) (2018.5)
Requirement already satisfied: numpy>=1.9.0 in /opt/apps/software/MPI/GCC/7.3.0/OpenMPI/3.1.2/Python/3.6.6/lib/python3.6/site-packages/numpy-1.15.0-py3.6-linux-x86_64.egg (from pandas) (1.15.0)
Requirement already satisfied: six>=1.5 in /opt/apps/software/MPI/GCC/7.3.0/OpenMPI/3.1.2/Python/3.6.6/lib/python3.6/site-packages/six-1.11.0-py3.6.egg (from python-dateutil>=2.5.0->pandas) (1.11.0)
Requirement already satisfied: pytesseract in /home/jcm10/.local/lib/python3.6/site-packages (0.2.9)
Requirement already satisfied: Pillow in /home/jcm10/.local/lib/python3.6/site-packages (from pytesseract) (6.1.0)
Requirement already satisfied: PyPDF2 in /home/jcm10/.local/lib/python3.6/site-packages (1.26.0)
6
inputs
Time for OCR: 93.43027591705322 , 1565975186.3959062
Time for OCR: 96.21901321411133 , 1565975282.614981
Time for OCR: 94.67621779441833 , 1565975377.2912478
Time for OCR: 102.23338723182678 , 1565975479.5246818
Time for OCR: 78.31547832489014 , 1565975557.840203
Time for OCR: 82.36980056762695 , 1565975640.2100565
Time for OCR: 96.86283159255981 , 1565975737.0729308
Time for OCR: 101.67137289047241 , 1565975838.7443473
Time for OCR: 98.85627627372742 , 1565975937.6006668
Time for OCR: 68.8173599243164 , 1565976006.418075
Time for OCR: 72.9799554347992 , 1565976079.3980749
Time for OCR: 48.835641384124756 , 1565976128.2337623
Time for OCR: 112.54502058029175 , 1565976240.7788262
Time for OCR: 72.28915143013 , 1565976313.0680246
Time for OCR: 96.47132349014282 , 1565976409.5393944
Time for OCR: 90.33367395401001 , 1565976499.8731122
Time for OCR: 65.62644004821777 , 1565976565.4996004
Time for OCR: 102.1772129535675 , 1565976667.6768548
Time for OCR: 88.62522172927856 , 1565976756.3021226
Time for OCR: 102.65883755683899 , 1565976858.9610038
Time for OCR: 100.24503254890442 , 1565976959.2060804
Time for OCR: 28.37391710281372 , 1565976987.5800402
Time for OCR: 79.39416313171387 , 1565977066.974248
Time for OCR: 100.06591510772705 , 1565977167.040208
Time for OCR: 96.70586705207825 , 1565977263.746116
Time for OCR: 88.29551601409912 , 1565977352.0416737
Time for OCR: 62.930442571640015 , 1565977414.9721603
Time for OCR: 72.1746997833252 , 1565977487.14691
Time for OCR: 83.3710298538208 , 1565977570.5179827
Time for OCR: 65.31751847267151 , 1565977635.8355496
Time for OCR: 86.04394888877869 , 1565977721.879546
Time for OCR: 82.1815447807312 , 1565977804.061146
Time for OCR: 76.35296750068665 , 1565977880.4141576
Time for OCR: 74.77504563331604 , 1565977955.189246
Time for OCR: 66.16092443466187 , 1565978021.3502145
Time for OCR: 99.61286091804504 , 1565978120.9631183
Time for OCR: 110.31322860717773 , 1565978231.276392
Time for OCR: 77.92261958122253 , 1565978309.1990545
Time for OCR: 74.5906879901886 , 1565978383.789787
Time for OCR: 71.90234041213989 , 1565978455.6921728
Time for OCR: 105.75560879707336 , 1565978561.447832
Time for OCR: 80.07971906661987 , 1565978641.5275934
Time for OCR: 46.707319498062134 , 1565978688.2349575
Time for OCR: 51.467233180999756 , 1565978739.702241
Time for OCR: 80.86742067337036 , 1565978820.569706
Time for OCR: 79.05914068222046 , 1565978899.62889
Time for OCR: 132.85277700424194 , 1565979032.4817088
Time for OCR: 67.32538032531738 , 1565979099.8071334
Time for OCR: 67.14739418029785 , 1565979166.9545772
Time for OCR: 81.76265501976013 , 1565979248.7172768
Time for OCR: 50.062374114990234 , 1565979298.7796946
Time for OCR: 84.32079458236694 , 1565979383.100542
Time for OCR: 95.1746437549591 , 1565979478.275227
Time for OCR: 71.77577137947083 , 1565979550.0510404
Time for OCR: 51.81018424034119 , 1565979601.86127
Time for OCR: 50.0538809299469 , 1565979651.9152036
Time for OCR: 80.96030473709106 , 1565979732.8755507
Time for OCR: 20.154970407485962 , 1565979753.0305674
Time for OCR: 93.68206000328064 , 1565979846.712672
Time for OCR: 71.57873368263245 , 1565979918.291451
Time for OCR: 56.50110936164856 , 1565979974.7926035
Time for OCR: 69.91379070281982 , 1565980044.706434
Time for OCR: 75.61110734939575 , 1565980120.3175848
Time for OCR: 109.61989855766296 , 1565980229.9375265
Time for OCR: 87.02049016952515 , 1565980316.9580643
Time for OCR: 82.60326099395752 , 1565980399.5613706
Time for OCR: 83.58257508277893 , 1565980483.1439943
Time for OCR: 79.29497861862183 , 1565980562.4390178
Time for OCR: 85.04247331619263 , 1565980647.4815333
Time for OCR: 77.48346972465515 , 1565980724.9650474
Time for OCR: 68.44310092926025 , 1565980793.4081898
Time for OCR: 81.11280655860901 , 1565980874.5210385
Time for OCR: 66.51195812225342 , 1565980941.0330431
Time for OCR: 53.15962028503418 , 1565980994.1927078
Time for OCR: 57.46570420265198 , 1565981051.6584585
Time for OCR: 110.02511358261108 , 1565981161.683647
Time for OCR: 90.02101826667786 , 1565981251.7047207
Time for OCR: 62.84969162940979 , 1565981314.5544686
Time for OCR: 98.43726110458374 , 1565981412.99181
Time for OCR: 74.81303381919861 , 1565981487.804901
Time for OCR: 69.2078754901886 , 1565981557.0128312
Time for OCR: 81.65139436721802 , 1565981638.664286
Time for OCR: 53.30395984649658 , 1565981691.9682875
Time for OCR: 96.6899721622467 , 1565981788.658324
Time for OCR: 60.71597218513489 , 1565981849.3743515
