Requirement already satisfied: pandas in /opt/apps/software/MPI/GCC/7.3.0/OpenMPI/3.1.2/Python/3.6.6/lib/python3.6/site-packages/pandas-0.23.4-py3.6-linux-x86_64.egg (0.23.4)
Requirement already satisfied: python-dateutil>=2.5.0 in /opt/apps/software/MPI/GCC/7.3.0/OpenMPI/3.1.2/Python/3.6.6/lib/python3.6/site-packages/python_dateutil-2.7.3-py3.6.egg (from pandas) (2.7.3)
Requirement already satisfied: pytz>=2011k in /opt/apps/software/MPI/GCC/7.3.0/OpenMPI/3.1.2/Python/3.6.6/lib/python3.6/site-packages/pytz-2018.5-py3.6.egg (from pandas) (2018.5)
Requirement already satisfied: numpy>=1.9.0 in /opt/apps/software/MPI/GCC/7.3.0/OpenMPI/3.1.2/Python/3.6.6/lib/python3.6/site-packages/numpy-1.15.0-py3.6-linux-x86_64.egg (from pandas) (1.15.0)
Requirement already satisfied: six>=1.5 in /opt/apps/software/MPI/GCC/7.3.0/OpenMPI/3.1.2/Python/3.6.6/lib/python3.6/site-packages/six-1.11.0-py3.6.egg (from python-dateutil>=2.5.0->pandas) (1.11.0)
Requirement already satisfied: pytesseract in /home/jcm10/.local/lib/python3.6/site-packages (0.2.9)
Requirement already satisfied: Pillow in /home/jcm10/.local/lib/python3.6/site-packages (from pytesseract) (6.1.0)
Requirement already satisfied: PyPDF2 in /home/jcm10/.local/lib/python3.6/site-packages (1.26.0)
37
inputs
Time for OCR: 93.64193987846375 , 1565975186.31939
Time for OCR: 77.15620231628418 , 1565975263.4756663
Time for OCR: 74.55784225463867 , 1565975338.0335524
Time for OCR: 96.4326844215393 , 1565975434.4662955
Time for OCR: 138.7964985370636 , 1565975573.2628374
Time for OCR: 114.08432149887085 , 1565975687.3472033
Time for OCR: 88.8995943069458 , 1565975776.246843
Time for OCR: 109.24394178390503 , 1565975885.490835
Time for OCR: 87.04373979568481 , 1565975972.534622
Time for OCR: 82.62061500549316 , 1565976055.1552832
Time for OCR: 130.10270190238953 , 1565976185.2580302
Time for OCR: 79.85751008987427 , 1565976265.1155987
Time for OCR: 103.48745226860046 , 1565976368.6031053
Time for OCR: 117.25018191337585 , 1565976485.8533356
Time for OCR: 121.81581377983093 , 1565976607.6692011
Time for OCR: 27.6232807636261 , 1565976635.2925344
Time for OCR: 100.3062846660614 , 1565976735.5988653
Time for OCR: 103.98685884475708 , 1565976839.5857685
Time for OCR: 89.0647988319397 , 1565976928.65062
Time for OCR: 61.09579634666443 , 1565976989.7464666
Time for OCR: 93.10751724243164 , 1565977082.854034
Time for OCR: 103.66302037239075 , 1565977186.517099
Time for OCR: 87.55771660804749 , 1565977274.0748692
Time for OCR: 96.28966760635376 , 1565977370.3645825
Time for OCR: 107.27089476585388 , 1565977477.6355395
Time for OCR: 110.92250895500183 , 1565977588.5581174
Time for OCR: 81.51405739784241 , 1565977670.0722265
Time for OCR: 80.40013909339905 , 1565977750.4724135
Time for OCR: 100.08626747131348 , 1565977850.5587316
Time for OCR: 92.17800426483154 , 1565977942.7367828
Time for OCR: 78.39647173881531 , 1565978021.1333
Time for OCR: 107.00204086303711 , 1565978128.135384
Time for OCR: 83.83077430725098 , 1565978211.9662147
Time for OCR: 93.91113877296448 , 1565978305.8773987
Time for OCR: 106.36380815505981 , 1565978412.2412534
Time for OCR: 87.02097058296204 , 1565978499.262268
Time for OCR: 107.48667550086975 , 1565978606.748992
Time for OCR: 80.87293982505798 , 1565978687.6219776
Time for OCR: 108.52674269676208 , 1565978796.1487646
Time for OCR: 105.01011085510254 , 1565978901.1589212
Time for OCR: 96.37205243110657 , 1565978997.5310242
Time for OCR: 132.90268182754517 , 1565979130.433753
Time for OCR: 93.14065337181091 , 1565979223.5744689
Time for OCR: 66.51238965988159 , 1565979290.0869062
Time for OCR: 39.831589698791504 , 1565979329.9185429
Time for OCR: 75.6659483909607 , 1565979405.5845468
Time for OCR: 71.45125222206116 , 1565979477.035863
Time for OCR: 49.12562799453735 , 1565979526.1615376
Time for OCR: 64.64616322517395 , 1565979590.807756
Time for OCR: 83.43356966972351 , 1565979674.241371
Time for OCR: 77.30634784698486 , 1565979751.5477679
Time for OCR: 94.80352926254272 , 1565979846.351342
Time for OCR: 82.65966582298279 , 1565979929.0110571
Time for OCR: 57.219051361083984 , 1565979986.2301545
Time for OCR: 79.10467958450317 , 1565980065.334883
Time for OCR: 78.76167607307434 , 1565980144.0966053
Time for OCR: 67.11405539512634 , 1565980211.210707
Time for OCR: 59.338643074035645 , 1565980270.5493944
Time for OCR: 82.5715639591217 , 1565980353.121006
Time for OCR: 80.31323194503784 , 1565980433.4342809
Time for OCR: 64.69477915763855 , 1565980498.1291032
Time for OCR: 39.85077118873596 , 1565980537.9799178
Time for OCR: 83.69080424308777 , 1565980621.6707668
Time for OCR: 51.265188455581665 , 1565980672.9360044
Time for OCR: 68.22909998893738 , 1565980741.1651504
Time for OCR: 86.74080896377563 , 1565980827.9060056
Time for OCR: 87.48486185073853 , 1565980915.3909173
Time for OCR: 76.20998120307922 , 1565980991.6009433
Time for OCR: 79.33471655845642 , 1565981070.9357023
Time for OCR: 64.5327844619751 , 1565981135.4685326
Time for OCR: 39.84809422492981 , 1565981175.316672
Time for OCR: 63.24999165534973 , 1565981238.5667098
Time for OCR: 80.10510516166687 , 1565981318.6718636
Time for OCR: 70.80137801170349 , 1565981389.473291
Time for OCR: 81.54772114753723 , 1565981471.0210557
Time for OCR: 44.87470102310181 , 1565981515.8958051
Time for OCR: 60.25288653373718 , 1565981576.1487374
Time for OCR: 62.30995035171509 , 1565981638.4587336
Time for OCR: 56.84858751296997 , 1565981695.3073688
Time for OCR: 90.97435998916626 , 1565981786.2817767
Time for OCR: 56.451956033706665 , 1565981842.7337785
Time for OCR: 78.28068685531616 , 1565981921.014509
Time for OCR: 81.21230626106262 , 1565982002.2268596
Time for OCR: 69.35538744926453 , 1565982071.5822895
