Requirement already satisfied: pandas in /opt/apps/software/MPI/GCC/7.3.0/OpenMPI/3.1.2/Python/3.6.6/lib/python3.6/site-packages/pandas-0.23.4-py3.6-linux-x86_64.egg (0.23.4)
Requirement already satisfied: python-dateutil>=2.5.0 in /opt/apps/software/MPI/GCC/7.3.0/OpenMPI/3.1.2/Python/3.6.6/lib/python3.6/site-packages/python_dateutil-2.7.3-py3.6.egg (from pandas) (2.7.3)
Requirement already satisfied: pytz>=2011k in /opt/apps/software/MPI/GCC/7.3.0/OpenMPI/3.1.2/Python/3.6.6/lib/python3.6/site-packages/pytz-2018.5-py3.6.egg (from pandas) (2018.5)
Requirement already satisfied: numpy>=1.9.0 in /opt/apps/software/MPI/GCC/7.3.0/OpenMPI/3.1.2/Python/3.6.6/lib/python3.6/site-packages/numpy-1.15.0-py3.6-linux-x86_64.egg (from pandas) (1.15.0)
Requirement already satisfied: six>=1.5 in /opt/apps/software/MPI/GCC/7.3.0/OpenMPI/3.1.2/Python/3.6.6/lib/python3.6/site-packages/six-1.11.0-py3.6.egg (from python-dateutil>=2.5.0->pandas) (1.11.0)
Requirement already satisfied: pytesseract in /home/jcm10/.local/lib/python3.6/site-packages (0.2.9)
Requirement already satisfied: Pillow in /home/jcm10/.local/lib/python3.6/site-packages (from pytesseract) (6.1.0)
Requirement already satisfied: PyPDF2 in /home/jcm10/.local/lib/python3.6/site-packages (1.26.0)
30
inputs
Time for OCR: 65.80898141860962 , 1565975158.4862072
Time for OCR: 82.88457679748535 , 1565975241.3708587
Time for OCR: 52.55937051773071 , 1565975293.9302838
Time for OCR: 114.2707769870758 , 1565975408.2011054
Time for OCR: 123.17654156684875 , 1565975531.3776906
Time for OCR: 76.2093915939331 , 1565975607.5871425
Time for OCR: 87.06121015548706 , 1565975694.6484005
Time for OCR: 67.76949667930603 , 1565975762.4179416
Time for OCR: 77.46588921546936 , 1565975839.883874
Time for OCR: 103.87605094909668 , 1565975943.7599692
Time for OCR: 99.59513711929321 , 1565976043.355154
Time for OCR: 104.52390909194946 , 1565976147.8791099
Time for OCR: 97.20224785804749 , 1565976245.0814052
Time for OCR: 90.51301264762878 , 1565976335.5944638
Time for OCR: 115.5389506816864 , 1565976451.1334605
Time for OCR: 91.71342921257019 , 1565976542.8469338
Time for OCR: 81.868980884552 , 1565976624.7159584
Time for OCR: 111.97140693664551 , 1565976736.6874106
Time for OCR: 72.55592823028564 , 1565976809.2433898
Time for OCR: 77.33176898956299 , 1565976886.5752034
Time for OCR: 124.22979068756104 , 1565977010.80504
Time for OCR: 57.87820506095886 , 1565977068.6832926
Time for OCR: 72.57946109771729 , 1565977141.2628071
Time for OCR: 95.81416702270508 , 1565977237.0770183
Time for OCR: 113.1207549571991 , 1565977350.197817
Time for OCR: 104.05726981163025 , 1565977454.2551355
Time for OCR: 86.24369406700134 , 1565977540.4988818
Time for OCR: 67.73775863647461 , 1565977608.2366822
Time for OCR: 71.54161500930786 , 1565977679.7783425
Time for OCR: 93.86283779144287 , 1565977773.6412277
Time for OCR: 122.83337306976318 , 1565977896.4746442
Time for OCR: 104.31734037399292 , 1565978000.7920346
Time for OCR: 88.0428113937378 , 1565978088.8348906
Time for OCR: 172.03597593307495 , 1565978260.8709111
Time for OCR: 105.09746265411377 , 1565978365.9684162
Time for OCR: 92.10048460960388 , 1565978458.068953
Time for OCR: 87.99292969703674 , 1565978546.061927
Time for OCR: 80.08948755264282 , 1565978626.151459
Time for OCR: 109.95139145851135 , 1565978736.1028976
Time for OCR: 82.74578714370728 , 1565978818.8487356
Time for OCR: 62.761157512664795 , 1565978881.6099422
Time for OCR: 103.93988370895386 , 1565978985.5498705
Time for OCR: 69.16974663734436 , 1565979054.7196596
Time for OCR: 71.77112436294556 , 1565979126.4908352
Time for OCR: 117.81622195243835 , 1565979244.3071055
Time for OCR: 72.11347079277039 , 1565979316.420621
Time for OCR: 62.249348163604736 , 1565979378.6700132
Time for OCR: 47.96440505981445 , 1565979426.6344595
Time for OCR: 57.15624809265137 , 1565979483.790751
Time for OCR: 75.60049200057983 , 1565979559.3913062
Time for OCR: 84.29310369491577 , 1565979643.6844635
Time for OCR: 77.8812563419342 , 1565979721.56577
Time for OCR: 95.79936504364014 , 1565979817.365177
Time for OCR: 78.50289964675903 , 1565979895.86812
Time for OCR: 90.29385805130005 , 1565979986.1620224
Time for OCR: 66.56480526924133 , 1565980052.7268746
Time for OCR: 62.921202659606934 , 1565980115.6481206
Time for OCR: 47.01035284996033 , 1565980162.658517
Time for OCR: 79.90120601654053 , 1565980242.5597677
Time for OCR: 77.47685670852661 , 1565980320.036675
Time for OCR: 108.65738105773926 , 1565980428.6941001
Time for OCR: 78.11090803146362 , 1565980506.8050525
Time for OCR: 30.658955812454224 , 1565980537.464051
Time for OCR: 66.56334567070007 , 1565980604.027446
Time for OCR: 73.73605728149414 , 1565980677.7635596
Time for OCR: 83.75342202186584 , 1565980761.517035
Time for OCR: 74.7216796875 , 1565980836.238764
Time for OCR: 74.1718270778656 , 1565980910.4106424
Time for OCR: 52.26052713394165 , 1565980962.6712155
Time for OCR: 53.6756637096405 , 1565981016.346923
Time for OCR: 59.45519685745239 , 1565981075.8021665
Time for OCR: 107.05040764808655 , 1565981182.8526177
Time for OCR: 64.64193391799927 , 1565981247.494605
Time for OCR: 77.54931116104126 , 1565981325.0439615
Time for OCR: 74.74493074417114 , 1565981399.788936
Time for OCR: 94.30948328971863 , 1565981494.0984638
Time for OCR: 62.17640829086304 , 1565981556.2749202
Time for OCR: 110.73389410972595 , 1565981667.00886
Time for OCR: 69.875905752182 , 1565981736.8848097
Time for OCR: 51.082974672317505 , 1565981787.9678257
Time for OCR: 70.01938581466675 , 1565981857.9872563
Time for OCR: 89.50976467132568 , 1565981947.4970624
Time for OCR: 85.21727395057678 , 1565982032.7143803
Time for OCR: 45.940895557403564 , 1565982078.6553218
