Requirement already satisfied: pandas in /opt/apps/software/MPI/GCC/7.3.0/OpenMPI/3.1.2/Python/3.6.6/lib/python3.6/site-packages/pandas-0.23.4-py3.6-linux-x86_64.egg (0.23.4)
Requirement already satisfied: python-dateutil>=2.5.0 in /opt/apps/software/MPI/GCC/7.3.0/OpenMPI/3.1.2/Python/3.6.6/lib/python3.6/site-packages/python_dateutil-2.7.3-py3.6.egg (from pandas) (2.7.3)
Requirement already satisfied: pytz>=2011k in /opt/apps/software/MPI/GCC/7.3.0/OpenMPI/3.1.2/Python/3.6.6/lib/python3.6/site-packages/pytz-2018.5-py3.6.egg (from pandas) (2018.5)
Requirement already satisfied: numpy>=1.9.0 in /opt/apps/software/MPI/GCC/7.3.0/OpenMPI/3.1.2/Python/3.6.6/lib/python3.6/site-packages/numpy-1.15.0-py3.6-linux-x86_64.egg (from pandas) (1.15.0)
Requirement already satisfied: six>=1.5 in /opt/apps/software/MPI/GCC/7.3.0/OpenMPI/3.1.2/Python/3.6.6/lib/python3.6/site-packages/six-1.11.0-py3.6.egg (from python-dateutil>=2.5.0->pandas) (1.11.0)
Requirement already satisfied: pytesseract in /home/jcm10/.local/lib/python3.6/site-packages (0.2.9)
Requirement already satisfied: Pillow in /home/jcm10/.local/lib/python3.6/site-packages (from pytesseract) (6.1.0)
Requirement already satisfied: PyPDF2 in /home/jcm10/.local/lib/python3.6/site-packages (1.26.0)
8
inputs
Time for OCR: 84.2984790802002 , 1565975177.2625337
Time for OCR: 110.3611888885498 , 1565975287.623789
Time for OCR: 137.64468455314636 , 1565975425.2685285
Time for OCR: 103.13345146179199 , 1565975528.4020205
Time for OCR: 95.48116898536682 , 1565975623.8832335
Time for OCR: 78.62986588478088 , 1565975702.5131392
Time for OCR: 98.33197712898254 , 1565975800.845159
Time for OCR: 93.86744546890259 , 1565975894.7126472
Time for OCR: 71.04665064811707 , 1565975965.7593422
Time for OCR: 79.62986159324646 , 1565976045.389246
Time for OCR: 70.96550178527832 , 1565976116.354792
Time for OCR: 83.07014036178589 , 1565976199.4249752
Time for OCR: 88.60203838348389 , 1565976288.0270524
Time for OCR: 104.26044154167175 , 1565976392.2875404
Time for OCR: 155.15079474449158 , 1565976547.4383862
Time for OCR: 44.08676052093506 , 1565976591.5251951
Time for OCR: 76.59303689002991 , 1565976668.118277
Time for OCR: 65.8318076133728 , 1565976733.9501307
Time for OCR: 81.29826045036316 , 1565976815.2484324
Time for OCR: 96.98835825920105 , 1565976912.2368362
Time for OCR: 90.16582417488098 , 1565977002.4027028
Time for OCR: 105.99050760269165 , 1565977108.3932552
Time for OCR: 78.42908835411072 , 1565977186.8223855
Time for OCR: 75.04812049865723 , 1565977261.8705506
Time for OCR: 94.06549549102783 , 1565977355.9360974
Time for OCR: 96.9229040145874 , 1565977452.8590438
Time for OCR: 64.09547305107117 , 1565977516.9545646
Time for OCR: 92.61965012550354 , 1565977609.574263
Time for OCR: 70.32469844818115 , 1565977679.8990188
Time for OCR: 82.00373435020447 , 1565977761.902804
Time for OCR: 102.76255249977112 , 1565977864.6654046
Time for OCR: 110.35093140602112 , 1565977975.0163782
Time for OCR: 79.88594651222229 , 1565978054.9023714
Time for OCR: 66.30303168296814 , 1565978121.205446
Time for OCR: 105.80967903137207 , 1565978227.015168
Time for OCR: 108.31903576850891 , 1565978335.3342445
Time for OCR: 78.11094641685486 , 1565978413.445244
Time for OCR: 107.72428011894226 , 1565978521.1695662
Time for OCR: 87.67510867118835 , 1565978608.844729
Time for OCR: 71.1426591873169 , 1565978679.987434
Time for OCR: 107.12758588790894 , 1565978787.1150603
Time for OCR: 88.2991509437561 , 1565978875.4142559
Time for OCR: 45.20269060134888 , 1565978920.6169875
Time for OCR: 66.32150197029114 , 1565978986.9385355
Time for OCR: 61.34364628791809 , 1565979048.2822278
Time for OCR: 85.92546200752258 , 1565979134.2077339
Time for OCR: 83.55286455154419 , 1565979217.7606423
Time for OCR: 81.5588788986206 , 1565979299.3195665
Time for OCR: 79.07612752914429 , 1565979378.3957381
Time for OCR: 86.90507316589355 , 1565979465.3008657
Time for OCR: 76.03646421432495 , 1565979541.3373737
Time for OCR: 58.277525901794434 , 1565979599.6149502
Time for OCR: 64.35242748260498 , 1565979663.9674265
Time for OCR: 54.50153970718384 , 1565979718.469008
Time for OCR: 61.45419406890869 , 1565979779.9232454
Time for OCR: 65.98326683044434 , 1565979845.9065523
Time for OCR: 96.93903136253357 , 1565979942.8456237
Time for OCR: 69.02998089790344 , 1565980011.8756444
Time for OCR: 78.4744131565094 , 1565980090.350101
Time for OCR: 73.20264554023743 , 1565980163.5527909
Time for OCR: 106.92257642745972 , 1565980270.4754167
Time for OCR: 64.77232789993286 , 1565980335.2477882
Time for OCR: 64.11319780349731 , 1565980399.3610287
Time for OCR: 61.57630228996277 , 1565980460.9373734
Time for OCR: 64.15924525260925 , 1565980525.0966632
Time for OCR: 25.943967819213867 , 1565980551.0406756
Time for OCR: 57.01260328292847 , 1565980608.0533311
Time for OCR: 55.15688467025757 , 1565980663.2102587
Time for OCR: 59.725141525268555 , 1565980722.9354413
Time for OCR: 68.65116119384766 , 1565980791.5866454
Time for OCR: 74.22232580184937 , 1565980865.809017
Time for OCR: 36.18620276451111 , 1565980901.9952648
Time for OCR: 41.289753437042236 , 1565980943.2850602
Time for OCR: 79.34885668754578 , 1565981022.6339653
Time for OCR: 63.6805100440979 , 1565981086.3145294
Time for OCR: 94.62050747871399 , 1565981180.9350977
Time for OCR: 75.38080954551697 , 1565981256.315949
Time for OCR: 83.1643979549408 , 1565981339.4804094
Time for OCR: 29.60142183303833 , 1565981369.0818918
Time for OCR: 74.26813054084778 , 1565981443.3500795
Time for OCR: 68.41913676261902 , 1565981511.7692676
Time for OCR: 67.97407865524292 , 1565981579.743409
Time for OCR: 63.293790340423584 , 1565981643.0372605
Time for OCR: 87.35336112976074 , 1565981730.3906734
Time for OCR: 17.72606110572815 , 1565981748.1167903
