Requirement already satisfied: pandas in /opt/apps/software/MPI/GCC/7.3.0/OpenMPI/3.1.2/Python/3.6.6/lib/python3.6/site-packages/pandas-0.23.4-py3.6-linux-x86_64.egg (0.23.4)
Requirement already satisfied: python-dateutil>=2.5.0 in /opt/apps/software/MPI/GCC/7.3.0/OpenMPI/3.1.2/Python/3.6.6/lib/python3.6/site-packages/python_dateutil-2.7.3-py3.6.egg (from pandas) (2.7.3)
Requirement already satisfied: pytz>=2011k in /opt/apps/software/MPI/GCC/7.3.0/OpenMPI/3.1.2/Python/3.6.6/lib/python3.6/site-packages/pytz-2018.5-py3.6.egg (from pandas) (2018.5)
Requirement already satisfied: numpy>=1.9.0 in /opt/apps/software/MPI/GCC/7.3.0/OpenMPI/3.1.2/Python/3.6.6/lib/python3.6/site-packages/numpy-1.15.0-py3.6-linux-x86_64.egg (from pandas) (1.15.0)
Requirement already satisfied: six>=1.5 in /opt/apps/software/MPI/GCC/7.3.0/OpenMPI/3.1.2/Python/3.6.6/lib/python3.6/site-packages/six-1.11.0-py3.6.egg (from python-dateutil>=2.5.0->pandas) (1.11.0)
Requirement already satisfied: pytesseract in /home/jcm10/.local/lib/python3.6/site-packages (0.2.9)
Requirement already satisfied: Pillow in /home/jcm10/.local/lib/python3.6/site-packages (from pytesseract) (6.1.0)
Requirement already satisfied: PyPDF2 in /home/jcm10/.local/lib/python3.6/site-packages (1.26.0)
40
inputs
Time for OCR: 138.47246050834656 , 1565975231.1944041
Time for OCR: 81.30230045318604 , 1565975312.496763
Time for OCR: 79.62979674339294 , 1565975392.1266093
Time for OCR: 100.92996406555176 , 1565975493.056618
Time for OCR: 84.30918216705322 , 1565975577.3658519
Time for OCR: 87.05462431907654 , 1565975664.4205198
Time for OCR: 84.47213053703308 , 1565975748.8926935
Time for OCR: 195.20674562454224 , 1565975944.0994875
Time for OCR: 71.8971996307373 , 1565976015.9967341
Time for OCR: 73.98508071899414 , 1565976089.9818614
Time for OCR: 114.52982068061829 , 1565976204.5117292
Time for OCR: 130.3561704158783 , 1565976334.867961
Time for OCR: 102.67799925804138 , 1565976437.546004
Time for OCR: 83.77917218208313 , 1565976521.325224
Time for OCR: 95.39745736122131 , 1565976616.7227275
Time for OCR: 76.89199423789978 , 1565976693.6147768
Time for OCR: 77.86661219596863 , 1565976771.4814453
Time for OCR: 99.56570816040039 , 1565976871.0472028
Time for OCR: 116.15046977996826 , 1565976987.197719
Time for OCR: 84.97009062767029 , 1565977072.167863
Time for OCR: 81.42317271232605 , 1565977153.5910823
Time for OCR: 99.85169863700867 , 1565977253.4428267
Time for OCR: 102.00046396255493 , 1565977355.4433398
Time for OCR: 112.325026512146 , 1565977467.7684128
Time for OCR: 104.1258864402771 , 1565977571.894347
Time for OCR: 122.33547759056091 , 1565977694.2298715
Time for OCR: 94.75814080238342 , 1565977788.9880607
Time for OCR: 79.09380626678467 , 1565977868.0819125
Time for OCR: 74.66334652900696 , 1565977942.7453108
Time for OCR: 89.28656506538391 , 1565978032.0319188
Time for OCR: 109.46606183052063 , 1565978141.498027
Time for OCR: 116.78905463218689 , 1565978258.287125
Time for OCR: 81.5279176235199 , 1565978339.815091
Time for OCR: 78.51314401626587 , 1565978418.3282807
Time for OCR: 123.71091175079346 , 1565978542.0392392
Time for OCR: 82.06093978881836 , 1565978624.1002247
Time for OCR: 88.32758712768555 , 1565978712.4278615
Time for OCR: 99.29051566123962 , 1565978811.7184224
Time for OCR: 112.51319909095764 , 1565978924.231668
Time for OCR: 132.49819564819336 , 1565979056.7299151
Time for OCR: 34.081040382385254 , 1565979090.8110054
Time for OCR: 134.7680311203003 , 1565979225.5790815
Time for OCR: 70.07707953453064 , 1565979295.65621
Time for OCR: 65.51175785064697 , 1565979361.1680148
Time for OCR: 70.74099206924438 , 1565979431.9090564
Time for OCR: 74.44581460952759 , 1565979506.3549156
Time for OCR: 54.94947957992554 , 1565979561.3044457
Time for OCR: 64.2790880203247 , 1565979625.5835772
Time for OCR: 77.53083181381226 , 1565979703.114468
Time for OCR: 57.295653343200684 , 1565979760.4101677
Time for OCR: 65.98751044273376 , 1565979826.3977308
Time for OCR: 74.05382251739502 , 1565979900.4516017
Time for OCR: 105.6142737865448 , 1565980006.0659206
Time for OCR: 60.81205463409424 , 1565980066.8780262
Time for OCR: 77.95566296577454 , 1565980144.8337352
Time for OCR: 76.39289855957031 , 1565980221.226681
Time for OCR: 58.30330991744995 , 1565980279.530035
Time for OCR: 77.9330141544342 , 1565980357.463094
Time for OCR: 63.66160178184509 , 1565980421.1247454
Time for OCR: 72.37025856971741 , 1565980493.4950492
Time for OCR: 96.18870830535889 , 1565980589.6838017
Time for OCR: 55.45150876045227 , 1565980645.1353543
Time for OCR: 115.91599583625793 , 1565980761.051393
Time for OCR: 68.28287506103516 , 1565980829.334311
Time for OCR: 75.96296811103821 , 1565980905.2973297
Time for OCR: 73.26239037513733 , 1565980978.5597687
Time for OCR: 69.35506510734558 , 1565981047.9148836
Time for OCR: 98.91559362411499 , 1565981146.8305228
Time for OCR: 65.96545171737671 , 1565981212.7960281
Time for OCR: 75.5574164390564 , 1565981288.3534954
Time for OCR: 70.55737066268921 , 1565981358.9109132
Time for OCR: 80.29302620887756 , 1565981439.2039828
Time for OCR: 90.81788492202759 , 1565981530.0219183
Time for OCR: 50.85004019737244 , 1565981580.8720057
Time for OCR: 73.68040013313293 , 1565981654.552455
Time for OCR: 72.06749629974365 , 1565981726.6199985
Time for OCR: 74.61369276046753 , 1565981801.233739
Time for OCR: 54.51384949684143 , 1565981855.7476308
Time for OCR: 51.154449224472046 , 1565981906.902123
Time for OCR: 87.72299385070801 , 1565981994.6251595
Time for OCR: 79.67381763458252 , 1565982074.2990222
Time for OCR: 68.85837912559509 , 1565982143.15744
Time for OCR: 58.80919408798218 , 1565982201.9666772
Time for OCR: 49.19173622131348 , 1565982251.158454
