Requirement already satisfied: pandas in /opt/apps/software/MPI/GCC/7.3.0/OpenMPI/3.1.2/Python/3.6.6/lib/python3.6/site-packages/pandas-0.23.4-py3.6-linux-x86_64.egg (0.23.4)
Requirement already satisfied: python-dateutil>=2.5.0 in /opt/apps/software/MPI/GCC/7.3.0/OpenMPI/3.1.2/Python/3.6.6/lib/python3.6/site-packages/python_dateutil-2.7.3-py3.6.egg (from pandas) (2.7.3)
Requirement already satisfied: pytz>=2011k in /opt/apps/software/MPI/GCC/7.3.0/OpenMPI/3.1.2/Python/3.6.6/lib/python3.6/site-packages/pytz-2018.5-py3.6.egg (from pandas) (2018.5)
Requirement already satisfied: numpy>=1.9.0 in /opt/apps/software/MPI/GCC/7.3.0/OpenMPI/3.1.2/Python/3.6.6/lib/python3.6/site-packages/numpy-1.15.0-py3.6-linux-x86_64.egg (from pandas) (1.15.0)
Requirement already satisfied: six>=1.5 in /opt/apps/software/MPI/GCC/7.3.0/OpenMPI/3.1.2/Python/3.6.6/lib/python3.6/site-packages/six-1.11.0-py3.6.egg (from python-dateutil>=2.5.0->pandas) (1.11.0)
Requirement already satisfied: pytesseract in /home/jcm10/.local/lib/python3.6/site-packages (0.2.9)
Requirement already satisfied: Pillow in /home/jcm10/.local/lib/python3.6/site-packages (from pytesseract) (6.1.0)
Requirement already satisfied: PyPDF2 in /home/jcm10/.local/lib/python3.6/site-packages (1.26.0)
5
inputs
Time for OCR: 90.97949838638306 , 1565975183.9464257
Time for OCR: 92.50179290771484 , 1565975276.4482896
Time for OCR: 90.46453857421875 , 1565975366.9128754
Time for OCR: 75.97549629211426 , 1565975442.8884158
Time for OCR: 145.7049217224121 , 1565975588.5933816
Time for OCR: 96.51968789100647 , 1565975685.1131182
Time for OCR: 88.6000657081604 , 1565975773.7132287
Time for OCR: 83.76913833618164 , 1565975857.482412
Time for OCR: 96.266441822052 , 1565975953.7488954
Time for OCR: 106.68482041358948 , 1565976060.4337583
Time for OCR: 87.3796751499176 , 1565976147.8134832
Time for OCR: 84.05787014961243 , 1565976231.871409
Time for OCR: 99.87546110153198 , 1565976331.7469146
Time for OCR: 100.2006242275238 , 1565976431.9475853
Time for OCR: 106.70947432518005 , 1565976538.6571105
Time for OCR: 86.81364321708679 , 1565976625.470797
Time for OCR: 88.68569850921631 , 1565976714.1565433
Time for OCR: 115.51176571846008 , 1565976829.6683576
Time for OCR: 105.94095063209534 , 1565976935.6093538
Time for OCR: 81.9547860622406 , 1565977017.5641832
Time for OCR: 99.86213040351868 , 1565977117.426371
Time for OCR: 117.43865513801575 , 1565977234.8650696
Time for OCR: 106.15263295173645 , 1565977341.017749
Time for OCR: 89.6770887374878 , 1565977430.694884
Time for OCR: 79.86455774307251 , 1565977510.559488
Time for OCR: 94.33379983901978 , 1565977604.8933423
Time for OCR: 72.94786643981934 , 1565977677.8412611
Time for OCR: 76.31102013587952 , 1565977754.1523335
Time for OCR: 93.6827826499939 , 1565977847.835162
Time for OCR: 82.04505324363708 , 1565977929.880262
Time for OCR: 89.34429907798767 , 1565978019.224618
Time for OCR: 67.29617595672607 , 1565978086.5208414
Time for OCR: 91.12244749069214 , 1565978177.6433399
Time for OCR: 76.58489727973938 , 1565978254.2282822
Time for OCR: 65.8631854057312 , 1565978320.0915155
Time for OCR: 92.35191464424133 , 1565978412.4434822
Time for OCR: 83.04960584640503 , 1565978495.493153
Time for OCR: 62.06821060180664 , 1565978557.5614057
Time for OCR: 70.23137068748474 , 1565978627.7928224
Time for OCR: 92.24645566940308 , 1565978720.039324
Time for OCR: 97.25590801239014 , 1565978817.2952766
Time for OCR: 78.15477156639099 , 1565978895.4500916
Time for OCR: 59.13911008834839 , 1565978954.5892441
Time for OCR: 59.26987051963806 , 1565979013.8591642
Time for OCR: 85.62976050376892 , 1565979099.488973
Time for OCR: 80.29579591751099 , 1565979179.784816
Time for OCR: 81.2856993675232 , 1565979261.0705616
Time for OCR: 58.17371320724487 , 1565979319.2443237
Time for OCR: 95.31227231025696 , 1565979414.556647
Time for OCR: 92.4920105934143 , 1565979507.048706
Time for OCR: 70.28810620307922 , 1565979577.3368614
Time for OCR: 63.27166295051575 , 1565979640.6085749
Time for OCR: 64.47460722923279 , 1565979705.083229
Time for OCR: 55.483941078186035 , 1565979760.5672133
Time for OCR: 46.82842254638672 , 1565979807.3956854
Time for OCR: 34.00498008728027 , 1565979841.4007065
Time for OCR: 26.29587411880493 , 1565979867.6966274
Time for OCR: 44.67222046852112 , 1565979912.3688917
Time for OCR: 68.62453770637512 , 1565979980.9934728
Time for OCR: 47.20534110069275 , 1565980028.198868
Time for OCR: 40.60522699356079 , 1565980068.8041422
Time for OCR: 85.28249430656433 , 1565980154.086681
Time for OCR: 64.78429532051086 , 1565980218.8710206
Time for OCR: 79.47039079666138 , 1565980298.3414545
Time for OCR: 64.38263773918152 , 1565980362.724166
Time for OCR: 70.32789850234985 , 1565980433.0521111
Time for OCR: 85.24869155883789 , 1565980518.3008528
Time for OCR: 68.42530727386475 , 1565980586.7262099
Time for OCR: 88.08934760093689 , 1565980674.815617
Time for OCR: 23.58427357673645 , 1565980698.3999345
Time for OCR: 46.5802059173584 , 1565980744.9801834
Time for OCR: 45.556379318237305 , 1565980790.5366054
Time for OCR: 50.615615129470825 , 1565980841.1522765
Time for OCR: 84.52568364143372 , 1565980925.6780038
Time for OCR: 73.23919367790222 , 1565980998.91724
Time for OCR: 56.11519765853882 , 1565981055.0324984
Time for OCR: 42.275187969207764 , 1565981097.3077512
Time for OCR: 55.955602407455444 , 1565981153.2634087
Time for OCR: 61.90498971939087 , 1565981215.1684427
Time for OCR: 50.58968234062195 , 1565981265.7581983
Time for OCR: 80.44550251960754 , 1565981346.203773
Time for OCR: 81.59697461128235 , 1565981427.8007965
Time for OCR: 89.5099892616272 , 1565981517.3108597
Time for OCR: 81.63429975509644 , 1565981598.9452136
Time for OCR: 85.55154037475586 , 1565981684.4968145
