Requirement already satisfied: pandas in /opt/apps/software/MPI/GCC/7.3.0/OpenMPI/3.1.2/Python/3.6.6/lib/python3.6/site-packages/pandas-0.23.4-py3.6-linux-x86_64.egg (0.23.4)
Requirement already satisfied: python-dateutil>=2.5.0 in /opt/apps/software/MPI/GCC/7.3.0/OpenMPI/3.1.2/Python/3.6.6/lib/python3.6/site-packages/python_dateutil-2.7.3-py3.6.egg (from pandas) (2.7.3)
Requirement already satisfied: pytz>=2011k in /opt/apps/software/MPI/GCC/7.3.0/OpenMPI/3.1.2/Python/3.6.6/lib/python3.6/site-packages/pytz-2018.5-py3.6.egg (from pandas) (2018.5)
Requirement already satisfied: numpy>=1.9.0 in /opt/apps/software/MPI/GCC/7.3.0/OpenMPI/3.1.2/Python/3.6.6/lib/python3.6/site-packages/numpy-1.15.0-py3.6-linux-x86_64.egg (from pandas) (1.15.0)
Requirement already satisfied: six>=1.5 in /opt/apps/software/MPI/GCC/7.3.0/OpenMPI/3.1.2/Python/3.6.6/lib/python3.6/site-packages/six-1.11.0-py3.6.egg (from python-dateutil>=2.5.0->pandas) (1.11.0)
Requirement already satisfied: pytesseract in /home/jcm10/.local/lib/python3.6/site-packages (0.2.9)
Requirement already satisfied: Pillow in /home/jcm10/.local/lib/python3.6/site-packages (from pytesseract) (6.1.0)
Requirement already satisfied: PyPDF2 in /home/jcm10/.local/lib/python3.6/site-packages (1.26.0)
41
inputs
Time for OCR: 109.96187686920166 , 1565975202.8140552
Time for OCR: 103.21656894683838 , 1565975306.0306969
Time for OCR: 108.92150020599365 , 1565975414.9522467
Time for OCR: 98.54197525978088 , 1565975513.4942646
Time for OCR: 98.58699631690979 , 1565975612.0813086
Time for OCR: 112.90133857727051 , 1565975724.982691
Time for OCR: 92.26998662948608 , 1565975817.252726
Time for OCR: 73.82078146934509 , 1565975891.0735495
Time for OCR: 70.59505009651184 , 1565975961.668659
Time for OCR: 44.39186716079712 , 1565976006.0605724
Time for OCR: 105.61641454696655 , 1565976111.677047
Time for OCR: 88.39342308044434 , 1565976200.070516
Time for OCR: 100.1928277015686 , 1565976300.2633896
Time for OCR: 126.62072563171387 , 1565976426.8841631
Time for OCR: 68.44891095161438 , 1565976495.3331244
Time for OCR: 88.88530921936035 , 1565976584.2184806
Time for OCR: 109.44722270965576 , 1565976693.6657522
Time for OCR: 108.72273564338684 , 1565976802.388537
Time for OCR: 98.48456883430481 , 1565976900.8731515
Time for OCR: 87.34274697303772 , 1565976988.2159479
Time for OCR: 95.96946573257446 , 1565977084.1854603
Time for OCR: 89.71304535865784 , 1565977173.8985522
Time for OCR: 117.27663779258728 , 1565977291.1752484
Time for OCR: 140.86145901679993 , 1565977432.0367546
Time for OCR: 111.78435325622559 , 1565977543.821163
Time for OCR: 75.12548208236694 , 1565977618.9466903
Time for OCR: 103.30446767807007 , 1565977722.251205
Time for OCR: 75.48248386383057 , 1565977797.7337332
Time for OCR: 63.50419783592224 , 1565977861.237981
Time for OCR: 86.188485622406 , 1565977947.4265182
Time for OCR: 86.05650782585144 , 1565978033.4830706
Time for OCR: 109.43015766143799 , 1565978142.913287
Time for OCR: 149.18642139434814 , 1565978292.099755
Time for OCR: 88.95785665512085 , 1565978381.0576568
Time for OCR: 129.0425751209259 , 1565978510.1002831
Time for OCR: 96.60416865348816 , 1565978606.7044961
Time for OCR: 105.95399355888367 , 1565978712.65854
Time for OCR: 109.46214723587036 , 1565978822.1207428
Time for OCR: 100.90424537658691 , 1565978923.0250342
Time for OCR: 106.1108546257019 , 1565979029.1359355
Time for OCR: 97.30841898918152 , 1565979126.4444118
Time for OCR: 94.70437598228455 , 1565979221.1488342
Time for OCR: 60.07963252067566 , 1565979281.228515
Time for OCR: 67.35886716842651 , 1565979348.587428
Time for OCR: 60.13440942764282 , 1565979408.7218845
Time for OCR: 52.197338342666626 , 1565979460.9192677
Time for OCR: 41.155029296875 , 1565979502.0743463
Time for OCR: 65.80897402763367 , 1565979567.8833663
Time for OCR: 70.16243577003479 , 1565979638.0458481
Time for OCR: 81.5790581703186 , 1565979719.6249545
Time for OCR: 74.1353132724762 , 1565979793.7603183
Time for OCR: 85.9592490196228 , 1565979879.719612
Time for OCR: 99.02267813682556 , 1565979978.7423344
Time for OCR: 90.82316565513611 , 1565980069.5655446
Time for OCR: 65.67476201057434 , 1565980135.2403703
Time for OCR: 53.16923260688782 , 1565980188.4096475
Time for OCR: 76.09198141098022 , 1565980264.5016742
Time for OCR: 66.8057234287262 , 1565980331.3074417
Time for OCR: 50.92903542518616 , 1565980382.236526
Time for OCR: 70.52946877479553 , 1565980452.7660398
Time for OCR: 63.88618016242981 , 1565980516.6522646
Time for OCR: 58.4563467502594 , 1565980575.1086597
Time for OCR: 91.62804627418518 , 1565980666.736756
Time for OCR: 103.31959629058838 , 1565980770.0563965
Time for OCR: 87.25178933143616 , 1565980857.3082335
Time for OCR: 70.20198655128479 , 1565980927.5102646
Time for OCR: 69.63163161277771 , 1565980997.1419485
Time for OCR: 71.08126163482666 , 1565981068.223254
Time for OCR: 68.42703461647034 , 1565981136.65035
Time for OCR: 86.07877278327942 , 1565981222.7291718
Time for OCR: 55.53215003013611 , 1565981278.261367
Time for OCR: 64.63096570968628 , 1565981342.8923874
Time for OCR: 80.7675371170044 , 1565981423.6599703
Time for OCR: 42.42072343826294 , 1565981466.0807378
Time for OCR: 81.74434614181519 , 1565981547.825136
Time for OCR: 59.00833296775818 , 1565981606.8335185
Time for OCR: 88.86216735839844 , 1565981695.6957295
Time for OCR: 112.36512637138367 , 1565981808.0609016
Time for OCR: 85.51865315437317 , 1565981893.5796037
Time for OCR: 68.67451930046082 , 1565981962.2541704
Time for OCR: 47.165749311447144 , 1565982009.4199643
Time for OCR: 70.68658709526062 , 1565982080.1065981
Time for OCR: 68.72725558280945 , 1565982148.8338985
Time for OCR: 54.28365159034729 , 1565982203.1175997
