Requirement already satisfied: pandas in /opt/apps/software/MPI/GCC/7.3.0/OpenMPI/3.1.2/Python/3.6.6/lib/python3.6/site-packages/pandas-0.23.4-py3.6-linux-x86_64.egg (0.23.4)
Requirement already satisfied: python-dateutil>=2.5.0 in /opt/apps/software/MPI/GCC/7.3.0/OpenMPI/3.1.2/Python/3.6.6/lib/python3.6/site-packages/python_dateutil-2.7.3-py3.6.egg (from pandas) (2.7.3)
Requirement already satisfied: pytz>=2011k in /opt/apps/software/MPI/GCC/7.3.0/OpenMPI/3.1.2/Python/3.6.6/lib/python3.6/site-packages/pytz-2018.5-py3.6.egg (from pandas) (2018.5)
Requirement already satisfied: numpy>=1.9.0 in /opt/apps/software/MPI/GCC/7.3.0/OpenMPI/3.1.2/Python/3.6.6/lib/python3.6/site-packages/numpy-1.15.0-py3.6-linux-x86_64.egg (from pandas) (1.15.0)
Requirement already satisfied: six>=1.5 in /opt/apps/software/MPI/GCC/7.3.0/OpenMPI/3.1.2/Python/3.6.6/lib/python3.6/site-packages/six-1.11.0-py3.6.egg (from python-dateutil>=2.5.0->pandas) (1.11.0)
Requirement already satisfied: pytesseract in /home/jcm10/.local/lib/python3.6/site-packages (0.2.9)
Requirement already satisfied: Pillow in /home/jcm10/.local/lib/python3.6/site-packages (from pytesseract) (6.1.0)
Requirement already satisfied: PyPDF2 in /home/jcm10/.local/lib/python3.6/site-packages (1.26.0)
45
inputs
Time for OCR: 88.16439986228943 , 1565975180.8225818
Time for OCR: 107.90525221824646 , 1565975288.727902
Time for OCR: 74.33012437820435 , 1565975363.0580685
Time for OCR: 88.21158409118652 , 1565975451.269692
Time for OCR: 74.82907819747925 , 1565975526.0988114
Time for OCR: 59.553075551986694 , 1565975585.6519287
Time for OCR: 84.84666895866394 , 1565975670.4986389
Time for OCR: 61.65457010269165 , 1565975732.153247
Time for OCR: 52.070006132125854 , 1565975784.2232955
Time for OCR: 60.706812620162964 , 1565975844.9301498
Time for OCR: 73.42130517959595 , 1565975918.3514996
Time for OCR: 90.13885736465454 , 1565976008.4904046
Time for OCR: 63.79241418838501 , 1565976072.282861
Time for OCR: 66.24752855300903 , 1565976138.5304315
Time for OCR: 62.77316951751709 , 1565976201.3036454
Time for OCR: 56.15204381942749 , 1565976257.4557307
Time for OCR: 29.275243043899536 , 1565976286.7310221
Time for OCR: 66.78482437133789 , 1565976353.51589
Time for OCR: 62.9229679107666 , 1565976416.4388998
Time for OCR: 61.29673910140991 , 1565976477.7356803
Time for OCR: 89.43135643005371 , 1565976567.1670783
Time for OCR: 110.70950412750244 , 1565976677.876634
Time for OCR: 74.76745843887329 , 1565976752.6441352
Time for OCR: 64.58412456512451 , 1565976817.228301
Time for OCR: 24.303959369659424 , 1565976841.532301
Time for OCR: 51.79621076583862 , 1565976893.32856
Time for OCR: 82.48111629486084 , 1565976975.8097281
Time for OCR: 76.79322504997253 , 1565977052.6029983
Time for OCR: 136.12608861923218 , 1565977188.729136
Time for OCR: 68.77851557731628 , 1565977257.5077057
Time for OCR: 89.36848592758179 , 1565977346.8762374
Time for OCR: 93.56418538093567 , 1565977440.4404752
Time for OCR: 59.36753559112549 , 1565977499.8080564
Time for OCR: 67.49552750587463 , 1565977567.3036222
Time for OCR: 78.2287085056305 , 1565977645.532376
Time for OCR: 59.51016092300415 , 1565977705.0425782
Time for OCR: 62.71378993988037 , 1565977767.756431
Time for OCR: 73.53362131118774 , 1565977841.2900946
Time for OCR: 78.50077652931213 , 1565977919.7909138
Time for OCR: 84.27053475379944 , 1565978004.06149
Time for OCR: 72.4005937576294 , 1565978076.4621258
Time for OCR: 75.94569206237793 , 1565978152.407862
Time for OCR: 51.174211502075195 , 1565978203.5821187
Time for OCR: 51.470174074172974 , 1565978255.0523329
Time for OCR: 63.249274015426636 , 1565978318.301647
Time for OCR: 67.96698498725891 , 1565978386.2686741
Time for OCR: 55.0433874130249 , 1565978441.312104
Time for OCR: 48.10250163078308 , 1565978489.414645
Time for OCR: 51.47209692001343 , 1565978540.8867831
Time for OCR: 49.005122661590576 , 1565978589.8919485
Time for OCR: 41.70688056945801 , 1565978631.5988743
Time for OCR: 59.33775997161865 , 1565978690.9366746
Time for OCR: 179.3742070198059 , 1565978870.3109224
Time for OCR: 40.07682394981384 , 1565978910.3877904
Time for OCR: 65.37407493591309 , 1565978975.7619052
Time for OCR: 38.574912786483765 , 1565979014.336863
Time for OCR: 53.429914712905884 , 1565979067.766818
Time for OCR: 74.07087206840515 , 1565979141.8377323
Time for OCR: 34.35654139518738 , 1565979176.1943185
Time for OCR: 44.61135387420654 , 1565979220.8057141
Time for OCR: 56.87592029571533 , 1565979277.681674
Time for OCR: 52.942057609558105 , 1565979330.6237762
Time for OCR: 56.31631374359131 , 1565979386.9401357
Time for OCR: 30.43198251724243 , 1565979417.3721635
Time for OCR: 50.584150075912476 , 1565979467.9563565
Time for OCR: 58.36115550994873 , 1565979526.3175561
Time for OCR: 75.315505027771 , 1565979601.63312
Time for OCR: 77.2310140132904 , 1565979678.8642185
Time for OCR: 75.33563351631165 , 1565979754.199929
Time for OCR: 58.163384199142456 , 1565979812.3633785
Time for OCR: 99.95161843299866 , 1565979912.3150604
Time for OCR: 68.19697380065918 , 1565979980.512122
Time for OCR: 80.9556040763855 , 1565980061.467818
Time for OCR: 63.43944811820984 , 1565980124.9073389
Time for OCR: 81.94087719917297 , 1565980206.8483226
Time for OCR: 58.75728917121887 , 1565980265.6057084
Time for OCR: 69.50865197181702 , 1565980335.1144173
Time for OCR: 59.425578355789185 , 1565980394.5400543
Time for OCR: 97.56274485588074 , 1565980492.102867
Time for OCR: 85.45940732955933 , 1565980577.56233
Time for OCR: 23.405603170394897 , 1565980600.9680185
Time for OCR: 57.20076942443848 , 1565980658.1688547
Time for OCR: 55.147398471832275 , 1565980713.3163111
Time for OCR: 68.60223364830017 , 1565980781.9186122
